INFO-FLOW: Workspace C:/HLS/PID/pid/solution1 opened at Mon Jul 19 21:41:20 +0100 2021
Execute     ap_set_clock -name default -period 10 -default=false 
INFO: [SYN 201-201] Setting up clock 'default' with a period of 10ns.
Execute     set_part xc7z007s-clg400-1 
Execute       create_platform xc7z007s-clg400-1 -board  
DBG:HLSDevice: Trying to load device library: C:/Xilinx/Vitis_HLS/2021.1\lib\win64.o\librdi_hlsvwrap.dll
DBG:HLSDevice: first parts/arch.xml in RDI_DATADIR: C:/Xilinx/Vivado/2021.1/data/parts/arch.xml
DBG:HLSDevice: init success
Execute         source C:/Xilinx/Vitis_HLS/2021.1/common/technology/xilinx/DSP48/dsp48.hlp 
Execute         source C:/Xilinx/Vitis_HLS/2021.1/common/technology/xilinx/DSP48/zynq_dsp48e1.hlp 
INFO: [HLS 200-1611] Setting target device to 'xc7z007s-clg400-1'
Command       create_platform done; 1.123 sec.
Execute       source C:/Xilinx/Vitis_HLS/2021.1/common/technology/xilinx/common/xilinx.gen 
Execute         source C:/Xilinx/Vitis_HLS/2021.1/common/technology/xilinx/interface/plb46.gen 
Execute         source C:/Xilinx/Vitis_HLS/2021.1/common/technology/xilinx/interface/axi4.gen 
Execute         source C:/Xilinx/Vitis_HLS/2021.1/common/technology/xilinx/interface/nativeAXI4.gen 
Execute           source C:/Xilinx/Vitis_HLS/2021.1/common/technology/xilinx/interface/saxilite.gen 
Execute           source C:/Xilinx/Vitis_HLS/2021.1/common/technology/xilinx/interface/maxi.gen 
Execute         source C:/Xilinx/Vitis_HLS/2021.1/common/technology/xilinx/scripts/xilinxcoregen.gen 
Execute         source C:/Xilinx/Vitis_HLS/2021.1/common/technology/xilinx/interface/XilEDKCoreGen.gen 
Execute         source C:/Xilinx/Vitis_HLS/2021.1/common/technology/xilinx/ip/dds_compiler.gen 
Execute         source C:/Xilinx/Vitis_HLS/2021.1/common/technology/xilinx/ip/util.gen 
Execute         source C:/Xilinx/Vitis_HLS/2021.1/common/technology/xilinx/ip/xfft.gen 
Execute         source C:/Xilinx/Vitis_HLS/2021.1/common/technology/xilinx/ip/xfir.gen 
Execute         source C:/Xilinx/Vitis_HLS/2021.1/common/technology/xilinx/DSP48/dsp48.gen 
Command       ap_source done; 0.115 sec.
Execute       ap_part_info -name xc7z007s-clg400-1 -data info 
Execute       config_compile -quiet -complex-mul-dsp=0 
Command     set_part done; 1.257 sec.
Execute     send_msg_by_id INFO @200-1505@%s%s  vivado 
INFO: [HLS 200-1505] Using flow_target 'vivado'
Execute     get_config_interface -m_axi_latency 
Execute     get_config_interface -m_axi_alignment_byte_size 
Execute     get_config_interface -m_axi_max_widen_bitwidth 
Execute     get_config_interface -default_interface 
Execute     get_config_rtl -register_reset_num 
Execute     send_msg_by_id INFO @200-1464@%s config_export -format=ip_catalog 
INFO: [HLS 200-1464] Running solution command: config_export -format=ip_catalog
Execute     config_export -format=ip_catalog 
Execute     send_msg_by_id INFO @200-1464@%s config_export -output=C:/HLS/PID/PID.zip 
INFO: [HLS 200-1464] Running solution command: config_export -output=C:/HLS/PID/PID.zip
Execute     config_export -output=C:/HLS/PID/PID.zip 
Execute     send_msg_by_id INFO @200-1464@%s config_export -rtl=verilog 
INFO: [HLS 200-1464] Running solution command: config_export -rtl=verilog
Execute     config_export -rtl=verilog 
Command   open_solution done; 1.288 sec.
Execute   set_part xc7z007sclg400-1 
INFO: [HLS 200-1510] Running: set_part xc7z007sclg400-1 
Execute     create_platform xc7z007sclg400-1 -board  
Execute       source C:/Xilinx/Vitis_HLS/2021.1/common/technology/xilinx/DSP48/dsp48.hlp 
Execute       source C:/Xilinx/Vitis_HLS/2021.1/common/technology/xilinx/DSP48/zynq_dsp48e1.hlp 
Execute     source C:/Xilinx/Vitis_HLS/2021.1/common/technology/xilinx/common/xilinx.gen 
Execute       source C:/Xilinx/Vitis_HLS/2021.1/common/technology/xilinx/interface/plb46.gen 
Execute       source C:/Xilinx/Vitis_HLS/2021.1/common/technology/xilinx/interface/axi4.gen 
Execute       source C:/Xilinx/Vitis_HLS/2021.1/common/technology/xilinx/interface/nativeAXI4.gen 
Execute         source C:/Xilinx/Vitis_HLS/2021.1/common/technology/xilinx/interface/saxilite.gen 
Execute         source C:/Xilinx/Vitis_HLS/2021.1/common/technology/xilinx/interface/maxi.gen 
Execute       source C:/Xilinx/Vitis_HLS/2021.1/common/technology/xilinx/scripts/xilinxcoregen.gen 
Execute       source C:/Xilinx/Vitis_HLS/2021.1/common/technology/xilinx/interface/XilEDKCoreGen.gen 
Execute       source C:/Xilinx/Vitis_HLS/2021.1/common/technology/xilinx/ip/dds_compiler.gen 
Execute       source C:/Xilinx/Vitis_HLS/2021.1/common/technology/xilinx/ip/util.gen 
Execute       source C:/Xilinx/Vitis_HLS/2021.1/common/technology/xilinx/ip/xfft.gen 
Execute       source C:/Xilinx/Vitis_HLS/2021.1/common/technology/xilinx/ip/xfir.gen 
Execute       source C:/Xilinx/Vitis_HLS/2021.1/common/technology/xilinx/DSP48/dsp48.gen 
Command     ap_source done; 0.11 sec.
Execute     ap_part_info -name xc7z007s-clg400-1 -data info 
Execute     config_compile -quiet -complex-mul-dsp=0 
Command   set_part done; 0.146 sec.
Execute   create_clock -period 10 -name default 
INFO: [HLS 200-1510] Running: create_clock -period 10 -name default 
Execute   config_export -format ip_catalog -output C:/HLS/PID/PID.zip -rtl verilog 
INFO: [HLS 200-1510] Running: config_export -format ip_catalog -output C:/HLS/PID/PID.zip -rtl verilog 
Execute   source ./pid/solution1/directives.tcl 
Execute     set_directive_top -name PID PID 
INFO: [HLS 200-1510] Running: set_directive_top -name PID PID 
Execute   csynth_design 
INFO: [HLS 200-1510] Running: csynth_design 
Execute     get_config_compile -effort 
Execute     get_config_compile -enable_clang39 
Execute     get_config_compile -g 
Execute     get_config_compile -hw_syn 
Execute     get_config_compile -ng 
Execute     get_config_compile -opt_fp 
Execute     get_config_compile -skip_cdt 
Execute     get_config_compile -skip_syncheck 
Execute     get_config_compile -skip_transform 
Execute     get_config_compile -pre_tcl 
Execute     get_config_compile -keep_printf 
Execute     elaborate -effort=medium -skip_syncheck=0 -keep_printf=0 -skip_cdt=0 -skip_transform=0 -ng=0 -g=0 -opt_fp=0 -from_csynth_design=1 
INFO: [HLS 200-111] Finished File checks and directory preparation: CPU user time: 0 seconds. CPU system time: 0 seconds. Elapsed time: 0.097 seconds; current allocated memory: 1.052 GB.
INFO: [HLS 200-10] Analyzing design file 'pid.cpp' ... 
INFO-FLOW: Compiling one TU...
Execute       get_config_compile -pragma_strict_mode 
INFO-FLOW: Handling pid.cpp as C++
Execute       ap_part_info -name xc7z007s-clg400-1 -data info 
INFO-FLOW: Running: GCC PP 39
INFO-FLOW: Source preprocessing
Execute       ap_eval exec -ignorestderr C:/Xilinx/Vitis_HLS/2021.1/win64/tools/clang-3.9-csynth/bin/clang pid.cpp -foptimization-record-file=C:/HLS/PID/pid/solution1/.autopilot/db/clang.pid.cpp.diag.yml -mllvm -pass-remarks-missed=reflow|pasta|unroll -mllvm -pass-remarks=reflow|pasta|unroll|inline -fno-limit-debug-info --sysroot C:/Xilinx/Vitis_HLS/2021.1/tps/mingw/6.2.0/win64.o/nt -fhls -fno-exceptions -E -fno-math-errno -c -emit-llvm -mllvm -disable-llvm-optzns -Werror=implicit-function-declaration -Werror=implicit-hls-streams -Werror=return-type -Wpragmas -Wunused-parameter -fno-threadsafe-statics -fno-use-cxa-atexit -std=gnu++14 -target fpga64-xilinx-mingw32 -fno-threadsafe-statics -fno-use-cxa-atexit -I C:/Xilinx/Vitis_HLS/2021.1/common/technology/autopilot/39 -D__VITIS_HLS__ -DAESL_SYN -D__SYNTHESIS__ -D__HLS_SYN__ -I C:/Xilinx/Vitis_HLS/2021.1/common/technology/autopilot -I C:/Xilinx/Vitis_HLS/2021.1/common/technology/autopilot/ap_sysc -include etc/autopilot_ssdm_op.h -D__DSP48E1__ -I /usr/include/x86_64-linux-gnu -o C:/HLS/PID/pid/solution1/.autopilot/db/pid.pp.0.cpp -hls-platform-db-name=C:/Xilinx/Vitis_HLS/2021.1/common/technology/xilinx/common/platform.db -hls-platform-name=zynq_slow > C:/HLS/PID/pid/solution1/.autopilot/db/clang.pid.cpp.out.log 2> C:/HLS/PID/pid/solution1/.autopilot/db/clang.pid.cpp.err.log 
Command       ap_eval done; 0.801 sec.
INFO-FLOW: Done: GCC PP 39 time: 0.8 seconds per iteration
Execute       set_directive_top PID -name=PID 
Execute       source C:/Xilinx/Vitis_HLS/2021.1/tps/tcl/tcllib1.11.1/yaml/huddle.tcl 
Execute       source C:/Xilinx/Vitis_HLS/2021.1/tps/tcl/tcllib1.11.1/yaml/json2huddle.tcl 
Execute         source C:/Xilinx/Vitis_HLS/2021.1/tps/tcl/tcllib1.11.1/try/try.tcl 
Execute       list_core -type functional_unit 
Execute       ap_eval exec -ignorestderr C:/Xilinx/Vitis_HLS/2021.1/win64/tools/clang-3.9-csynth/bin/clang -foptimization-record-file=C:/HLS/PID/pid/solution1/.autopilot/db/clang.diag.yml -mllvm -pass-remarks-missed=reflow|pasta|unroll -mllvm -pass-remarks=reflow|pasta|unroll|inline -fsyntax-only -fhls -target fpga64-xilinx-linux-gnu C:/HLS/PID/pid/solution1/.autopilot/db/pid.pp.0.cpp -hls-platform-db-name=C:/Xilinx/Vitis_HLS/2021.1/common/technology/xilinx/common/platform.db -hls-platform-name=zynq_slow > C:/HLS/PID/pid/solution1/.autopilot/db/clang.out.log 2> C:/HLS/PID/pid/solution1/.autopilot/db/clang.err.log 
Command       ap_eval done; 0.636 sec.
WARNING: [HLS 207-5528] Ignore interface attribute or pragma which is not used in top function: pid.cpp:15:9
Execute       clang_tidy xilinx-systemc-detector C:/HLS/PID/pid/solution1/.autopilot/db/pid.pp.0.cpp std=gnu++14 -target fpga  -directive=C:/HLS/PID/pid/solution1/.autopilot/db/.systemc_flag 
INFO-FLOW: exec C:/Xilinx/Vitis_HLS/2021.1/win64/tools/clang-3.9-csynth/bin/clang-tidy -header-filter=.* --checks=-*,xilinx-systemc-detector -import-directive=C:/HLS/PID/pid/solution1/.autopilot/db/.systemc_flag -fix-errors C:/HLS/PID/pid/solution1/.autopilot/db/pid.pp.0.cpp -- -std=gnu++14 -target fpga -fhls -ferror-limit=0
Command       clang_tidy done; 0.211 sec.
INFO-FLOW: Running: clang-tidy CDT preprocess 39
Execute       clang_tidy xilinx-directive2pragma C:/HLS/PID/pid/solution1/.autopilot/db/pid.pp.0.cpp std=gnu++14 -target fpga  -directive=C:/HLS/PID/pid/solution1/.autopilot/db/all.directive.json 
INFO-FLOW: exec C:/Xilinx/Vitis_HLS/2021.1/win64/tools/clang-3.9-csynth/bin/clang-tidy -header-filter=.* --checks=-*,xilinx-directive2pragma -import-directive=C:/HLS/PID/pid/solution1/.autopilot/db/all.directive.json -fix-errors C:/HLS/PID/pid/solution1/.autopilot/db/pid.pp.0.cpp -- -std=gnu++14 -target fpga -fhls -ferror-limit=0
Execute       clang_tidy xilinx-constantarray-param,xilinx-remove-assert C:/HLS/PID/pid/solution1/.autopilot/db/pid.pp.0.cpp std=gnu++14 -target fpga  
INFO-FLOW: exec C:/Xilinx/Vitis_HLS/2021.1/win64/tools/clang-3.9-csynth/bin/clang-tidy -header-filter=.* --checks=-*,xilinx-constantarray-param,xilinx-remove-assert -fix-errors C:/HLS/PID/pid/solution1/.autopilot/db/pid.pp.0.cpp -- -std=gnu++14 -target fpga -fhls -ferror-limit=0
INFO-FLOW: Done: clang-tidy CDT preprocess 39 time: 0.1 seconds per iteration
INFO-FLOW: Calling xilinx-label-all-loops ... 
INFO-FLOW: Calling xilinx-aggregate-on-hls-vector ... 
Execute       clang_tidy -errorcheck xilinx-label-all-loops,xilinx-aggregate-on-hls-vector,,xilinx-warn-mayneed-no-ctor-attribute C:/HLS/PID/pid/solution1/.autopilot/db/pid.pp.0.cpp std=gnu++14 -target fpga  
Execute         ap_eval exec -ignorestderr C:/Xilinx/Vitis_HLS/2021.1/win64/tools/clang-3.9-csynth/bin/clang-tidy -export-fixes=C:/HLS/PID/pid/solution1/.autopilot/db/clang-tidy.pid.pp.0.cpp.diag.yml -header-filter=.* --checks=-*,xilinx-label-all-loops,xilinx-aggregate-on-hls-vector,,xilinx-warn-mayneed-no-ctor-attribute -fix-errors C:/HLS/PID/pid/solution1/.autopilot/db/pid.pp.0.cpp -- -std=gnu++14 -target fpga -fhls -ferror-limit=0 > C:/HLS/PID/pid/solution1/.autopilot/db/clang-tidy.pid.pp.0.cpp.out.log 2> C:/HLS/PID/pid/solution1/.autopilot/db/clang-tidy.pid.pp.0.cpp.err.log 
Execute       get_config_dataflow -strict_mode 
Execute       ap_eval exec -ignorestderr C:/Xilinx/Vitis_HLS/2021.1/win64/tools/clang-3.9-csynth/bin/xilinx-dataflow-lawyer -export-fixes=C:/HLS/PID/pid/solution1/.autopilot/db/xilinx-dataflow-lawyer.pid.pp.0.cpp.diag.yml C:/HLS/PID/pid/solution1/.autopilot/db/pid.pp.0.cpp -- -std=gnu++14 -target fpga -fhls -ferror-limit=0 -fstrict-dataflow > C:/HLS/PID/pid/solution1/.autopilot/db/xilinx-dataflow-lawyer.pid.pp.0.cpp.out.log 2> C:/HLS/PID/pid/solution1/.autopilot/db/xilinx-dataflow-lawyer.pid.pp.0.cpp.err.log 
Command       ap_eval done; 0.184 sec.
Execute       ap_part_info -name xc7z007s-clg400-1 -data info 
INFO-FLOW: compiling source code to llvm bc
Execute       ap_eval exec -ignorestderr C:/Xilinx/Vitis_HLS/2021.1/win64/tools/clang-3.9-csynth/bin/clang -foptimization-record-file=C:/HLS/PID/pid/solution1/.autopilot/db/clang.pid.pp.0.cpp.diag.yml -mllvm -pass-remarks-missed=reflow|pasta|unroll -mllvm -pass-remarks=reflow|pasta|unroll|inline -fno-limit-debug-info -fhls -flto -fno-exceptions -Wno-error=c++11-narrowing C:/HLS/PID/pid/solution1/.autopilot/db/pid.pp.0.cpp -fno-math-errno -c -emit-llvm -mllvm -disable-llvm-optzns -Werror=implicit-function-declaration -Werror=implicit-hls-streams -Werror=return-type -Wpragmas -Wunused-parameter -fno-threadsafe-statics -fno-use-cxa-atexit -std=gnu++14 -target fpga64-xilinx-linux-gnu -D__VITIS_HLS__ -DAESL_SYN -D__SYNTHESIS__ -D__HLS_SYN__ -I C:/Xilinx/Vitis_HLS/2021.1/common/technology/autopilot -I C:/Xilinx/Vitis_HLS/2021.1/common/technology/autopilot/ap_sysc -include etc/autopilot_ssdm_op.h -D__DSP48E1__ -g -o C:/HLS/PID/pid/solution1/.autopilot/db/pid.bc -hls-platform-db-name=C:/Xilinx/Vitis_HLS/2021.1/common/technology/xilinx/common/platform.db -hls-platform-name=zynq_slow > C:/HLS/PID/pid/solution1/.autopilot/db/clang.pid.pp.0.cpp.out.log 2> C:/HLS/PID/pid/solution1/.autopilot/db/clang.pid.pp.0.cpp.err.log 
Command       ap_eval done; 0.663 sec.
INFO: [HLS 200-111] Finished Source Code Analysis and Preprocessing: CPU user time: 1 seconds. CPU system time: 0 seconds. Elapsed time: 2.848 seconds; current allocated memory: 186.742 MB.
INFO-FLOW: Linking Debug ...
INFO-FLOW: Linking dut bc code.
Execute       run_link_or_opt -out C:/HLS/PID/pid/solution1/.autopilot/db/a.g.ld.0.bc -args  "C:/HLS/PID/pid/solution1/.autopilot/db/pid.g.bc"  
Execute         ap_eval exec -ignorestderr C:/Xilinx/Vitis_HLS/2021.1/win64/tools/clang-3.9-csynth/bin/llvm-link C:/HLS/PID/pid/solution1/.autopilot/db/pid.g.bc -o C:/HLS/PID/pid/solution1/.autopilot/db/a.g.ld.0.bc > C:/HLS/PID/pid/solution1/.autopilot/db/llvm-link.a.g.ld.0.bc.out.log 2> C:/HLS/PID/pid/solution1/.autopilot/db/llvm-link.a.g.ld.0.bc.err.log 
INFO-FLOW: 
Command       run_link_or_opt done; 0.101 sec.
Execute       run_link_or_opt -opt -out C:/HLS/PID/pid/solution1/.autopilot/db/a.g.ld.1.lower.bc -args C:/HLS/PID/pid/solution1/.autopilot/db/a.g.ld.0.bc -reflow-lower-math-intrinsics 
Execute         ap_eval exec -ignorestderr C:/Xilinx/Vitis_HLS/2021.1/win64/tools/clang-3.9-csynth/bin/opt -pass-remarks-missed=reflow|pasta|unroll -pass-remarks=reflow|pasta|unroll|inline -pass-remarks-output=C:/HLS/PID/pid/solution1/.autopilot/db/opt.a.g.ld.1.lower.bc.diag.yml C:/HLS/PID/pid/solution1/.autopilot/db/a.g.ld.0.bc -reflow-lower-math-intrinsics -o C:/HLS/PID/pid/solution1/.autopilot/db/a.g.ld.1.lower.bc > C:/HLS/PID/pid/solution1/.autopilot/db/opt.a.g.ld.1.lower.bc.out.log 2> C:/HLS/PID/pid/solution1/.autopilot/db/opt.a.g.ld.1.lower.bc.err.log 
Command         ap_eval done; 0.181 sec.
INFO-FLOW: 
Command       run_link_or_opt done; 0.183 sec.
INFO-FLOW: Linking math bc lib
Execute       run_link_or_opt -out C:/HLS/PID/pid/solution1/.autopilot/db/a.g.ld.2.m1.bc -args C:/HLS/PID/pid/solution1/.autopilot/db/a.g.ld.1.lower.bc -only-needed C:/Xilinx/Vitis_HLS/2021.1/win64/lib/libhlsm_39.bc C:/Xilinx/Vitis_HLS/2021.1/win64/lib/libhlsmc++_39.bc 
Execute         ap_eval exec -ignorestderr C:/Xilinx/Vitis_HLS/2021.1/win64/tools/clang-3.9-csynth/bin/llvm-link C:/HLS/PID/pid/solution1/.autopilot/db/a.g.ld.1.lower.bc -only-needed C:/Xilinx/Vitis_HLS/2021.1/win64/lib/libhlsm_39.bc C:/Xilinx/Vitis_HLS/2021.1/win64/lib/libhlsmc++_39.bc -o C:/HLS/PID/pid/solution1/.autopilot/db/a.g.ld.2.m1.bc > C:/HLS/PID/pid/solution1/.autopilot/db/llvm-link.a.g.ld.2.m1.bc.out.log 2> C:/HLS/PID/pid/solution1/.autopilot/db/llvm-link.a.g.ld.2.m1.bc.err.log 
Command         ap_eval done; 3.023 sec.
INFO-FLOW: 
Command       run_link_or_opt done; 3.025 sec.
Execute       run_link_or_opt -opt -out C:/HLS/PID/pid/solution1/.autopilot/db/a.g.ld.3.fpc.bc -args C:/HLS/PID/pid/solution1/.autopilot/db/a.g.ld.2.m1.bc -reflow-globaldce -hls-top-function-name=PID -reflow-float-conversion 
Execute         ap_eval exec -ignorestderr C:/Xilinx/Vitis_HLS/2021.1/win64/tools/clang-3.9-csynth/bin/opt -pass-remarks-missed=reflow|pasta|unroll -pass-remarks=reflow|pasta|unroll|inline -pass-remarks-output=C:/HLS/PID/pid/solution1/.autopilot/db/opt.a.g.ld.3.fpc.bc.diag.yml C:/HLS/PID/pid/solution1/.autopilot/db/a.g.ld.2.m1.bc -reflow-globaldce -hls-top-function-name=PID -reflow-float-conversion -o C:/HLS/PID/pid/solution1/.autopilot/db/a.g.ld.3.fpc.bc > C:/HLS/PID/pid/solution1/.autopilot/db/opt.a.g.ld.3.fpc.bc.out.log 2> C:/HLS/PID/pid/solution1/.autopilot/db/opt.a.g.ld.3.fpc.bc.err.log 
Command         ap_eval done; 0.889 sec.
INFO-FLOW: 
Command       run_link_or_opt done; 0.892 sec.
Execute       run_link_or_opt -out C:/HLS/PID/pid/solution1/.autopilot/db/a.g.ld.4.m2.bc -args C:/HLS/PID/pid/solution1/.autopilot/db/a.g.ld.3.fpc.bc -only-needed C:/Xilinx/Vitis_HLS/2021.1/win64/lib/libfloatconversion_39.bc 
Execute         ap_eval exec -ignorestderr C:/Xilinx/Vitis_HLS/2021.1/win64/tools/clang-3.9-csynth/bin/llvm-link C:/HLS/PID/pid/solution1/.autopilot/db/a.g.ld.3.fpc.bc -only-needed C:/Xilinx/Vitis_HLS/2021.1/win64/lib/libfloatconversion_39.bc -o C:/HLS/PID/pid/solution1/.autopilot/db/a.g.ld.4.m2.bc > C:/HLS/PID/pid/solution1/.autopilot/db/llvm-link.a.g.ld.4.m2.bc.out.log 2> C:/HLS/PID/pid/solution1/.autopilot/db/llvm-link.a.g.ld.4.m2.bc.err.log 
Command         ap_eval done; 0.101 sec.
INFO-FLOW: 
Command       run_link_or_opt done; 0.103 sec.
Execute       run_link_or_opt -opt -out C:/HLS/PID/pid/solution1/.autopilot/db/a.g.ld.5.gdce.bc -args C:/HLS/PID/pid/solution1/.autopilot/db/a.g.ld.4.m2.bc -reflow-globaldce -hls-top-function-name=PID 
Execute         ap_eval exec -ignorestderr C:/Xilinx/Vitis_HLS/2021.1/win64/tools/clang-3.9-csynth/bin/opt -pass-remarks-missed=reflow|pasta|unroll -pass-remarks=reflow|pasta|unroll|inline -pass-remarks-output=C:/HLS/PID/pid/solution1/.autopilot/db/opt.a.g.ld.5.gdce.bc.diag.yml C:/HLS/PID/pid/solution1/.autopilot/db/a.g.ld.4.m2.bc -reflow-globaldce -hls-top-function-name=PID -o C:/HLS/PID/pid/solution1/.autopilot/db/a.g.ld.5.gdce.bc > C:/HLS/PID/pid/solution1/.autopilot/db/opt.a.g.ld.5.gdce.bc.out.log 2> C:/HLS/PID/pid/solution1/.autopilot/db/opt.a.g.ld.5.gdce.bc.err.log 
INFO-FLOW: 
Execute       get_solution -flow_target 
Execute       get_config_export -xo 
Execute       get_config_export -format 
Execute       get_config_rtl -module_prefix 
Execute       get_config_interface -default_slave_interface 
Execute       get_solution -flow_target 
Execute       get_config_export -xo 
Execute       get_config_export -format 
Execute       get_config_interface -m_axi_offset 
Execute       get_config_interface -m_axi_latency 
Execute       get_config_interface -m_axi_alignment_byte_size 
Execute       get_config_interface -m_axi_min_bitwidth 
Execute       get_config_interface -m_axi_max_bitwidth 
Execute       get_config_interface -m_axi_max_widen_bitwidth 
Execute       get_config_interface -m_axi_num_read_outstanding 
Execute       get_config_interface -m_axi_num_write_outstanding 
Execute       get_config_interface -m_axi_max_read_burst_length 
Execute       get_config_interface -m_axi_max_write_burst_length 
Execute       get_config_interface -m_axi_min_bitwidth 
Execute       get_config_interface -m_axi_max_bitwidth 
Execute       get_config_interface -m_axi_latency 
Execute       get_config_interface -m_axi_min_bitwidth 
Execute       get_config_interface -m_axi_max_bitwidth 
Execute       get_config_interface -m_axi_max_widen_bitwidth 
Execute       get_config_interface -m_axi_auto_max_ports 
Execute       get_config_interface -m_axi_num_read_outstanding 
Execute       get_config_interface -m_axi_num_write_outstanding 
Execute       get_config_interface -m_axi_max_read_burst_length 
Execute       get_config_interface -m_axi_max_write_burst_length 
Execute       get_config_interface -s_axilite_data64 
Execute       get_config_compile -instruction_warning_threshold 
Execute       get_config_interface -m_axi_alignment_byte_size 
Execute       get_config_compile -pragma_strict_mode 
Execute       get_config_compile -pipeline_style 
Execute       get_config_array_partition -throughput_driven 
Execute       send_msg_by_id INFO @200-777@%s Vivado 
INFO: [HLS 200-777] Using interface defaults for 'Vivado' flow target.
Execute       is_m_axi_addr64 
INFO-FLOW: Doing LTO.
Execute       ap_eval exec -ignorestderr C:/Xilinx/Vitis_HLS/2021.1/win64/tools/clang-3.9-csynth/bin/clang -foptimization-record-file=C:/HLS/PID/pid/solution1/.autopilot/db/clang.a.g.ld.0.bc.diag.yml -mllvm -pass-remarks-missed=reflow|pasta|unroll -mllvm -pass-remarks=reflow|pasta|unroll|inline -fhls -mllvm -hls-top-function-name=PID -mllvm -hls-db-dir -mllvm C:/HLS/PID/pid/solution1/.autopilot/db -emit-llvm -c -target fpga64-xilinx-none -mllvm -xcl-xmlinfo=C:/HLS/PID/pid/solution1/.autopilot/db/kernel.internal.xml -mllvm -top-io-mapping-info=C:/HLS/PID/pid/solution1/.autopilot/db/top-io-fe.xml -mllvm -hls-bitcode-version=3.1 -mllvm -reflow-enable-slave-interface-default-setting=true -mllvm -gen-kernel-xml=false -mllvm -default-maxi-offset=slave -mllvm -maxi-latency=0 -mllvm -hls-maxi-data-size-in-bits=8 -mllvm -hls-maxi-max-data-size-in-bits=1024 -mllvm -hls-max-widen-size-in-bits=0 -mllvm -xcl-kernel-max-mem-ports=0 -mllvm -maxi-read-trans=16 -mllvm -maxi-write-trans=16 -mllvm -maxi-read-burst-len=16 -mllvm -maxi-write-burst-len=16 -mllvm -reflow-enable-saxi-64bits=0 -mllvm -reflow-basic-block-instr-threshhold=200000 -mllvm -assume-maxi-align=0 -mllvm -no-unaligned-maxi-accesses -mllvm -reflow-pipeline-style-llvm-setting=0 -mllvm -reflow-auto-array-partition-mode=default -mllvm -reflow-enable-auto-array-partition=true -mllvm -reflow-aggregate-bitwidth-threshold=4096 -mllvm -reflow-disaggregate-bitwidth-threshold=4096 -mllvm -hls -mllvm -disable-inlined-alloca-merging=true -x ir C:/HLS/PID/pid/solution1/.autopilot/db/a.g.ld.5.gdce.bc -o C:/HLS/PID/pid/solution1/.autopilot/db/a.g.lto.bc -hls-platform-db-name=C:/Xilinx/Vitis_HLS/2021.1/common/technology/xilinx/common/platform.db -hls-platform-name=zynq_slow > C:/HLS/PID/pid/solution1/.autopilot/db/clang.a.g.ld.0.bc.out.log 2> C:/HLS/PID/pid/solution1/.autopilot/db/clang.a.g.ld.0.bc.err.log 
Command       ap_eval done; 0.673 sec.
Execute       source C:/Xilinx/Vitis_HLS/2021.1/tps/tcl/tcllib1.11.1/yaml/yaml.tcl 
INFO: [HLS 214-279] Initial Interval estimation mode is set into default.
INFO: [HLS 214-284] Auto array partition mode is set into default.
INFO: [HLS 214-270] Starting automatic array partition analysis...
INFO-FLOW: DBG:PUTS: copy_raw_kernel_xml ap_link_39: kernel.xml not generated: C:/HLS/PID/pid/solution1/.autopilot/db/kernel.internal.xml
INFO: [HLS 200-111] Finished Compiling Optimization and Transform: CPU user time: 0 seconds. CPU system time: 0 seconds. Elapsed time: 5.184 seconds; current allocated memory: 188.532 MB.
INFO: [HLS 200-111] Finished Checking Pragmas: CPU user time: 0 seconds. CPU system time: 0 seconds. Elapsed time: 0.071 seconds; current allocated memory: 188.533 MB.
Execute       opt_and_import_c a -opt_level=2 -skip_syncheck=0 -ng=0 -keep_printf=0 
Execute         cleanup_all_models 
INFO: [HLS 200-10] Starting code transformations ...
INFO-FLOW: Running Standard Transforms...
Execute         transform -hls -share-std-xform -demangle-name -inline-byval-memcpy -always-inline -promote-dbg-pointer -interface-preproc -mem2reg -scalarrepl -mem2reg -keep-read-access -instcombine -dce -promote-dbg-pointer -bitop-raise -loop-simplify -indvarspre -indvars -loop-simplify -xunroll -constprop -instcombine -simplifycfg -indvars -simplifycfg -dce -globaldce -basicaa -simplifycfg -mem2reg -globalopt -global-constprop -deadargelim -instcombine -simplifycfg -scalarrepl -instcombine -reassociate -licm -simplifycfg -loop-simplify -indvars -instcombine -simplifycfg -mem2reg -loop-simplify -indvars -instcombine -gvn -gvn -instcombine -adce -break-crit-edges -simplifycfg -loop-delete -global-array-opt -dce -dse -adce -find-syn-modules -top PID -deadargelim -mem2reg -instcombine -dce -presyn-prepare -auto-rom-infer -interface-preproc -syn-check -check-rec-only -find-region -simplifycfg -func-extr -function-inline -globaldce -mem2reg -instcombine -dce -gvn -globaldce -adce -adse -constprop -instcombine -bit-constprop -instcombine -dce -simplifycfg -bitop-raise -simplifycfg -dce -loop-delete -reassociate -globalopt -global-privatize -mem2reg -dce -global-constprop -pointer-simplify -constprop -dce -func-inst -deadargelim -auto-shift-reg-idiom -promote-dbg-pointer -norm-name C:/HLS/PID/pid/solution1/.autopilot/db/a.g.0.bc -o C:/HLS/PID/pid/solution1/.autopilot/db/a.g.1.bc -f -phase std-opt 
INFO: [HLS 200-111] Finished Standard Transforms: CPU user time: 0 seconds. CPU system time: 0 seconds. Elapsed time: 0.166 seconds; current allocated memory: 189.488 MB.
INFO: [HLS 200-10] Checking synthesizability ...
INFO-FLOW: Checking Synthesizability 1/2..
Execute         transform -hls -syn-check -check-rec-only -scalarrepl -norm-name -dce -mem2reg -instcombine -function-uniquify -directive-preproc -mem2reg -dse -dce -auto-rom-infer -dce -pag -array-normalize -instcombine -dce -array-seg-normalize -instcombine -dce -data-pack -instcombine -dce -inst-simplify -array-flatten -instcombine -dce -array-burst -dce -deadargelim -promote-global-argument -simplifycfg -mem2reg -globaldce -dce -deadargelim -dce -instcombine -function-inline -globaldce -dce -doublePtrSimplify -doublePtrElim -dce -doublePtrSimplify -promote-dbg-pointer -dce -scalarrepl -dse -adse -instcombine -ptrLegalization -simplifycfg -dce -instcombine -pointer-simplify -ptrArgReplace -dce -instcombine -resolve-double-ptr -scalarrepl -norm-name -dce -mem2reg -instcombine -ptrLegalization -simplifycfg -deadargelim -instcombine -dce -inst-simplify -function-uniquify -directive-preproc -mem2reg -dse -dce -globaldce -check-dspbuiltin C:/HLS/PID/pid/solution1/.autopilot/db/a.g.1.bc -o C:/HLS/PID/pid/solution1/.autopilot/db/a.g.2.prechk.bc -f 
INFO-FLOW: Checking Synthesizability 2/2..
Execute         transform -syn-check C:/HLS/PID/pid/solution1/.autopilot/db/a.g.2.prechk.bc -o C:/HLS/PID/pid/solution1/.autopilot/db/a.g.2.bc -f -phase syn-check 
INFO: [HLS 200-111] Finished Checking Synthesizability: CPU user time: 0 seconds. CPU system time: 0 seconds. Elapsed time: 0.127 seconds; current allocated memory: 188.898 MB.
INFO-FLOW: Compiler optimizing ...
INFO-FLOW: Share syncheck's 1.bc for syn flow: copy C:/HLS/PID/pid/solution1/.autopilot/db/a.g.1.bc to C:/HLS/PID/pid/solution1/.autopilot/db/a.o.1.bc
INFO-FLOW: Presyn 1...
Execute         transform -hls -tmp C:/HLS/PID/pid/solution1/.autopilot/db -interface-port-rename -function-uniquify -directive-preproc -mem2reg -dse -dce -scalarrepl -norm-name -deadargelim -mem2reg -instcombine -dce -simplifycfg -auto-rom-infer -dce -function-uniquify -resource-proc -clib-intrinsic-prepare -dce -func-buffer -dce -pag -array-normalize -func-legal -instcombine -gvn -constprop -dce -simplifycfg -mem2reg -globaldce -resolve-double-ptr -dce -deadargelim -dce -instcombine -ptrArgReplace -mem2reg -dce -array-seg-normalize -deadargelim -instcombine -dce -function-uniquify -directive-preproc -mem2reg -dse -dce -pointer-simplify -dce -port-alignment -dce -interface-preproc -data-pack -instcombine -dce -basicaa -aggr-aa -aggrmodref-aa -aggr-aa -gvn -gvn -basicaa -aggr-aa -aggrmodref-aa -aggr-aa -dse -adse -adce -loop-simplify -indvars -instcombine -gvn -loop-simplify -mem2reg -dce -find-region -instcombine -auto-loop-pipeline -inst-simplify -interface-preproc -cfgopt -instcombine -indvars -auto-loop-unroll -loop-simplify -loop-bound -xunroll -constprop -instcombine -simplifycfg -indvars -simplifycfg -dce -globaldce -clean-region -attach-range -gvn -inst-simplify -constprop -simplifycfg -dce -pointer-simplify -dce -globalopt -constprop -dce -array-promote -constprop -dce -ptrArgReplace -mem2reg -simplifycfg -dce -instcombine -dce -array-transform-check -array-reshape -instcombine -simplifycfg -dce -ptrArgReplace -deadargelim -mem2reg -instcombine -simplifycfg -dce -indvars -loop-simplify -loop-bound -xunroll -constprop -instcombine -simplifycfg -indvars -simplifycfg -dce -globaldce -basicaa -aggr-aa -aggrmodref-aa -aggr-aa -dse -duplicate-dataflow-processes -globaldce -instcombine -array-partition -instcombine -simplifycfg -dce -ptrArgReplace -global-constprop -deadargelim -mem2reg -func-legal -dce -global-constprop -deadargelim -mem2reg -simplifycfg -dce -merge-param -deadargelim -globalopt -constprop -dce -array-promote -constprop -dce -ptrArgReplace -mem2reg -simplifycfg -dce -mem-intrinsic-preproc -dce -global-internalize -global-privatize -mem2reg -globaldce -promote-global-argument -ptrArgReplace -mem2reg -dce -globalopt -mergereturn -simplify-global-access -mem2reg -dce -pointer-simplify -dce -functionattrs -basicaa -aggr-aa -aggrmodref-aa -aggr-aa -gvn -gvn -basicaa -aggr-aa -aggrmodref-aa -aggr-aa -dse -adse -adce -dce -norm-name -basicaa -aggr-aa -aggrmodref-aa -aggr-aa -accesses-merge -function-inline -complex-op-raise -inst-simplify -globaldce -func-inst -constprop -instcombine -simplifycfg -dce -func-legal -dce -loop-bound -arraycheck -bitwidthmin2 -bitwidthmin2 -on-by-dataflow -loop-delete -instcombine -simplifycfg -globaldce -dce -gvn -deadargelim -dce -loop-simplify -clean-region -simplifycfg -propagate-stable-arguments -loop-stream -instcombine -simplifycfg -dce -globaldce -duplicate-dataflow-processes -stream-intrinsic-preproc -dce -check-ap-stream -loop-simplify -eliminate-keepreads -extract-dataflow-in-loop -loop-simplify -dce -gvn -deadargelim -dse -duplicate-dataflow-processes -check-dataflow-syntax -legalize-stream-variable -legalize-global -extract-subproc -dce -dead-channel-elimination -canonicalize-gep -globaldce -dce -gvn -hls-dead-arg-elim -deadargelim -directive-preproc -annotate-dataflow-channels -scalar-preprocessing -scalar-propagation2 -deadargelim -globaldce -mem2reg -check-dataflow-channels -function-stream -dce -globaldce -prop-fifo-spec -internal-stream-gen -canonicalize-gep -globaldce -dce -gvn -deadargelim -mergereturn -indvars -loop-simplify -instcombine -array-stream -array-seg-normalize -array-partition -func-legal -instcombine -simplifycfg -dce -bundle-memfifo-ops -deadargelim -function-uniquify -directive-preproc -mem2reg -dse -dce -group-axi-access -licm -simplifycfg -dce -loop-delete -hls-display -norm-name C:/HLS/PID/pid/solution1/.autopilot/db/a.o.1.bc -o C:/HLS/PID/pid/solution1/.autopilot/db/a.o.1.tmp.bc -f 
INFO-FLOW: Presyn 2...
Execute         transform -hls -keep-callgraph -scalarrepl -mem2reg -port-alignment -attach-range -dce -pipe-mux-gen -indvars -loop-bound -inst-simplify -instcombine -dce -merge-array-access -mem2reg -dce -clean-region -mergereturn -if-conv -instcombine -dce -constprop -basicaa -aggr-aa -aggrmodref-aa -aggr-aa -gvn -gvn -basicaa -aggr-aa -aggrmodref-aa -aggr-aa -dse -adse -adce -scalarrepl -mem2reg -global-constprop -deadargelim -deadargelim -instcombine -dce -simplifycfg -ptrArgReplace -mem2reg -function-inline -globaldce -mem2reg -instcombine -dce -expr-balance -instcombine -dce -bitwidthmin2 -bitwidthmin2 -interface-preproc -directive-preproc -inst-rectify -instcombine -dce -functionattrs -constprop -instcombine -bit-constprop -simplify-global-access -globalopt -globaldce -inst-simplify -instcombine -elimdeaddata -dce -loop-delete -simplifycfg -loop-simplify -auto-burst -barrier -norm-name C:/HLS/PID/pid/solution1/.autopilot/db/a.o.1.tmp.bc -o C:/HLS/PID/pid/solution1/.autopilot/db/a.o.2.bc -f -phase presyn 
INFO: [HLS 200-111] Finished Loop, function and other optimizations: CPU user time: 0 seconds. CPU system time: 0 seconds. Elapsed time: 0.196 seconds; current allocated memory: 208.990 MB.
Execute         get_config_compile -enable_auto_rewind 
Execute         get_config_compile -enable_loop_extract 
INFO-FLOW: Building ssdm...
Execute         transform -hls -function-uniquify -auto-function-inline -globaldce -ptrArgReplace -mem2reg -dce -reset-lda -loop-simplify -indvars -aggr-aa -licm -loop-dep -loop-bound -licm -loop-simplify -flattenloopnest -array-flatten -gvn -instcombine -dce -array-map -dce -func-legal -gvn -adce -instcombine -cfgopt -simplifycfg -loop-simplify -array-burst -promote-global-argument -dce -array-seg-normalize -basicaa -aggrmodref-aa -globalsmodref-aa -aggr-aa -gvn -gvn -basicaa -aggrmodref-aa -globalsmodref-aa -aggr-aa -dse -adse -adce -licm -inst-simplify -dce -globaldce -instcombine -array-stream -eliminate-keepreads -instcombine -dce -deadargelim -doublePtrSimplify -doublePtrElim -dce -doublePtrSimplify -promote-dbg-pointer -dce -scalarrepl -mem2reg -norm-name -mem2reg -instcombine -dse -adse -adce -ptrLegalization -dce -auto-rom-infer -array-flatten -dce -instcombine -check-doubleptr -loop-rot -constprop -cfgopt -simplifycfg -loop-simplify -indvars -pointer-simplify -dce -loop-bound -loop-simplify -loop-preproc -constprop -global-constprop -gvn -mem2reg -instcombine -dce -loop-bound -loop-merge -dce -deadargelim -dce -canonicalize-dataflow -dce -scalar-propagation2 -deadargelim -globaldce -mem2reg -load-elim -read-loop-dep -loop-simplify -loop-extract-inner -directive-preproc -bitwidthmin2 -bitwidthmin2 -read-loop-dep -interface-preproc -directive-preproc -interface-gen -bram-byte-enable -deadargelim -inst-simplify -dce -gvn -mem2reg -instcombine -dce -adse -loop-bound -instcombine -cfgopt -simplifycfg -loop-simplify -clean-region -io-protocol -find-region -mem2reg -bitop-raise -complex-op-raise -inst-simplify -inst-rectify -instcombine -adce -deadargelim -float-op-raise -loop-simplify -phi-opt -bitop-raise -cfgopt -simplifycfg -strip-dead-prototypes -interface-lower -bitop-lower -intrinsic-lower -auto-function-inline -basicaa -aggrmodref-aa -globalsmodref-aa -aggr-aa -inst-simplify -simplifycfg -loop-simplify -mergereturn -inst-simplify -inst-rectify -dce -load-elim -bitop-lower -float-op-raise -fma-raise -loop-rewind -pointer-simplify -dce -cfgopt -dce -loop-bound -loop-dep -read-loop-dep -dce -dyn-mem-reuse -dce -recurrence-min -dce -check-stream -norm-name -legalize -validate-dataflow -inst-clarity -bitwidth -dump-loop-dep-to-ir -check-all-ssdm -cdfg-build C:/HLS/PID/pid/solution1/.autopilot/db/a.o.2.bc -o C:/HLS/PID/pid/solution1/.autopilot/db/a.o.3.bc -f -phase build-ssdm 
INFO: [HLS 200-111] Finished Architecture Synthesis: CPU user time: 1 seconds. CPU system time: 0 seconds. Elapsed time: 0.167 seconds; current allocated memory: 201.077 MB.
INFO-FLOW: Finish building internal data model.
Command       opt_and_import_c done; 0.66 sec.
Command     elaborate done; 8.856 sec.
Execute     ap_eval exec zip -j C:/HLS/PID/pid/solution1/.autopilot/db/dut.hcp $dbDir/a.o.3.bc $dbDir/${topname}.rtl_wrap.cfg.tcl $dbDir/apatb_${topname}.cpp $dbDir/apatb_${topname}_util.cpp $dbDir/apatb_${topname}_ir.ll $dbDir/mapper_${topname}.cpp $dbDir/top-io-fe.xml $dbDir/kernel.internal.xml $workdir/../hls.app 
Command     ap_eval done; 0.141 sec.
Execute     autosyn -from_csynth_design=1 
INFO: [HLS 200-10] Starting hardware synthesis ...
INFO-FLOW: Synthesizing C/C++ design ...
INFO: [HLS 200-10] Synthesizing 'PID' ...
Execute       ap_set_top_model PID 
Execute       get_model_list PID -filter all-wo-channel -topdown 
Execute       preproc_iomode -model PID 
Execute       get_model_list PID -filter all-wo-channel 
INFO-FLOW: Model list for configure: PID
INFO-FLOW: Configuring Module : PID ...
Execute       set_default_model PID 
Execute       apply_spec_resource_limit PID 
INFO-FLOW: Model list for preprocess: PID
INFO-FLOW: Preprocessing Module: PID ...
Execute       set_default_model PID 
Execute       cdfg_preprocess -model PID 
Execute       rtl_gen_preprocess PID 
INFO-FLOW: Model list for synthesis: PID
INFO: [HLS 200-10] ----------------------------------------------------------------
INFO: [HLS 200-42] -- Implementing module 'PID' 
INFO: [HLS 200-10] ----------------------------------------------------------------
Execute       set_default_model PID 
Execute       schedule -model PID 
INFO: [SCHED 204-11] Starting scheduling ...
INFO: [SCHED 204-11] Finished scheduling.
Command       schedule done; 0.143 sec.
INFO: [HLS 200-111] Finished Scheduling: CPU user time: 0 seconds. CPU system time: 0 seconds. Elapsed time: 0.39 seconds; current allocated memory: 201.493 MB.
Execute       syn_report -verbosereport -o C:/HLS/PID/pid/solution1/.autopilot/db/PID.verbose.sched.rpt 
Execute         AP::get_flow_target_display_name
Execute           get_solution -flow_target 
Command       syn_report done; 0.157 sec.
Execute       db_write -o C:/HLS/PID/pid/solution1/.autopilot/db/PID.sched.adb -f 
INFO-FLOW: Finish scheduling PID.
Execute       set_default_model PID 
Execute       bind -model PID 
INFO: [BIND 205-100] Starting micro-architecture generation ...
INFO: [BIND 205-101] Performing variable lifetime analysis.
INFO: [BIND 205-101] Exploring resource sharing.
INFO: [BIND 205-101] Binding ...
INFO: [BIND 205-100] Finished micro-architecture generation.
INFO: [HLS 200-111] Finished Binding: CPU user time: 0 seconds. CPU system time: 0 seconds. Elapsed time: 0.327 seconds; current allocated memory: 201.912 MB.
Execute       syn_report -verbosereport -o C:/HLS/PID/pid/solution1/.autopilot/db/PID.verbose.bind.rpt 
Execute         AP::get_flow_target_display_name
Execute           get_solution -flow_target 
Command       syn_report done; 0.112 sec.
Execute       db_write -o C:/HLS/PID/pid/solution1/.autopilot/db/PID.bind.adb -f 
INFO-FLOW: Finish binding PID.
Execute       get_model_list PID -filter all-wo-channel 
INFO-FLOW: Preprocessing for RTLGen ...
Execute       rtl_gen_preprocess PID 
INFO-FLOW: Model list for RTL generation: PID
INFO: [HLS 200-10] ----------------------------------------------------------------
INFO: [HLS 200-10] -- Generating RTL for module 'PID' 
INFO: [HLS 200-10] ----------------------------------------------------------------
Execute       get_config_rtl -module_prefix 
Execute       get_config_rtl -module_prefix 
Execute       get_config_rtl -module_auto_prefix 
Execute       create_rtl_model PID -top_prefix  -sub_prefix PID_ -mg_file C:/HLS/PID/pid/solution1/.autopilot/db/PID.compgen.tcl 
WARNING: [RTGEN 206-101] Design contains AXI ports. Reset is fixed to synchronous and active low.
INFO: [RTGEN 206-500] Setting interface mode on port 'PID/set_point' to 's_axilite & ap_none'.
INFO: [RTGEN 206-500] Setting interface mode on port 'PID/KP' to 's_axilite & ap_none'.
INFO: [RTGEN 206-500] Setting interface mode on port 'PID/KI' to 's_axilite & ap_none'.
INFO: [RTGEN 206-500] Setting interface mode on port 'PID/KD' to 's_axilite & ap_none'.
INFO: [RTGEN 206-500] Setting interface mode on port 'PID/sample' to 's_axilite & ap_none'.
INFO: [RTGEN 206-500] Setting interface mode on port 'PID/ts' to 's_axilite & ap_none'.
INFO: [RTGEN 206-500] Setting interface mode on port 'PID/pmax' to 's_axilite & ap_none'.
INFO: [RTGEN 206-500] Setting interface mode on function 'PID' to 's_axilite & ap_ctrl_hs'.
WARNING: [RTGEN 206-101] Register 'i_prev' is power-on initialization.
WARNING: [RTGEN 206-101] Register 'error_prev' is power-on initialization.
INFO: [RTGEN 206-100] Bundling port 'return', 'KP', 'KI', 'KD', 'sample', 'ts' and 'pmax' to AXI-Lite port control.
INFO: [RTGEN 206-100] Generating core module 'faddfsub_32ns_32ns_32_5_full_dsp_1': 1 instance(s).
INFO: [RTGEN 206-100] Generating core module 'fcmp_32ns_32ns_1_2_no_dsp_1': 1 instance(s).
INFO: [RTGEN 206-100] Generating core module 'fdiv_32ns_32ns_32_16_no_dsp_1': 1 instance(s).
INFO: [RTGEN 206-100] Generating core module 'fmul_32ns_32ns_32_4_max_dsp_1': 2 instance(s).
INFO: [RTGEN 206-100] Finished creating RTL model for 'PID'.
Command       create_rtl_model done; 0.255 sec.
INFO: [HLS 200-111] Finished Creating RTL model: CPU user time: 0 seconds. CPU system time: 0 seconds. Elapsed time: 0.467 seconds; current allocated memory: 202.776 MB.
Execute       source C:/HLS/PID/pid/solution1/.autopilot/db/PID.rtl_wrap.cfg.tcl 
Execute       gen_rtl PID -istop -style xilinx -f -lang vhdl -o C:/HLS/PID/pid/solution1/syn/vhdl/PID 
Execute       gen_rtl PID -istop -style xilinx -f -lang vlog -o C:/HLS/PID/pid/solution1/syn/verilog/PID 
Execute       syn_report -csynth -model PID -o C:/HLS/PID/pid/solution1/syn/report/PID_csynth.rpt 
Execute         AP::get_flow_target_display_name
Execute           get_solution -flow_target 
Execute       syn_report -rtlxml -model PID -o C:/HLS/PID/pid/solution1/syn/report/PID_csynth.xml 
Execute         get_solution -flow_target
Execute           get_solution -flow_target 
Execute       syn_report -verbosereport -model PID -o C:/HLS/PID/pid/solution1/.autopilot/db/PID.verbose.rpt 
Execute         AP::get_flow_target_display_name
Execute           get_solution -flow_target 
Command       syn_report done; 0.128 sec.
Execute       db_write -model PID -f -o C:/HLS/PID/pid/solution1/.autopilot/db/PID.adb 
Execute       db_write -model PID -bindview -o C:/HLS/PID/pid/solution1/.autopilot/db/design.bindinfo.xml 
Execute       gen_tb_info PID -p C:/HLS/PID/pid/solution1/.autopilot/db -o C:/HLS/PID/pid/solution1/.autopilot/db/PID 
Execute       export_constraint_db -f -tool general -o C:/HLS/PID/pid/solution1/.autopilot/db/PID.constraint.tcl 
Execute       syn_report -designview -model PID -o C:/HLS/PID/pid/solution1/.autopilot/db/PID.design.xml 
Execute       syn_report -csynthDesign -model PID -o C:/HLS/PID/pid/solution1/syn/report/csynth.rpt 
Execute         AP::get_flow_target_display_name
Execute           get_solution -flow_target 
Execute       get_config_rtl -disable_wave_debug 
Execute       syn_report -wcfg -model PID -o C:/HLS/PID/pid/solution1/.autopilot/db/PID_dataflow_ana.wcfg 
Execute       syn_report -protoinst -model PID -o C:/HLS/PID/pid/solution1/.autopilot/db/PID.protoinst 
Execute       get_config_debug -directory 
Execute       sc_get_clocks PID 
Execute       get_config_export -vivado_clock 
Execute       get_config_rtl -module_prefix 
Execute       get_config_rtl -module_prefix 
Execute       get_config_rtl -module_auto_prefix 
Execute       sc_get_portdomain PID 
INFO-FLOW: Model list for RTL component generation: PID
INFO-FLOW: Handling components in module [PID] ... 
Execute       source C:/HLS/PID/pid/solution1/.autopilot/db/PID.compgen.tcl 
INFO-FLOW: Found component PID_faddfsub_32ns_32ns_32_5_full_dsp_1.
INFO-FLOW: Append model PID_faddfsub_32ns_32ns_32_5_full_dsp_1
INFO-FLOW: Found component PID_fmul_32ns_32ns_32_4_max_dsp_1.
INFO-FLOW: Append model PID_fmul_32ns_32ns_32_4_max_dsp_1
INFO-FLOW: Found component PID_fdiv_32ns_32ns_32_16_no_dsp_1.
INFO-FLOW: Append model PID_fdiv_32ns_32ns_32_16_no_dsp_1
INFO-FLOW: Found component PID_fcmp_32ns_32ns_1_2_no_dsp_1.
INFO-FLOW: Append model PID_fcmp_32ns_32ns_1_2_no_dsp_1
INFO-FLOW: Found component PID_control_s_axi.
INFO-FLOW: Append model PID_control_s_axi
INFO-FLOW: Append model PID
INFO-FLOW: Generating RTL model list ...
INFO-FLOW: All models in this session: PID_faddfsub_32ns_32ns_32_5_full_dsp_1 PID_fmul_32ns_32ns_32_4_max_dsp_1 PID_fdiv_32ns_32ns_32_16_no_dsp_1 PID_fcmp_32ns_32ns_1_2_no_dsp_1 PID_control_s_axi PID
INFO-FLOW: Generating C:/HLS/PID/pid/solution1/.autopilot/db/autopilot.rtl.models.txt file...
INFO-FLOW: To file: write model PID_faddfsub_32ns_32ns_32_5_full_dsp_1
INFO-FLOW: To file: write model PID_fmul_32ns_32ns_32_4_max_dsp_1
INFO-FLOW: To file: write model PID_fdiv_32ns_32ns_32_16_no_dsp_1
INFO-FLOW: To file: write model PID_fcmp_32ns_32ns_1_2_no_dsp_1
INFO-FLOW: To file: write model PID_control_s_axi
INFO-FLOW: To file: write model PID
INFO-FLOW: Generating C:/HLS/PID/pid/solution1/.autopilot/db/autopilot.rtl.models.tcl file...
INFO-FLOW: Finished generating RTL model list.


INFO-FLOW: RTL Generation done.
INFO-FLOW: CAS Generation done.
INFO-FLOW: CBC Generation done.
INFO-FLOW: DBG:PROC: ::AESL_AUTOMG::auto_generate_csynth_design
Execute       get_top 
Execute       get_config_export -ipname 
Execute       get_config_export -xo 
Execute       get_config_export -format 
Execute       get_config_rtl -module_auto_prefix 
INFO-FLOW: DBG:PUTS: read_platform_lib C:/HLS/PID/pid/solution1/.autopilot/db/global.setting.tcl
Execute       source C:/Xilinx/Vitis_HLS/2021.1/common/technology/generic/autopilot/common.gen 
Execute         source C:/Xilinx/Vitis_HLS/2021.1/common/technology/generic/autopilot/APCoreGen.gen 
Execute       source C:/Xilinx/Vitis_HLS/2021.1/common/technology/generic/autopilot/op.gen 
Execute       source C:/Xilinx/Vitis_HLS/2021.1/common/technology/generic/autopilot/op_simcore.gen 
Execute       source C:/Xilinx/Vitis_HLS/2021.1/common/technology/generic/autopilot/interface.gen 
Execute       source C:/HLS/PID/pid/solution1/.autopilot/db/global.setting.tcl 
Execute       source C:/Xilinx/Vitis_HLS/2021.1/common/technology/xilinx/common/xilinx.gen 
Execute         source C:/Xilinx/Vitis_HLS/2021.1/common/technology/xilinx/interface/plb46.gen 
Execute         source C:/Xilinx/Vitis_HLS/2021.1/common/technology/xilinx/interface/axi4.gen 
Execute         source C:/Xilinx/Vitis_HLS/2021.1/common/technology/xilinx/interface/nativeAXI4.gen 
Execute           source C:/Xilinx/Vitis_HLS/2021.1/common/technology/xilinx/interface/saxilite.gen 
Execute           source C:/Xilinx/Vitis_HLS/2021.1/common/technology/xilinx/interface/maxi.gen 
Execute         source C:/Xilinx/Vitis_HLS/2021.1/common/technology/xilinx/scripts/xilinxcoregen.gen 
Execute         source C:/Xilinx/Vitis_HLS/2021.1/common/technology/xilinx/interface/XilEDKCoreGen.gen 
Execute         source C:/Xilinx/Vitis_HLS/2021.1/common/technology/xilinx/ip/dds_compiler.gen 
Execute         source C:/Xilinx/Vitis_HLS/2021.1/common/technology/xilinx/ip/util.gen 
Execute         source C:/Xilinx/Vitis_HLS/2021.1/common/technology/xilinx/ip/xfft.gen 
Execute         source C:/Xilinx/Vitis_HLS/2021.1/common/technology/xilinx/ip/xfir.gen 
Execute         source C:/Xilinx/Vitis_HLS/2021.1/common/technology/xilinx/DSP48/dsp48.gen 
Command       ap_source done; 0.12 sec.
INFO-FLOW: DBG:PUTS:   using AESL_AUTOCG::g_clock_period=10.000 (was NA)
INFO-FLOW: DBG:PROC: ::AESL_AUTOMG::generate_ip_cores gen_sim_model='1' gen_fp_models='0' gen_for_export='0' dstSCDir='' dstVhdlDir='C:/HLS/PID/pid/solution1/.autopilot/db/vhdl' dstVlogDir='C:/HLS/PID/pid/solution1/.autopilot/db/vlog' tclDir='C:/HLS/PID/pid/solution1/.autopilot/db' modelList='PID_faddfsub_32ns_32ns_32_5_full_dsp_1
PID_fmul_32ns_32ns_32_4_max_dsp_1
PID_fdiv_32ns_32ns_32_16_no_dsp_1
PID_fcmp_32ns_32ns_1_2_no_dsp_1
PID_control_s_axi
PID
' expOnly='0'
Execute       source C:/HLS/PID/pid/solution1/.autopilot/db/global.setting.tcl 
Execute       ap_part_info -name xc7z007s-clg400-1 -data names -quiet 
Execute       ap_part_info -name xc7z007s-clg400-1 -data info -quiet 
Execute       source C:/HLS/PID/pid/solution1/.autopilot/db/global.setting.tcl 
Execute       source C:/HLS/PID/pid/solution1/.autopilot/db/global.setting.tcl 
Execute       source C:/HLS/PID/pid/solution1/.autopilot/db/PID.compgen.tcl 
Execute         source ./control.slave.tcl 
INFO: [HLS 200-111] Finished Generating all RTL models: CPU user time: 1 seconds. CPU system time: 1 seconds. Elapsed time: 0.729 seconds; current allocated memory: 206.107 MB.
INFO-FLOW: DBG:PROC: ::AP::create_csynth_xml outfile=''
INFO-FLOW: Running: create_csynth_xml read xml data
INFO-FLOW: Done: create_csynth_xml read xml data time: 0 seconds per iteration
INFO-FLOW: Running: create_csynth_xml bind info
INFO-FLOW: Done: create_csynth_xml bind info time: 0 seconds per iteration
INFO-FLOW: Running: create_csynth_xml config info
Execute       get_config_op mul -impl 
Execute       get_config_op mul -latency 
Execute       get_config_op mul -precision 
Execute       get_config_op add -impl 
Execute       get_config_op add -latency 
Execute       get_config_op add -precision 
Execute       get_config_op sub -impl 
Execute       get_config_op sub -latency 
Execute       get_config_op sub -precision 
Execute       get_config_op fadd -impl 
Execute       get_config_op fadd -latency 
Execute       get_config_op fadd -precision 
Execute       get_config_op fsub -impl 
Execute       get_config_op fsub -latency 
Execute       get_config_op fsub -precision 
Execute       get_config_op fdiv -impl 
Execute       get_config_op fdiv -latency 
Execute       get_config_op fdiv -precision 
Execute       get_config_op fexp -impl 
Execute       get_config_op fexp -latency 
Execute       get_config_op fexp -precision 
Execute       get_config_op flog -impl 
Execute       get_config_op flog -latency 
Execute       get_config_op flog -precision 
Execute       get_config_op fmul -impl 
Execute       get_config_op fmul -latency 
Execute       get_config_op fmul -precision 
Execute       get_config_op frsqrt -impl 
Execute       get_config_op frsqrt -latency 
Execute       get_config_op frsqrt -precision 
Execute       get_config_op frecip -impl 
Execute       get_config_op frecip -latency 
Execute       get_config_op frecip -precision 
Execute       get_config_op fsqrt -impl 
Execute       get_config_op fsqrt -latency 
Execute       get_config_op fsqrt -precision 
Execute       get_config_op dadd -impl 
Execute       get_config_op dadd -latency 
Execute       get_config_op dadd -precision 
Execute       get_config_op dsub -impl 
Execute       get_config_op dsub -latency 
Execute       get_config_op dsub -precision 
Execute       get_config_op ddiv -impl 
Execute       get_config_op ddiv -latency 
Execute       get_config_op ddiv -precision 
Execute       get_config_op dexp -impl 
Execute       get_config_op dexp -latency 
Execute       get_config_op dexp -precision 
Execute       get_config_op dlog -impl 
Execute       get_config_op dlog -latency 
Execute       get_config_op dlog -precision 
Execute       get_config_op dmul -impl 
Execute       get_config_op dmul -latency 
Execute       get_config_op dmul -precision 
Execute       get_config_op drsqrt -impl 
Execute       get_config_op drsqrt -latency 
Execute       get_config_op drsqrt -precision 
Execute       get_config_op drecip -impl 
Execute       get_config_op drecip -latency 
Execute       get_config_op drecip -precision 
Execute       get_config_op dsqrt -impl 
Execute       get_config_op dsqrt -latency 
Execute       get_config_op dsqrt -precision 
Execute       get_config_op hadd -impl 
Execute       get_config_op hadd -latency 
Execute       get_config_op hadd -precision 
Execute       get_config_op hsub -impl 
Execute       get_config_op hsub -latency 
Execute       get_config_op hsub -precision 
Execute       get_config_op hdiv -impl 
Execute       get_config_op hdiv -latency 
Execute       get_config_op hdiv -precision 
Execute       get_config_op hmul -impl 
Execute       get_config_op hmul -latency 
Execute       get_config_op hmul -precision 
Execute       get_config_op hsqrt -impl 
Execute       get_config_op hsqrt -latency 
Execute       get_config_op hsqrt -precision 
Execute       get_config_op facc -impl 
Execute       get_config_op facc -latency 
Execute       get_config_op facc -precision 
Execute       get_config_op fmacc -impl 
Execute       get_config_op fmacc -latency 
Execute       get_config_op fmacc -precision 
Execute       get_config_op fmadd -impl 
Execute       get_config_op fmadd -latency 
Execute       get_config_op fmadd -precision 
Execute       get_config_storage fifo -auto_srl_max_bits 
Execute       get_config_storage fifo -auto_srl_max_depth 
Execute       get_config_storage fifo -impl 
Execute       get_solution -flow_target 
Execute       get_config_array_partition -complete_threshold 
Execute       get_config_array_partition -throughput_driven 
Execute       get_config_compile -enable_auto_rewind 
Execute       get_config_compile -name_max_length 
Execute       get_config_compile -no_signed_zeros 
Execute       get_config_compile -pipeline_loops 
Execute       get_config_compile -pipeline_style 
Execute       get_config_compile -pragma_strict_mode 
Execute       get_config_compile -pre_tcl 
Execute       get_config_compile -unsafe_math_optimizations 
Execute       get_config_dataflow -default_channel 
Execute       get_config_dataflow -disable_fifo_sizing_opt 
Execute       get_config_dataflow -fifo_depth 
Execute       get_config_dataflow -override_user_fifo_depth 
Execute       get_config_dataflow -scalar_fifo_depth 
Execute       get_config_dataflow -start_fifo_depth 
Execute       get_config_dataflow -strict_mode 
Execute       get_config_dataflow -strict_stable_sync 
Execute       get_config_dataflow -task_level_fifo_depth 
Execute       get_config_debug -directory 
Execute       get_config_debug -enable 
Execute       get_config_export -description 
Execute       get_config_export -disable_deadlock_detection 
Execute       get_config_export -display_name 
Execute       get_config_export -format 
Execute       get_config_export -ip_xdc_file 
Execute       get_config_export -ip_xdc_ooc_file 
Execute       get_config_export -ipname 
Execute       get_config_export -library 
Execute       get_config_export -output 
Execute       get_config_export -rtl 
Execute       get_config_export -taxonomy 
Execute       get_config_export -vendor 
Execute       get_config_export -version 
Execute       get_config_export -vivado_clock 
Execute       get_config_export -vivado_impl_strategy 
Execute       get_config_export -vivado_max_timing_paths 
Execute       get_config_export -vivado_optimization_level 
Execute       get_config_export -vivado_pblock 
Execute       get_config_export -vivado_phys_opt 
Execute       get_config_export -vivado_report_level 
Execute       get_config_export -vivado_synth_design_args 
Execute       get_config_export -vivado_synth_strategy 
Execute       get_config_interface -clock_enable 
Execute       get_config_interface -default_slave_interface 
Execute       get_config_interface -m_axi_addr64 
Execute       get_config_interface -m_axi_alignment_byte_size 
Execute       get_config_interface -m_axi_auto_max_ports 
Execute       get_config_interface -m_axi_buffer_impl 
Execute       get_config_interface -m_axi_conservative_mode 
Execute       get_config_interface -m_axi_flush_mode 
Execute       get_config_interface -m_axi_latency 
Execute       get_config_interface -m_axi_max_bitwidth 
Execute       get_config_interface -m_axi_max_read_burst_length 
Execute       get_config_interface -m_axi_max_widen_bitwidth 
Execute       get_config_interface -m_axi_max_write_burst_length 
Execute       get_config_interface -m_axi_min_bitwidth 
Execute       get_config_interface -m_axi_num_read_outstanding 
Execute       get_config_interface -m_axi_num_write_outstanding 
Execute       get_config_interface -m_axi_offset 
Execute       get_config_interface -register_io 
Execute       get_config_interface -s_axilite_data64 
Execute       get_config_interface -s_axilite_mailbox 
Execute       get_config_interface -s_axilite_status_regs 
Execute       get_config_interface -s_axilite_sw_reset 
Execute       get_config_rtl -header 
Execute       get_config_rtl -kernel_profile 
Execute       get_config_rtl -module_auto_prefix 
Execute       get_config_rtl -module_prefix 
Execute       get_config_rtl -mult_keep_attribute 
Execute       get_config_rtl -register_all_io 
Execute       get_config_rtl -register_reset_num 
Execute       get_config_rtl -reset 
Execute       get_config_rtl -reset_async 
Execute       get_config_rtl -reset_level 
Execute       get_config_schedule -enable_dsp_full_reg 
Execute       get_config_unroll -tripcount_threshold 
INFO-FLOW: Done: create_csynth_xml config info time: 0.1 seconds per iteration
INFO-FLOW: Running: create_csynth_xml write xml
INFO-FLOW: Done: create_csynth_xml write xml time: 0 seconds per iteration
INFO-FLOW: DBG:PUTS:       create_csynth_xml wrote csynth_xml=C:/HLS/PID/pid/solution1/syn/report/csynth.xml
INFO-FLOW: DBG:PROC: ::AP::DESIGN_DATA::generate_json generate_bd_files='0' generate_xo_files='0' modelList='PID_faddfsub_32ns_32ns_32_5_full_dsp_1
PID_fmul_32ns_32ns_32_4_max_dsp_1
PID_fdiv_32ns_32ns_32_16_no_dsp_1
PID_fcmp_32ns_32ns_1_2_no_dsp_1
PID_control_s_axi
PID
' rtl_lang='both' bootstrap_tcl='false' outdir='' outfilename=''
Execute       source C:/HLS/PID/pid/solution1/.autopilot/db/global.setting.tcl 
Execute       source C:/HLS/PID/pid/solution1/.autopilot/db/global.setting.tcl 
Execute       get_solution -flow_target 
Execute       get_config_export -xo 
Execute       get_config_export -format 
Execute       source C:/HLS/PID/pid/solution1/.autopilot/db/top-io-be.tcl 
Execute       source C:/HLS/PID/pid/solution1/.autopilot/db/PID.tbgen.tcl 
Execute       source C:/HLS/PID/pid/solution1/.autopilot/db/PID.compgen.dataonly.tcl 
Execute       source C:/HLS/PID/pid/solution1/.autopilot/db/PID.compgen.dataonly.tcl 
Execute       source C:/HLS/PID/pid/solution1/.autopilot/db/PID.rtl_wrap.cfg.tcl 
Execute       source C:/HLS/PID/pid/solution1/.autopilot/db/PID.compgen.dataonly.tcl 
Execute       get_config_export -format 
Execute       ap_part_info -name xc7z007s-clg400-1 -data names -quiet 
Execute       ap_part_info -name xc7z007s-clg400-1 -data info -quiet 
Execute       source C:/HLS/PID/pid/solution1/.autopilot/db/PID.tbgen.tcl 
Execute       source C:/HLS/PID/pid/solution1/.autopilot/db/global.setting.tcl 
Execute       ap_part_info -name xc7z007s-clg400-1 -data names -quiet 
Execute       ap_part_info -name xc7z007s-clg400-1 -data info -quiet 
Execute       get_solution -flow_target 
Execute       get_config_rtl -kernel_profile 
Execute       get_config_rtl -kernel_profile 
Execute       get_config_rtl -stall_sig_gen 
Execute       get_config_rtl -profile 
Execute       source C:/HLS/PID/pid/solution1/.autopilot/db/PID.constraint.tcl 
Execute       sc_get_clocks PID 
Execute       source C:/HLS/PID/pid/solution1/.autopilot/db/global.setting.tcl 
Execute       get_config_export -ip_xdc_file 
Execute       get_config_export -ip_xdc_ooc_file 
Execute       get_config_debug -directory 
Execute       source C:/HLS/PID/pid/solution1/impl/misc/PID_dadddsub_64ns_64ns_64_5_full_dsp_1_ip.tcl 
Execute       source C:/HLS/PID/pid/solution1/impl/misc/PID_dmul_64ns_64ns_64_6_max_dsp_1_ip.tcl 
Execute       source C:/HLS/PID/pid/solution1/impl/misc/PID_faddfsub_32ns_32ns_32_5_full_dsp_1_ip.tcl 
Execute       source C:/HLS/PID/pid/solution1/impl/misc/PID_fcmp_32ns_32ns_1_2_no_dsp_1_ip.tcl 
Execute       source C:/HLS/PID/pid/solution1/impl/misc/PID_fdiv_32ns_32ns_32_12_no_dsp_1_ip.tcl 
Execute       source C:/HLS/PID/pid/solution1/impl/misc/PID_fdiv_32ns_32ns_32_16_no_dsp_1_ip.tcl 
Execute       source C:/HLS/PID/pid/solution1/impl/misc/PID_fmul_32ns_32ns_32_4_max_dsp_1_ip.tcl 
Execute       source C:/HLS/PID/pid/solution1/impl/misc/PID_fpext_32ns_64_2_no_dsp_1_ip.tcl 
Execute       source C:/HLS/PID/pid/solution1/impl/misc/PID_fsub_32ns_32ns_32_5_full_dsp_1_ip.tcl 
INFO-FLOW: DBG:PROC: ::AP::add_csynth_report_sections
INFO-FLOW: DBG:PUTS:       update_csynth_reports json2reportxml
INFO-FLOW: DBG:PUTS:       update_csynth_reports wrote xml
INFO-FLOW: DBG:PUTS:       update_csynth_reports appended to csynth rpt file
INFO: [HLS 200-111] Finished Updating report files: CPU user time: 0 seconds. CPU system time: 0 seconds. Elapsed time: 0.835 seconds; current allocated memory: 210.787 MB.
INFO: [VHDL 208-304] Generating VHDL RTL for PID.
INFO: [VLOG 209-307] Generating Verilog RTL for PID.
Execute       syn_report -model PID -printsummary 
INFO: [HLS 200-789] **** Estimated Fmax: 118.71 MHz
Command     autosyn done; 2.635 sec.
Command   csynth_design done; 11.641 sec.
INFO: [HLS 200-111] Finished Command csynth_design CPU user time: 3 seconds. CPU system time: 1 seconds. Elapsed time: 11.719 seconds; current allocated memory: 210.773 MB.
Command ap_source done; 13.192 sec.
Execute cleanup_all 
INFO-FLOW: Workspace C:/HLS/PID/pid/solution1 opened at Mon Jul 19 21:57:28 +0100 2021
Execute     ap_set_clock -name default -period 10 -default=false 
INFO: [SYN 201-201] Setting up clock 'default' with a period of 10ns.
Execute     set_part xc7z007sclg400-1 
Execute       create_platform xc7z007sclg400-1 -board  
DBG:HLSDevice: Trying to load device library: C:/Xilinx/Vitis_HLS/2021.1\lib\win64.o\librdi_hlsvwrap.dll
DBG:HLSDevice: first parts/arch.xml in RDI_DATADIR: C:/Xilinx/Vivado/2021.1/data/parts/arch.xml
DBG:HLSDevice: init success
Execute         source C:/Xilinx/Vitis_HLS/2021.1/common/technology/xilinx/DSP48/dsp48.hlp 
Execute         source C:/Xilinx/Vitis_HLS/2021.1/common/technology/xilinx/DSP48/zynq_dsp48e1.hlp 
INFO: [HLS 200-1611] Setting target device to 'xc7z007s-clg400-1'
Command       create_platform done; 1.308 sec.
Execute       source C:/Xilinx/Vitis_HLS/2021.1/common/technology/xilinx/common/xilinx.gen 
Execute         source C:/Xilinx/Vitis_HLS/2021.1/common/technology/xilinx/interface/plb46.gen 
Execute         source C:/Xilinx/Vitis_HLS/2021.1/common/technology/xilinx/interface/axi4.gen 
Execute         source C:/Xilinx/Vitis_HLS/2021.1/common/technology/xilinx/interface/nativeAXI4.gen 
Execute           source C:/Xilinx/Vitis_HLS/2021.1/common/technology/xilinx/interface/saxilite.gen 
Execute           source C:/Xilinx/Vitis_HLS/2021.1/common/technology/xilinx/interface/maxi.gen 
Execute         source C:/Xilinx/Vitis_HLS/2021.1/common/technology/xilinx/scripts/xilinxcoregen.gen 
Execute         source C:/Xilinx/Vitis_HLS/2021.1/common/technology/xilinx/interface/XilEDKCoreGen.gen 
Execute         source C:/Xilinx/Vitis_HLS/2021.1/common/technology/xilinx/ip/dds_compiler.gen 
Execute         source C:/Xilinx/Vitis_HLS/2021.1/common/technology/xilinx/ip/util.gen 
Execute         source C:/Xilinx/Vitis_HLS/2021.1/common/technology/xilinx/ip/xfft.gen 
Execute         source C:/Xilinx/Vitis_HLS/2021.1/common/technology/xilinx/ip/xfir.gen 
Execute         source C:/Xilinx/Vitis_HLS/2021.1/common/technology/xilinx/DSP48/dsp48.gen 
Command       ap_source done; 0.113 sec.
Execute       ap_part_info -name xc7z007s-clg400-1 -data info 
Execute       config_compile -quiet -complex-mul-dsp=0 
Command     set_part done; 1.444 sec.
Execute     send_msg_by_id INFO @200-1505@%s%s  vivado 
INFO: [HLS 200-1505] Using flow_target 'vivado'
Execute     get_config_interface -m_axi_latency 
Execute     get_config_interface -m_axi_alignment_byte_size 
Execute     get_config_interface -m_axi_max_widen_bitwidth 
Execute     get_config_interface -default_interface 
Execute     get_config_rtl -register_reset_num 
Execute     send_msg_by_id INFO @200-1464@%s config_export -format=ip_catalog 
INFO: [HLS 200-1464] Running solution command: config_export -format=ip_catalog
Execute     config_export -format=ip_catalog 
Execute     send_msg_by_id INFO @200-1464@%s config_export -output=C:/HLS/PID/PID.zip 
INFO: [HLS 200-1464] Running solution command: config_export -output=C:/HLS/PID/PID.zip
Execute     config_export -output=C:/HLS/PID/PID.zip 
Execute     send_msg_by_id INFO @200-1464@%s config_export -rtl=verilog 
INFO: [HLS 200-1464] Running solution command: config_export -rtl=verilog
Execute     config_export -rtl=verilog 
Command   open_solution done; 1.473 sec.
Execute   set_part xc7z007sclg400-1 
INFO: [HLS 200-1510] Running: set_part xc7z007sclg400-1 
Execute     create_platform xc7z007sclg400-1 -board  
Execute       source C:/Xilinx/Vitis_HLS/2021.1/common/technology/xilinx/DSP48/dsp48.hlp 
Execute       source C:/Xilinx/Vitis_HLS/2021.1/common/technology/xilinx/DSP48/zynq_dsp48e1.hlp 
Execute     source C:/Xilinx/Vitis_HLS/2021.1/common/technology/xilinx/common/xilinx.gen 
Execute       source C:/Xilinx/Vitis_HLS/2021.1/common/technology/xilinx/interface/plb46.gen 
Execute       source C:/Xilinx/Vitis_HLS/2021.1/common/technology/xilinx/interface/axi4.gen 
Execute       source C:/Xilinx/Vitis_HLS/2021.1/common/technology/xilinx/interface/nativeAXI4.gen 
Execute         source C:/Xilinx/Vitis_HLS/2021.1/common/technology/xilinx/interface/saxilite.gen 
Execute         source C:/Xilinx/Vitis_HLS/2021.1/common/technology/xilinx/interface/maxi.gen 
Execute       source C:/Xilinx/Vitis_HLS/2021.1/common/technology/xilinx/scripts/xilinxcoregen.gen 
Execute       source C:/Xilinx/Vitis_HLS/2021.1/common/technology/xilinx/interface/XilEDKCoreGen.gen 
Execute       source C:/Xilinx/Vitis_HLS/2021.1/common/technology/xilinx/ip/dds_compiler.gen 
Execute       source C:/Xilinx/Vitis_HLS/2021.1/common/technology/xilinx/ip/util.gen 
Execute       source C:/Xilinx/Vitis_HLS/2021.1/common/technology/xilinx/ip/xfft.gen 
Execute       source C:/Xilinx/Vitis_HLS/2021.1/common/technology/xilinx/ip/xfir.gen 
Execute       source C:/Xilinx/Vitis_HLS/2021.1/common/technology/xilinx/DSP48/dsp48.gen 
Command     ap_source done; 0.122 sec.
Execute     ap_part_info -name xc7z007s-clg400-1 -data info 
Execute     config_compile -quiet -complex-mul-dsp=0 
Command   set_part done; 0.172 sec.
Execute   create_clock -period 10 -name default 
INFO: [HLS 200-1510] Running: create_clock -period 10 -name default 
Execute   config_export -format ip_catalog -output C:/HLS/PID/PID.zip -rtl verilog 
INFO: [HLS 200-1510] Running: config_export -format ip_catalog -output C:/HLS/PID/PID.zip -rtl verilog 
Execute   source ./pid/solution1/directives.tcl 
Execute     set_directive_top -name PID PID 
INFO: [HLS 200-1510] Running: set_directive_top -name PID PID 
Execute   export_design -rtl verilog -format ip_catalog -output C:/HLS/PID/PID.zip 
INFO: [HLS 200-1510] Running: export_design -rtl verilog -format ip_catalog -output C:/HLS/PID/PID.zip 
Execute     get_config_export -clock_margin 
Execute     get_config_export -custom_script 
Execute     get_config_export -description 
Execute     get_config_export -display_name 
Execute     get_config_export -driver_input_dir 
Execute     get_config_export -ipname 
Execute     get_config_export -library 
Execute     get_config_export -qor_test 
Execute     get_config_export -sim 
Execute     get_config_export -taxonomy 
Execute     get_config_export -use_ip 
Execute     get_config_export -use_netlist 
Execute     get_config_export -vendor 
Execute     get_config_export -version 
Execute     get_config_export -xo 
Execute     config_export -format=ip_catalog -output=C:/HLS/PID/PID.zip -rtl=verilog 
INFO-FLOW: DBG:PUTS: export_design_wrap: -format ip_catalog -rtl verilog
Execute     source C:/HLS/PID/pid/solution1/.autopilot/db/global.setting.tcl 
Execute     get_config_export -vivado_clock 
Execute     get_top 
Execute     get_config_export -ipname 
Execute     get_config_export -xo 
Execute     get_config_export -format 
Execute     get_config_rtl -module_auto_prefix 
Execute     get_solution -flow_target 
Execute     get_config_export -xo 
Execute     get_config_export -format 
INFO-FLOW: DBG:PUTS:   auto_impl: pack: -export -rtl verilog
INFO-FLOW: DBG:PROC: ::AESL_AUTOIMPL::auto_impl args='-export -rtl verilog'
Execute     source C:/HLS/PID/pid/solution1/.autopilot/db/global.setting.tcl 
INFO: [IMPL 213-8] Exporting RTL as a Vivado IP.
Execute     source C:/HLS/PID/pid/solution1/.autopilot/db/global.setting.tcl 
INFO-FLOW: DBG:PUTS: automg_wrap -export -pcore_version 1.00.a -rtl vlog -tool Vivado -impltomg_flag
INFO-FLOW: DBG:PROC: ::AESL_AUTOMG::auto_generate args='-export -pcore_version 1.00.a -rtl vlog -tool Vivado -impltomg_flag'
INFO-FLOW: DBG:PUTS:     auto_generate -export -pcore_version 1.00.a -rtl vlog -tool Vivado -impltomg_flag
Execute     get_solution -flow_target 
Execute     get_config_export -xo 
Execute     get_config_export -format 
Execute     get_config_export -ip_xdc_file 
Execute     get_config_export -ip_xdc_ooc_file 
Execute     source C:/HLS/PID/pid/solution1/.autopilot/db/global.setting.tcl 
INFO-FLOW: DBG:PUTS: read_platform_lib C:/HLS/PID/pid/solution1/.autopilot/db/global.setting.tcl
Execute     source C:/Xilinx/Vitis_HLS/2021.1/common/technology/generic/autopilot/common.gen 
Execute       source C:/Xilinx/Vitis_HLS/2021.1/common/technology/generic/autopilot/APCoreGen.gen 
Execute     source C:/Xilinx/Vitis_HLS/2021.1/common/technology/generic/autopilot/op.gen 
Execute     source C:/Xilinx/Vitis_HLS/2021.1/common/technology/generic/autopilot/op_simcore.gen 
Execute     source C:/Xilinx/Vitis_HLS/2021.1/common/technology/generic/autopilot/interface.gen 
Execute     source C:/HLS/PID/pid/solution1/.autopilot/db/global.setting.tcl 
Execute     source C:/Xilinx/Vitis_HLS/2021.1/common/technology/xilinx/common/xilinx.gen 
Execute       source C:/Xilinx/Vitis_HLS/2021.1/common/technology/xilinx/interface/plb46.gen 
Execute       source C:/Xilinx/Vitis_HLS/2021.1/common/technology/xilinx/interface/axi4.gen 
Execute       source C:/Xilinx/Vitis_HLS/2021.1/common/technology/xilinx/interface/nativeAXI4.gen 
Execute         source C:/Xilinx/Vitis_HLS/2021.1/common/technology/xilinx/interface/saxilite.gen 
Execute         source C:/Xilinx/Vitis_HLS/2021.1/common/technology/xilinx/interface/maxi.gen 
Execute       source C:/Xilinx/Vitis_HLS/2021.1/common/technology/xilinx/scripts/xilinxcoregen.gen 
Execute       source C:/Xilinx/Vitis_HLS/2021.1/common/technology/xilinx/interface/XilEDKCoreGen.gen 
Execute       source C:/Xilinx/Vitis_HLS/2021.1/common/technology/xilinx/ip/dds_compiler.gen 
Execute       source C:/Xilinx/Vitis_HLS/2021.1/common/technology/xilinx/ip/util.gen 
Execute       source C:/Xilinx/Vitis_HLS/2021.1/common/technology/xilinx/ip/xfft.gen 
Execute       source C:/Xilinx/Vitis_HLS/2021.1/common/technology/xilinx/ip/xfir.gen 
Execute       source C:/Xilinx/Vitis_HLS/2021.1/common/technology/xilinx/DSP48/dsp48.gen 
Command     ap_source done; 0.118 sec.
INFO-FLOW: DBG:PUTS:   using AESL_AUTOCG::g_clock_period=10.000 (was NA)
INFO-FLOW: DBG:PUTS:       initCTypeInfo top_module=PID xml_exists=0
Execute     source C:/HLS/PID/pid/solution1/.autopilot/db/PID.rtl_wrap.cfg.tcl 
Execute     source C:/HLS/PID/pid/solution1/.autopilot/db/PID.rtl_wrap.cfg.tcl 
Execute     source C:/HLS/PID/pid/solution1/.autopilot/db/PID.rtl_wrap.cfg.tcl 
Execute     source C:/HLS/PID/pid/solution1/.autopilot/db/PID.tbgen.tcl 
Execute     source C:/HLS/PID/pid/solution1/.autopilot/db/PID.tbgen.tcl 
Execute     get_config_export -disable_deadlock_detection 
Execute     source C:/HLS/PID/pid/solution1/.autopilot/db/global.setting.tcl 
Execute     source C:/HLS/PID/pid/solution1/.autopilot/db/PID.tbgen.tcl 
Execute     get_config_rtl -module_prefix 
INFO-FLOW: DBG:PUTS:       cosim_export_main adding deadlock detection to PID
INFO-FLOW: DBG:PUTS: Skipping loadAnalyze_DB, #g_database=8
INFO-FLOW: DBG:PUTS:       generate_json generate_bd_files=0 generate_xo_files=false #modelList=6 #gSsdmPorts=0
INFO-FLOW: DBG:PROC: ::AP::DESIGN_DATA::generate_json generate_bd_files='0' generate_xo_files='false' modelList='PID_faddfsub_32ns_32ns_32_5_full_dsp_1
PID_fmul_32ns_32ns_32_4_max_dsp_1
PID_fdiv_32ns_32ns_32_16_no_dsp_1
PID_fcmp_32ns_32ns_1_2_no_dsp_1
PID_control_s_axi
PID
' rtl_lang='vlog' bootstrap_tcl='false' outdir='' outfilename=''
Execute     source C:/Xilinx/Vitis_HLS/2021.1/tps/tcl/tcllib1.11.1/yaml/huddle.tcl 
Execute     source C:/Xilinx/Vitis_HLS/2021.1/tps/tcl/tcllib1.11.1/yaml/json2huddle.tcl 
Execute       source C:/Xilinx/Vitis_HLS/2021.1/tps/tcl/tcllib1.11.1/try/try.tcl 
Execute     source C:/HLS/PID/pid/solution1/.autopilot/db/global.setting.tcl 
Execute     source C:/HLS/PID/pid/solution1/.autopilot/db/global.setting.tcl 
Execute     get_solution -flow_target 
Execute     get_config_export -xo 
Execute     get_config_export -format 
Execute     source C:/HLS/PID/pid/solution1/.autopilot/db/top-io-be.tcl 
Execute     source C:/HLS/PID/pid/solution1/.autopilot/db/PID.tbgen.tcl 
Execute     source C:/HLS/PID/pid/solution1/.autopilot/db/PID.compgen.dataonly.tcl 
Execute     source C:/HLS/PID/pid/solution1/.autopilot/db/PID.compgen.dataonly.tcl 
Execute     source C:/HLS/PID/pid/solution1/.autopilot/db/PID.rtl_wrap.cfg.tcl 
Execute     source C:/HLS/PID/pid/solution1/.autopilot/db/PID.compgen.dataonly.tcl 
Execute     get_config_export -format 
Execute     ap_part_info -name xc7z007s-clg400-1 -data names -quiet 
Execute     ap_part_info -name xc7z007s-clg400-1 -data info -quiet 
Execute     source C:/HLS/PID/pid/solution1/.autopilot/db/PID.tbgen.tcl 
Execute     source C:/HLS/PID/pid/solution1/.autopilot/db/global.setting.tcl 
Execute     ap_part_info -name xc7z007s-clg400-1 -data names -quiet 
Execute     ap_part_info -name xc7z007s-clg400-1 -data info -quiet 
Execute     get_solution -flow_target 
Execute     get_config_rtl -kernel_profile 
Execute     get_config_rtl -kernel_profile 
Execute     get_config_rtl -stall_sig_gen 
Execute     get_config_rtl -profile 
Execute     source C:/HLS/PID/pid/solution1/.autopilot/db/PID.constraint.tcl 
Execute     sc_get_clocks PID 
Execute     source C:/HLS/PID/pid/solution1/.autopilot/db/global.setting.tcl 
Execute     get_config_export -ip_xdc_file 
Execute     get_config_export -ip_xdc_ooc_file 
Execute     get_config_debug -directory 
Execute     source C:/HLS/PID/pid/solution1/impl/misc/PID_dadddsub_64ns_64ns_64_5_full_dsp_1_ip.tcl 
Execute     source C:/HLS/PID/pid/solution1/impl/misc/PID_dmul_64ns_64ns_64_6_max_dsp_1_ip.tcl 
Execute     source C:/HLS/PID/pid/solution1/impl/misc/PID_faddfsub_32ns_32ns_32_5_full_dsp_1_ip.tcl 
Execute     source C:/HLS/PID/pid/solution1/impl/misc/PID_fcmp_32ns_32ns_1_2_no_dsp_1_ip.tcl 
Execute     source C:/HLS/PID/pid/solution1/impl/misc/PID_fdiv_32ns_32ns_32_12_no_dsp_1_ip.tcl 
Execute     source C:/HLS/PID/pid/solution1/impl/misc/PID_fdiv_32ns_32ns_32_16_no_dsp_1_ip.tcl 
Execute     source C:/HLS/PID/pid/solution1/impl/misc/PID_fmul_32ns_32ns_32_4_max_dsp_1_ip.tcl 
Execute     source C:/HLS/PID/pid/solution1/impl/misc/PID_fpext_32ns_64_2_no_dsp_1_ip.tcl 
Execute     source C:/HLS/PID/pid/solution1/impl/misc/PID_fsub_32ns_32ns_32_5_full_dsp_1_ip.tcl 
Execute     get_config_export -disable_deadlock_detection 
Execute     source C:/HLS/PID/pid/solution1/.autopilot/db/global.setting.tcl 
Execute     source C:/HLS/PID/pid/solution1/.autopilot/db/PID.tbgen.tcl 
Execute     get_config_rtl -module_prefix 
INFO-FLOW: DBG:PUTS:       cosim_export_main adding deadlock detection to PID
INFO-FLOW: DBG:PUTS:       copy ip_driver_dir 1_0 C:/HLS/PID/pid/solution1/.autopilot/db/driver
Execute     get_config_export -format 
INFO-FLOW: DBG:PUTS:       generate_ip_script #gSsdmPorts=0 g_lang=vlog is_sdaccel=false is_sdsoc=true xo_file=
Execute     ap_part_info -name xc7z007s-clg400-1 -data names -quiet 
Execute     ap_part_info -name xc7z007s-clg400-1 -data info -quiet 
Execute     ap_part_info -name xc7z007s-clg400-1 -data names -quiet 
Execute     ap_part_info -name xc7z007s-clg400-1 -data info -quiet 
Execute     source C:/HLS/PID/pid/solution1/.autopilot/db/PID.compgen.dataonly.tcl 
Execute     source C:/HLS/PID/pid/solution1/.autopilot/db/PID.compgen.dataonly.tcl 
Execute     source C:/HLS/PID/pid/solution1/.autopilot/db/PID.tbgen.tcl 
Execute     source C:/HLS/PID/pid/solution1/.autopilot/db/global.setting.tcl 
Execute     get_config_debug -directory 
INFO-FLOW: DBG:PUTS:       generate_top_info
INFO-FLOW: DBG:PUTS:       prepArgInfo -> loadAnalyze_DB top_module=PID
Execute     source C:/HLS/PID/pid/solution1/.autopilot/db/PID.rtl_wrap.cfg.tcl 
Execute     source C:/HLS/PID/pid/solution1/.autopilot/db/PID.rtl_wrap.cfg.tcl 
Execute     source C:/HLS/PID/pid/solution1/.autopilot/db/PID.rtl_wrap.cfg.tcl 
Execute     source C:/HLS/PID/pid/solution1/.autopilot/db/PID.tbgen.tcl 
Execute     source C:/HLS/PID/pid/solution1/.autopilot/db/PID.tbgen.tcl 
Execute     ap_part_info -name xc7z007s-clg400-1 -data names -quiet 
Execute     ap_part_info -name xc7z007s-clg400-1 -data info -quiet 
Execute     source C:/HLS/PID/pid/solution1/.autopilot/db/global.setting.tcl 
Execute     ap_part_info -name xc7z007s-clg400-1 -data names -quiet 
Execute     ap_part_info -name xc7z007s-clg400-1 -data info -quiet 
Execute     ap_part_info -name xc7z007s-clg400-1 -data names -quiet 
Execute     ap_part_info -name xc7z007s-clg400-1 -data info -quiet 
Execute     source C:/HLS/PID/pid/solution1/.autopilot/db/PID.tbgen.tcl 
Execute     source C:/HLS/PID/pid/solution1/.autopilot/db/global.setting.tcl 
Execute     get_config_export -ip_xdc_ooc_file 
Execute     get_config_export -ip_xdc_file 
Execute     source C:/HLS/PID/pid/solution1/.autopilot/db/PID.constraint.tcl 
INFO-FLOW: DBG:PUTS:       generate_ipi_example_script
Execute     ap_part_info -name xc7z007s-clg400-1 -data names -quiet 
Execute     ap_part_info -name xc7z007s-clg400-1 -data info -quiet 
Execute     ap_part_info -name xc7z007s-clg400-1 -data names -quiet 
Execute     ap_part_info -name xc7z007s-clg400-1 -data info -quiet 
INFO-FLOW: DBG:PUTS:       generate_syn_sh
Execute     ap_part_info -name xc7z007s-clg400-1 -data names -quiet 
Execute     ap_part_info -name xc7z007s-clg400-1 -data info -quiet 
Execute     source C:/HLS/PID/pid/solution1/.autopilot/db/global.setting.tcl 
INFO-FLOW: DBG:PUTS:       generate_imp_constraints
Execute     ap_part_info -name xc7z007s-clg400-1 -data names -quiet 
Execute     ap_part_info -name xc7z007s-clg400-1 -data info -quiet 
Execute     source C:/HLS/PID/pid/solution1/.autopilot/db/PID.constraint.tcl 
Execute     source C:/HLS/PID/pid/solution1/.autopilot/db/PID.tbgen.tcl 
INFO-FLOW: DBG:PUTS:       delete-temp-dirs (skipped for debug)
Execute     ap_part_info -name xc7z007s-clg400-1 -data names -quiet 
Execute     ap_part_info -name xc7z007s-clg400-1 -data info -quiet 
INFO-FLOW: DBG:PUTS: read_platform_lib C:/HLS/PID/pid/solution1/.autopilot/db/global.setting.tcl
Execute     source C:/Xilinx/Vitis_HLS/2021.1/common/technology/generic/autopilot/common.gen 
Execute       source C:/Xilinx/Vitis_HLS/2021.1/common/technology/generic/autopilot/APCoreGen.gen 
Execute     source C:/Xilinx/Vitis_HLS/2021.1/common/technology/generic/autopilot/op.gen 
Execute     source C:/Xilinx/Vitis_HLS/2021.1/common/technology/generic/autopilot/op_simcore.gen 
Execute     source C:/Xilinx/Vitis_HLS/2021.1/common/technology/generic/autopilot/interface.gen 
Execute     source C:/HLS/PID/pid/solution1/.autopilot/db/global.setting.tcl 
Execute     source C:/Xilinx/Vitis_HLS/2021.1/common/technology/xilinx/common/xilinx.gen 
Execute       source C:/Xilinx/Vitis_HLS/2021.1/common/technology/xilinx/interface/plb46.gen 
Execute       source C:/Xilinx/Vitis_HLS/2021.1/common/technology/xilinx/interface/axi4.gen 
Execute       source C:/Xilinx/Vitis_HLS/2021.1/common/technology/xilinx/interface/nativeAXI4.gen 
Execute         source C:/Xilinx/Vitis_HLS/2021.1/common/technology/xilinx/interface/saxilite.gen 
Execute         source C:/Xilinx/Vitis_HLS/2021.1/common/technology/xilinx/interface/maxi.gen 
Execute       source C:/Xilinx/Vitis_HLS/2021.1/common/technology/xilinx/scripts/xilinxcoregen.gen 
Execute       source C:/Xilinx/Vitis_HLS/2021.1/common/technology/xilinx/interface/XilEDKCoreGen.gen 
Execute       source C:/Xilinx/Vitis_HLS/2021.1/common/technology/xilinx/ip/dds_compiler.gen 
Execute       source C:/Xilinx/Vitis_HLS/2021.1/common/technology/xilinx/ip/util.gen 
Execute       source C:/Xilinx/Vitis_HLS/2021.1/common/technology/xilinx/ip/xfft.gen 
Execute       source C:/Xilinx/Vitis_HLS/2021.1/common/technology/xilinx/ip/xfir.gen 
Execute       source C:/Xilinx/Vitis_HLS/2021.1/common/technology/xilinx/DSP48/dsp48.gen 
Command     ap_source done; 0.104 sec.
INFO-FLOW: DBG:PUTS:     IP package: exec C:/HLS/PID/pid/solution1/impl/ip/pack.bat
INFO-FLOW: DBG:PUTS:     IP package: success C:/HLS/PID/pid/solution1/impl/ip/pack.bat
Execute     get_config_export -output 
Execute     send_msg_by_id INFO @200-802@%s PID.zip 
INFO: [HLS 200-802] Generated output file PID.zip
Command   export_design done; 32.349 sec.
INFO: [HLS 200-111] Finished Command export_design CPU user time: 2 seconds. CPU system time: 0 seconds. Elapsed time: 32.432 seconds; current allocated memory: 192.026 MB.
Command ap_source done; 34.117 sec.
Execute cleanup_all 
