

================================================================
== Vitis HLS Report for 'PID'
================================================================
* Date:           Mon Jul 19 21:41:32 2021

* Version:        2021.1 (Build 3247384 on Thu Jun 10 19:36:33 MDT 2021)
* Project:        pid
* Solution:       solution1 (Vivado IP Flow Target)
* Product family: zynq
* Target device:  xc7z007s-clg400-1


================================================================
== Performance Estimates
================================================================
+ Timing: 
    * Summary: 
    +--------+----------+----------+------------+
    |  Clock |  Target  | Estimated| Uncertainty|
    +--------+----------+----------+------------+
    |ap_clk  |  10.00 ns|  8.424 ns|     2.70 ns|
    +--------+----------+----------+------------+

+ Latency: 
    * Summary: 
    +---------+---------+----------+----------+-----+-----+---------+
    |  Latency (cycles) |  Latency (absolute) |  Interval | Pipeline|
    |   min   |   max   |    min   |    max   | min | max |   Type  |
    +---------+---------+----------+----------+-----+-----+---------+
    |       38|       38|  0.380 us|  0.380 us|   39|   39|       no|
    +---------+---------+----------+----------+-----+-----+---------+

    + Detail: 
        * Instance: 
        N/A

        * Loop: 
        N/A



================================================================
== Utilization Estimates
================================================================
* Summary: 
+-----------------+---------+----+-------+-------+-----+
|       Name      | BRAM_18K| DSP|   FF  |  LUT  | URAM|
+-----------------+---------+----+-------+-------+-----+
|DSP              |        -|   -|      -|      -|    -|
|Expression       |        -|   -|      0|     60|    -|
|FIFO             |        -|   -|      -|      -|    -|
|Instance         |        0|   8|    825|   1584|    -|
|Memory           |        -|   -|      -|      -|    -|
|Multiplexer      |        -|   -|      -|    301|    -|
|Register         |        -|   -|    520|      -|    -|
+-----------------+---------+----+-------+-------+-----+
|Total            |        0|   8|   1345|   1945|    0|
+-----------------+---------+----+-------+-------+-----+
|Available        |      100|  66|  28800|  14400|    0|
+-----------------+---------+----+-------+-------+-----+
|Utilization (%)  |        0|  12|      4|     13|    0|
+-----------------+---------+----+-------+-------+-----+

+ Detail: 
    * Instance: 
    +---------------------------------------+------------------------------------+---------+----+-----+-----+-----+
    |                Instance               |               Module               | BRAM_18K| DSP|  FF | LUT | URAM|
    +---------------------------------------+------------------------------------+---------+----+-----+-----+-----+
    |control_s_axi_U                        |control_s_axi                       |        0|   0|  334|  552|    0|
    |faddfsub_32ns_32ns_32_5_full_dsp_1_U1  |faddfsub_32ns_32ns_32_5_full_dsp_1  |        0|   2|  205|  390|    0|
    |fcmp_32ns_32ns_1_2_no_dsp_1_U5         |fcmp_32ns_32ns_1_2_no_dsp_1         |        0|   0|    0|    0|    0|
    |fdiv_32ns_32ns_32_16_no_dsp_1_U4       |fdiv_32ns_32ns_32_16_no_dsp_1       |        0|   0|    0|    0|    0|
    |fmul_32ns_32ns_32_4_max_dsp_1_U2       |fmul_32ns_32ns_32_4_max_dsp_1       |        0|   3|  143|  321|    0|
    |fmul_32ns_32ns_32_4_max_dsp_1_U3       |fmul_32ns_32ns_32_4_max_dsp_1       |        0|   3|  143|  321|    0|
    +---------------------------------------+------------------------------------+---------+----+-----+-----+-----+
    |Total                                  |                                    |        0|   8|  825| 1584|    0|
    +---------------------------------------+------------------------------------+---------+----+-----+-----+-----+

    * DSP: 
    N/A

    * Memory: 
    N/A

    * FIFO: 
    N/A

    * Expression: 
    +-----------------------+----------+----+---+----+------------+------------+
    |     Variable Name     | Operation| DSP| FF| LUT| Bitwidth P0| Bitwidth P1|
    +-----------------------+----------+----+---+----+------------+------------+
    |and_ln30_1_fu_246_p2   |       and|   0|  0|   2|           1|           1|
    |and_ln30_fu_240_p2     |       and|   0|  0|   2|           1|           1|
    |icmp_ln30_1_fu_210_p2  |      icmp|   0|  0|  15|          23|           1|
    |icmp_ln30_2_fu_222_p2  |      icmp|   0|  0|  11|           8|           2|
    |icmp_ln30_3_fu_228_p2  |      icmp|   0|  0|  15|          23|           1|
    |icmp_ln30_fu_204_p2    |      icmp|   0|  0|  11|           8|           2|
    |or_ln30_1_fu_234_p2    |        or|   0|  0|   2|           1|           1|
    |or_ln30_fu_216_p2      |        or|   0|  0|   2|           1|           1|
    +-----------------------+----------+----+---+----+------------+------------+
    |Total                  |          |   0|  0|  60|          66|          10|
    +-----------------------+----------+----+---+----+------------+------------+

    * Multiplexer: 
    +-------------------------------+-----+-----------+-----+-----------+
    |              Name             | LUT | Input Size| Bits| Total Bits|
    +-------------------------------+-----+-----------+-----+-----------+
    |ap_NS_fsm                      |  177|         40|    1|         40|
    |ap_phi_mux_op_1_phi_fu_111_p4  |   14|          3|   32|         96|
    |grp_fu_117_opcode              |   14|          3|    2|          6|
    |grp_fu_117_p0                  |   25|          5|   32|        160|
    |grp_fu_117_p1                  |   31|          6|   32|        192|
    |grp_fu_121_p0                  |   20|          4|   32|        128|
    |grp_fu_121_p1                  |   20|          4|   32|        128|
    +-------------------------------+-----+-----------+-----+-----------+
    |Total                          |  301|         65|  163|        750|
    +-------------------------------+-----+-----------+-----+-----------+

    * Register: 
    +------------------------+----+----+-----+-----------+
    |          Name          | FF | LUT| Bits| Const Bits|
    +------------------------+----+----+-----+-----------+
    |KD_read_reg_274         |  32|   0|   32|          0|
    |KI_read_reg_279         |  32|   0|   32|          0|
    |KP_read_reg_284         |  32|   0|   32|          0|
    |ap_CS_fsm               |  39|   0|   39|          0|
    |div_reg_318             |  32|   0|   32|          0|
    |error_prev              |  32|   0|   32|          0|
    |i_prev                  |  32|   0|   32|          0|
    |i_reg_312               |  32|   0|   32|          0|
    |mul1_reg_299            |  32|   0|   32|          0|
    |mul2_reg_304            |  32|   0|   32|          0|
    |pmax_read_reg_256       |  32|   0|   32|          0|
    |reg_137                 |  32|   0|   32|          0|
    |reg_147                 |  32|   0|   32|          0|
    |sample_read_reg_269     |  32|   0|   32|          0|
    |set_point_read_reg_289  |  32|   0|   32|          0|
    |tmp_2_reg_323           |   1|   0|    1|          0|
    |ts_read_reg_263         |  32|   0|   32|          0|
    +------------------------+----+----+-----+-----------+
    |Total                   | 520|   0|  520|          0|
    +------------------------+----+----+-----+-----------+



================================================================
== Interface
================================================================
* Summary: 
+-----------------------+-----+-----+------------+--------------+--------------+
|       RTL Ports       | Dir | Bits|  Protocol  | Source Object|    C Type    |
+-----------------------+-----+-----+------------+--------------+--------------+
|s_axi_control_AWVALID  |   in|    1|       s_axi|       control|        scalar|
|s_axi_control_AWREADY  |  out|    1|       s_axi|       control|        scalar|
|s_axi_control_AWADDR   |   in|    7|       s_axi|       control|        scalar|
|s_axi_control_WVALID   |   in|    1|       s_axi|       control|        scalar|
|s_axi_control_WREADY   |  out|    1|       s_axi|       control|        scalar|
|s_axi_control_WDATA    |   in|   32|       s_axi|       control|        scalar|
|s_axi_control_WSTRB    |   in|    4|       s_axi|       control|        scalar|
|s_axi_control_ARVALID  |   in|    1|       s_axi|       control|        scalar|
|s_axi_control_ARREADY  |  out|    1|       s_axi|       control|        scalar|
|s_axi_control_ARADDR   |   in|    7|       s_axi|       control|        scalar|
|s_axi_control_RVALID   |  out|    1|       s_axi|       control|        scalar|
|s_axi_control_RREADY   |   in|    1|       s_axi|       control|        scalar|
|s_axi_control_RDATA    |  out|   32|       s_axi|       control|        scalar|
|s_axi_control_RRESP    |  out|    2|       s_axi|       control|        scalar|
|s_axi_control_BVALID   |  out|    1|       s_axi|       control|        scalar|
|s_axi_control_BREADY   |   in|    1|       s_axi|       control|        scalar|
|s_axi_control_BRESP    |  out|    2|       s_axi|       control|        scalar|
|ap_clk                 |   in|    1|  ap_ctrl_hs|           PID|  return value|
|ap_rst_n               |   in|    1|  ap_ctrl_hs|           PID|  return value|
|interrupt              |  out|    1|  ap_ctrl_hs|           PID|  return value|
+-----------------------+-----+-----+------------+--------------+--------------+

============================================================
+ Verbose Summary: Synthesis Manager
============================================================
InlineROM: 1
ExposeGlobal: 0
============================================================
+ Verbose Summary: CDFG Model
============================================================
IsTopModel: 1
ResetActiveHigh: 1
IsCombinational: 2
IsDatapathOnly: 2
HasWiredReturn: 1
HasMFsm: 0
HasVarLatency: 1
IsPipeline: 0
IsRtlPipelined: 0
IsInstanceOverlapped: 0
IsDontTouch: 0
HasImplIP: 0
IsGatedGlobalClock: 0


============================================================
+ Verbose Summary: Schedule
============================================================
* Number of FSM states : 39
* Pipeline : 0
* Dataflow Pipeline: 0

* FSM state transitions: 
1 --> 2 
2 --> 3 
3 --> 4 
4 --> 5 
5 --> 6 
6 --> 7 
7 --> 8 
8 --> 9 
9 --> 10 
10 --> 11 
11 --> 12 
12 --> 13 
13 --> 14 
14 --> 15 
15 --> 16 
16 --> 17 
17 --> 18 
18 --> 19 
19 --> 20 
20 --> 21 
21 --> 22 
22 --> 23 
23 --> 24 
24 --> 25 
25 --> 26 
26 --> 27 
27 --> 28 
28 --> 29 
29 --> 30 
30 --> 31 
31 --> 32 
32 --> 33 
33 --> 34 
34 --> 35 
35 --> 36 
36 --> 37 
37 --> 38 
38 --> 39 
39 --> 

* FSM state operations: 

State 1 <SV = 0> <Delay = 1.00>
ST_1 : Operation 40 [1/1] (1.00ns)   --->   "%pmax_read = read i32 @_ssdm_op_Read.s_axilite.float, i32 %pmax" [pid.cpp:6]   --->   Operation 40 'read' 'pmax_read' <Predicate = true> <Delay = 1.00> <CoreInst = "s_axilite">   --->   Core 114 's_axilite' <Latency = 0> <II = 1> <Delay = 1.00> <Adapter> <Opcode : 'read' 'write'>
ST_1 : Operation 41 [1/1] (1.00ns)   --->   "%ts_read = read i32 @_ssdm_op_Read.s_axilite.float, i32 %ts" [pid.cpp:6]   --->   Operation 41 'read' 'ts_read' <Predicate = true> <Delay = 1.00> <CoreInst = "s_axilite">   --->   Core 114 's_axilite' <Latency = 0> <II = 1> <Delay = 1.00> <Adapter> <Opcode : 'read' 'write'>
ST_1 : Operation 42 [1/1] (1.00ns)   --->   "%sample_read = read i32 @_ssdm_op_Read.s_axilite.float, i32 %sample" [pid.cpp:6]   --->   Operation 42 'read' 'sample_read' <Predicate = true> <Delay = 1.00> <CoreInst = "s_axilite">   --->   Core 114 's_axilite' <Latency = 0> <II = 1> <Delay = 1.00> <Adapter> <Opcode : 'read' 'write'>
ST_1 : Operation 43 [1/1] (1.00ns)   --->   "%KD_read = read i32 @_ssdm_op_Read.s_axilite.float, i32 %KD" [pid.cpp:6]   --->   Operation 43 'read' 'KD_read' <Predicate = true> <Delay = 1.00> <CoreInst = "s_axilite">   --->   Core 114 's_axilite' <Latency = 0> <II = 1> <Delay = 1.00> <Adapter> <Opcode : 'read' 'write'>
ST_1 : Operation 44 [1/1] (1.00ns)   --->   "%KI_read = read i32 @_ssdm_op_Read.s_axilite.float, i32 %KI" [pid.cpp:6]   --->   Operation 44 'read' 'KI_read' <Predicate = true> <Delay = 1.00> <CoreInst = "s_axilite">   --->   Core 114 's_axilite' <Latency = 0> <II = 1> <Delay = 1.00> <Adapter> <Opcode : 'read' 'write'>
ST_1 : Operation 45 [1/1] (1.00ns)   --->   "%KP_read = read i32 @_ssdm_op_Read.s_axilite.float, i32 %KP" [pid.cpp:6]   --->   Operation 45 'read' 'KP_read' <Predicate = true> <Delay = 1.00> <CoreInst = "s_axilite">   --->   Core 114 's_axilite' <Latency = 0> <II = 1> <Delay = 1.00> <Adapter> <Opcode : 'read' 'write'>
ST_1 : Operation 46 [1/1] (1.00ns)   --->   "%set_point_read = read i32 @_ssdm_op_Read.s_axilite.float, i32 %set_point" [pid.cpp:6]   --->   Operation 46 'read' 'set_point_read' <Predicate = true> <Delay = 1.00> <CoreInst = "s_axilite">   --->   Core 114 's_axilite' <Latency = 0> <II = 1> <Delay = 1.00> <Adapter> <Opcode : 'read' 'write'>

State 2 <SV = 1> <Delay = 8.42>
ST_2 : Operation 47 [5/5] (8.42ns)   --->   "%error = fsub i32 %set_point_read, i32 %sample_read" [pid.cpp:22]   --->   Operation 47 'fsub' 'error' <Predicate = true> <Delay = 8.42> <CoreInst = "FAddSub_fulldsp">   --->   Core 18 'FAddSub_fulldsp' <Latency = 4> <II = 1> <Delay = 7.25> <FuncUnit> <Opcode : 'fadd' 'fsub'> <InPorts = 2> <OutPorts = 1>

State 3 <SV = 2> <Delay = 7.25>
ST_3 : Operation 48 [4/5] (7.25ns)   --->   "%error = fsub i32 %set_point_read, i32 %sample_read" [pid.cpp:22]   --->   Operation 48 'fsub' 'error' <Predicate = true> <Delay = 7.25> <CoreInst = "FAddSub_fulldsp">   --->   Core 18 'FAddSub_fulldsp' <Latency = 4> <II = 1> <Delay = 7.25> <FuncUnit> <Opcode : 'fadd' 'fsub'> <InPorts = 2> <OutPorts = 1>

State 4 <SV = 3> <Delay = 7.25>
ST_4 : Operation 49 [3/5] (7.25ns)   --->   "%error = fsub i32 %set_point_read, i32 %sample_read" [pid.cpp:22]   --->   Operation 49 'fsub' 'error' <Predicate = true> <Delay = 7.25> <CoreInst = "FAddSub_fulldsp">   --->   Core 18 'FAddSub_fulldsp' <Latency = 4> <II = 1> <Delay = 7.25> <FuncUnit> <Opcode : 'fadd' 'fsub'> <InPorts = 2> <OutPorts = 1>

State 5 <SV = 4> <Delay = 7.25>
ST_5 : Operation 50 [2/5] (7.25ns)   --->   "%error = fsub i32 %set_point_read, i32 %sample_read" [pid.cpp:22]   --->   Operation 50 'fsub' 'error' <Predicate = true> <Delay = 7.25> <CoreInst = "FAddSub_fulldsp">   --->   Core 18 'FAddSub_fulldsp' <Latency = 4> <II = 1> <Delay = 7.25> <FuncUnit> <Opcode : 'fadd' 'fsub'> <InPorts = 2> <OutPorts = 1>

State 6 <SV = 5> <Delay = 7.25>
ST_6 : Operation 51 [1/5] (7.25ns)   --->   "%error = fsub i32 %set_point_read, i32 %sample_read" [pid.cpp:22]   --->   Operation 51 'fsub' 'error' <Predicate = true> <Delay = 7.25> <CoreInst = "FAddSub_fulldsp">   --->   Core 18 'FAddSub_fulldsp' <Latency = 4> <II = 1> <Delay = 7.25> <FuncUnit> <Opcode : 'fadd' 'fsub'> <InPorts = 2> <OutPorts = 1>

State 7 <SV = 6> <Delay = 8.42>
ST_7 : Operation 52 [4/4] (5.70ns)   --->   "%p = fmul i32 %error, i32 %KP_read" [pid.cpp:24]   --->   Operation 52 'fmul' 'p' <Predicate = true> <Delay = 5.70> <CoreInst = "FMul_maxdsp">   --->   Core 30 'FMul_maxdsp' <Latency = 3> <II = 1> <Delay = 5.70> <FuncUnit> <Opcode : 'fmul'> <InPorts = 2> <OutPorts = 1>
ST_7 : Operation 53 [4/4] (5.70ns)   --->   "%mul1 = fmul i32 %error, i32 %ts_read" [pid.cpp:25]   --->   Operation 53 'fmul' 'mul1' <Predicate = true> <Delay = 5.70> <CoreInst = "FMul_maxdsp">   --->   Core 30 'FMul_maxdsp' <Latency = 3> <II = 1> <Delay = 5.70> <FuncUnit> <Opcode : 'fmul'> <InPorts = 2> <OutPorts = 1>
ST_7 : Operation 54 [1/1] (0.00ns)   --->   "%error_prev_load = load i32 %error_prev" [pid.cpp:26]   --->   Operation 54 'load' 'error_prev_load' <Predicate = true> <Delay = 0.00>
ST_7 : Operation 55 [5/5] (8.42ns)   --->   "%sub3 = fsub i32 %error, i32 %error_prev_load" [pid.cpp:26]   --->   Operation 55 'fsub' 'sub3' <Predicate = true> <Delay = 8.42> <CoreInst = "FAddSub_fulldsp">   --->   Core 18 'FAddSub_fulldsp' <Latency = 4> <II = 1> <Delay = 7.25> <FuncUnit> <Opcode : 'fadd' 'fsub'> <InPorts = 2> <OutPorts = 1>
ST_7 : Operation 56 [1/1] (0.00ns)   --->   "%store_ln29 = store i32 %error, i32 %error_prev" [pid.cpp:29]   --->   Operation 56 'store' 'store_ln29' <Predicate = true> <Delay = 0.00>

State 8 <SV = 7> <Delay = 7.25>
ST_8 : Operation 57 [3/4] (5.70ns)   --->   "%p = fmul i32 %error, i32 %KP_read" [pid.cpp:24]   --->   Operation 57 'fmul' 'p' <Predicate = true> <Delay = 5.70> <CoreInst = "FMul_maxdsp">   --->   Core 30 'FMul_maxdsp' <Latency = 3> <II = 1> <Delay = 5.70> <FuncUnit> <Opcode : 'fmul'> <InPorts = 2> <OutPorts = 1>
ST_8 : Operation 58 [3/4] (5.70ns)   --->   "%mul1 = fmul i32 %error, i32 %ts_read" [pid.cpp:25]   --->   Operation 58 'fmul' 'mul1' <Predicate = true> <Delay = 5.70> <CoreInst = "FMul_maxdsp">   --->   Core 30 'FMul_maxdsp' <Latency = 3> <II = 1> <Delay = 5.70> <FuncUnit> <Opcode : 'fmul'> <InPorts = 2> <OutPorts = 1>
ST_8 : Operation 59 [4/5] (7.25ns)   --->   "%sub3 = fsub i32 %error, i32 %error_prev_load" [pid.cpp:26]   --->   Operation 59 'fsub' 'sub3' <Predicate = true> <Delay = 7.25> <CoreInst = "FAddSub_fulldsp">   --->   Core 18 'FAddSub_fulldsp' <Latency = 4> <II = 1> <Delay = 7.25> <FuncUnit> <Opcode : 'fadd' 'fsub'> <InPorts = 2> <OutPorts = 1>

State 9 <SV = 8> <Delay = 7.25>
ST_9 : Operation 60 [2/4] (5.70ns)   --->   "%p = fmul i32 %error, i32 %KP_read" [pid.cpp:24]   --->   Operation 60 'fmul' 'p' <Predicate = true> <Delay = 5.70> <CoreInst = "FMul_maxdsp">   --->   Core 30 'FMul_maxdsp' <Latency = 3> <II = 1> <Delay = 5.70> <FuncUnit> <Opcode : 'fmul'> <InPorts = 2> <OutPorts = 1>
ST_9 : Operation 61 [2/4] (5.70ns)   --->   "%mul1 = fmul i32 %error, i32 %ts_read" [pid.cpp:25]   --->   Operation 61 'fmul' 'mul1' <Predicate = true> <Delay = 5.70> <CoreInst = "FMul_maxdsp">   --->   Core 30 'FMul_maxdsp' <Latency = 3> <II = 1> <Delay = 5.70> <FuncUnit> <Opcode : 'fmul'> <InPorts = 2> <OutPorts = 1>
ST_9 : Operation 62 [3/5] (7.25ns)   --->   "%sub3 = fsub i32 %error, i32 %error_prev_load" [pid.cpp:26]   --->   Operation 62 'fsub' 'sub3' <Predicate = true> <Delay = 7.25> <CoreInst = "FAddSub_fulldsp">   --->   Core 18 'FAddSub_fulldsp' <Latency = 4> <II = 1> <Delay = 7.25> <FuncUnit> <Opcode : 'fadd' 'fsub'> <InPorts = 2> <OutPorts = 1>

State 10 <SV = 9> <Delay = 7.25>
ST_10 : Operation 63 [1/4] (5.70ns)   --->   "%p = fmul i32 %error, i32 %KP_read" [pid.cpp:24]   --->   Operation 63 'fmul' 'p' <Predicate = true> <Delay = 5.70> <CoreInst = "FMul_maxdsp">   --->   Core 30 'FMul_maxdsp' <Latency = 3> <II = 1> <Delay = 5.70> <FuncUnit> <Opcode : 'fmul'> <InPorts = 2> <OutPorts = 1>
ST_10 : Operation 64 [1/4] (5.70ns)   --->   "%mul1 = fmul i32 %error, i32 %ts_read" [pid.cpp:25]   --->   Operation 64 'fmul' 'mul1' <Predicate = true> <Delay = 5.70> <CoreInst = "FMul_maxdsp">   --->   Core 30 'FMul_maxdsp' <Latency = 3> <II = 1> <Delay = 5.70> <FuncUnit> <Opcode : 'fmul'> <InPorts = 2> <OutPorts = 1>
ST_10 : Operation 65 [2/5] (7.25ns)   --->   "%sub3 = fsub i32 %error, i32 %error_prev_load" [pid.cpp:26]   --->   Operation 65 'fsub' 'sub3' <Predicate = true> <Delay = 7.25> <CoreInst = "FAddSub_fulldsp">   --->   Core 18 'FAddSub_fulldsp' <Latency = 4> <II = 1> <Delay = 7.25> <FuncUnit> <Opcode : 'fadd' 'fsub'> <InPorts = 2> <OutPorts = 1>

State 11 <SV = 10> <Delay = 7.25>
ST_11 : Operation 66 [4/4] (5.70ns)   --->   "%mul2 = fmul i32 %mul1, i32 %KI_read" [pid.cpp:25]   --->   Operation 66 'fmul' 'mul2' <Predicate = true> <Delay = 5.70> <CoreInst = "FMul_maxdsp">   --->   Core 30 'FMul_maxdsp' <Latency = 3> <II = 1> <Delay = 5.70> <FuncUnit> <Opcode : 'fmul'> <InPorts = 2> <OutPorts = 1>
ST_11 : Operation 67 [1/5] (7.25ns)   --->   "%sub3 = fsub i32 %error, i32 %error_prev_load" [pid.cpp:26]   --->   Operation 67 'fsub' 'sub3' <Predicate = true> <Delay = 7.25> <CoreInst = "FAddSub_fulldsp">   --->   Core 18 'FAddSub_fulldsp' <Latency = 4> <II = 1> <Delay = 7.25> <FuncUnit> <Opcode : 'fadd' 'fsub'> <InPorts = 2> <OutPorts = 1>

State 12 <SV = 11> <Delay = 6.07>
ST_12 : Operation 68 [3/4] (5.70ns)   --->   "%mul2 = fmul i32 %mul1, i32 %KI_read" [pid.cpp:25]   --->   Operation 68 'fmul' 'mul2' <Predicate = true> <Delay = 5.70> <CoreInst = "FMul_maxdsp">   --->   Core 30 'FMul_maxdsp' <Latency = 3> <II = 1> <Delay = 5.70> <FuncUnit> <Opcode : 'fmul'> <InPorts = 2> <OutPorts = 1>
ST_12 : Operation 69 [16/16] (6.07ns)   --->   "%div = fdiv i32 %sub3, i32 %ts_read" [pid.cpp:26]   --->   Operation 69 'fdiv' 'div' <Predicate = true> <Delay = 6.07> <CoreInst = "FDiv">   --->   Core 20 'FDiv' <Latency = 15> <II = 1> <Delay = 6.07> <FuncUnit> <Opcode : 'fdiv' 'frem'> <InPorts = 2> <OutPorts = 1>

State 13 <SV = 12> <Delay = 6.07>
ST_13 : Operation 70 [2/4] (5.70ns)   --->   "%mul2 = fmul i32 %mul1, i32 %KI_read" [pid.cpp:25]   --->   Operation 70 'fmul' 'mul2' <Predicate = true> <Delay = 5.70> <CoreInst = "FMul_maxdsp">   --->   Core 30 'FMul_maxdsp' <Latency = 3> <II = 1> <Delay = 5.70> <FuncUnit> <Opcode : 'fmul'> <InPorts = 2> <OutPorts = 1>
ST_13 : Operation 71 [15/16] (6.07ns)   --->   "%div = fdiv i32 %sub3, i32 %ts_read" [pid.cpp:26]   --->   Operation 71 'fdiv' 'div' <Predicate = true> <Delay = 6.07> <CoreInst = "FDiv">   --->   Core 20 'FDiv' <Latency = 15> <II = 1> <Delay = 6.07> <FuncUnit> <Opcode : 'fdiv' 'frem'> <InPorts = 2> <OutPorts = 1>

State 14 <SV = 13> <Delay = 6.07>
ST_14 : Operation 72 [1/4] (5.70ns)   --->   "%mul2 = fmul i32 %mul1, i32 %KI_read" [pid.cpp:25]   --->   Operation 72 'fmul' 'mul2' <Predicate = true> <Delay = 5.70> <CoreInst = "FMul_maxdsp">   --->   Core 30 'FMul_maxdsp' <Latency = 3> <II = 1> <Delay = 5.70> <FuncUnit> <Opcode : 'fmul'> <InPorts = 2> <OutPorts = 1>
ST_14 : Operation 73 [14/16] (6.07ns)   --->   "%div = fdiv i32 %sub3, i32 %ts_read" [pid.cpp:26]   --->   Operation 73 'fdiv' 'div' <Predicate = true> <Delay = 6.07> <CoreInst = "FDiv">   --->   Core 20 'FDiv' <Latency = 15> <II = 1> <Delay = 6.07> <FuncUnit> <Opcode : 'fdiv' 'frem'> <InPorts = 2> <OutPorts = 1>

State 15 <SV = 14> <Delay = 6.07>
ST_15 : Operation 74 [13/16] (6.07ns)   --->   "%div = fdiv i32 %sub3, i32 %ts_read" [pid.cpp:26]   --->   Operation 74 'fdiv' 'div' <Predicate = true> <Delay = 6.07> <CoreInst = "FDiv">   --->   Core 20 'FDiv' <Latency = 15> <II = 1> <Delay = 6.07> <FuncUnit> <Opcode : 'fdiv' 'frem'> <InPorts = 2> <OutPorts = 1>

State 16 <SV = 15> <Delay = 6.07>
ST_16 : Operation 75 [12/16] (6.07ns)   --->   "%div = fdiv i32 %sub3, i32 %ts_read" [pid.cpp:26]   --->   Operation 75 'fdiv' 'div' <Predicate = true> <Delay = 6.07> <CoreInst = "FDiv">   --->   Core 20 'FDiv' <Latency = 15> <II = 1> <Delay = 6.07> <FuncUnit> <Opcode : 'fdiv' 'frem'> <InPorts = 2> <OutPorts = 1>

State 17 <SV = 16> <Delay = 6.07>
ST_17 : Operation 76 [11/16] (6.07ns)   --->   "%div = fdiv i32 %sub3, i32 %ts_read" [pid.cpp:26]   --->   Operation 76 'fdiv' 'div' <Predicate = true> <Delay = 6.07> <CoreInst = "FDiv">   --->   Core 20 'FDiv' <Latency = 15> <II = 1> <Delay = 6.07> <FuncUnit> <Opcode : 'fdiv' 'frem'> <InPorts = 2> <OutPorts = 1>

State 18 <SV = 17> <Delay = 6.07>
ST_18 : Operation 77 [10/16] (6.07ns)   --->   "%div = fdiv i32 %sub3, i32 %ts_read" [pid.cpp:26]   --->   Operation 77 'fdiv' 'div' <Predicate = true> <Delay = 6.07> <CoreInst = "FDiv">   --->   Core 20 'FDiv' <Latency = 15> <II = 1> <Delay = 6.07> <FuncUnit> <Opcode : 'fdiv' 'frem'> <InPorts = 2> <OutPorts = 1>

State 19 <SV = 18> <Delay = 6.07>
ST_19 : Operation 78 [9/16] (6.07ns)   --->   "%div = fdiv i32 %sub3, i32 %ts_read" [pid.cpp:26]   --->   Operation 78 'fdiv' 'div' <Predicate = true> <Delay = 6.07> <CoreInst = "FDiv">   --->   Core 20 'FDiv' <Latency = 15> <II = 1> <Delay = 6.07> <FuncUnit> <Opcode : 'fdiv' 'frem'> <InPorts = 2> <OutPorts = 1>

State 20 <SV = 19> <Delay = 6.07>
ST_20 : Operation 79 [8/16] (6.07ns)   --->   "%div = fdiv i32 %sub3, i32 %ts_read" [pid.cpp:26]   --->   Operation 79 'fdiv' 'div' <Predicate = true> <Delay = 6.07> <CoreInst = "FDiv">   --->   Core 20 'FDiv' <Latency = 15> <II = 1> <Delay = 6.07> <FuncUnit> <Opcode : 'fdiv' 'frem'> <InPorts = 2> <OutPorts = 1>

State 21 <SV = 20> <Delay = 6.07>
ST_21 : Operation 80 [7/16] (6.07ns)   --->   "%div = fdiv i32 %sub3, i32 %ts_read" [pid.cpp:26]   --->   Operation 80 'fdiv' 'div' <Predicate = true> <Delay = 6.07> <CoreInst = "FDiv">   --->   Core 20 'FDiv' <Latency = 15> <II = 1> <Delay = 6.07> <FuncUnit> <Opcode : 'fdiv' 'frem'> <InPorts = 2> <OutPorts = 1>

State 22 <SV = 21> <Delay = 8.42>
ST_22 : Operation 81 [1/1] (0.00ns)   --->   "%i_prev_load = load i32 %i_prev" [pid.cpp:25]   --->   Operation 81 'load' 'i_prev_load' <Predicate = true> <Delay = 0.00>
ST_22 : Operation 82 [5/5] (8.42ns)   --->   "%i = fadd i32 %i_prev_load, i32 %mul2" [pid.cpp:25]   --->   Operation 82 'fadd' 'i' <Predicate = true> <Delay = 8.42> <CoreInst = "FAddSub_fulldsp">   --->   Core 18 'FAddSub_fulldsp' <Latency = 4> <II = 1> <Delay = 7.25> <FuncUnit> <Opcode : 'fadd' 'fsub'> <InPorts = 2> <OutPorts = 1>
ST_22 : Operation 83 [6/16] (6.07ns)   --->   "%div = fdiv i32 %sub3, i32 %ts_read" [pid.cpp:26]   --->   Operation 83 'fdiv' 'div' <Predicate = true> <Delay = 6.07> <CoreInst = "FDiv">   --->   Core 20 'FDiv' <Latency = 15> <II = 1> <Delay = 6.07> <FuncUnit> <Opcode : 'fdiv' 'frem'> <InPorts = 2> <OutPorts = 1>

State 23 <SV = 22> <Delay = 7.25>
ST_23 : Operation 84 [4/5] (7.25ns)   --->   "%i = fadd i32 %i_prev_load, i32 %mul2" [pid.cpp:25]   --->   Operation 84 'fadd' 'i' <Predicate = true> <Delay = 7.25> <CoreInst = "FAddSub_fulldsp">   --->   Core 18 'FAddSub_fulldsp' <Latency = 4> <II = 1> <Delay = 7.25> <FuncUnit> <Opcode : 'fadd' 'fsub'> <InPorts = 2> <OutPorts = 1>
ST_23 : Operation 85 [5/16] (6.07ns)   --->   "%div = fdiv i32 %sub3, i32 %ts_read" [pid.cpp:26]   --->   Operation 85 'fdiv' 'div' <Predicate = true> <Delay = 6.07> <CoreInst = "FDiv">   --->   Core 20 'FDiv' <Latency = 15> <II = 1> <Delay = 6.07> <FuncUnit> <Opcode : 'fdiv' 'frem'> <InPorts = 2> <OutPorts = 1>

State 24 <SV = 23> <Delay = 7.25>
ST_24 : Operation 86 [3/5] (7.25ns)   --->   "%i = fadd i32 %i_prev_load, i32 %mul2" [pid.cpp:25]   --->   Operation 86 'fadd' 'i' <Predicate = true> <Delay = 7.25> <CoreInst = "FAddSub_fulldsp">   --->   Core 18 'FAddSub_fulldsp' <Latency = 4> <II = 1> <Delay = 7.25> <FuncUnit> <Opcode : 'fadd' 'fsub'> <InPorts = 2> <OutPorts = 1>
ST_24 : Operation 87 [4/16] (6.07ns)   --->   "%div = fdiv i32 %sub3, i32 %ts_read" [pid.cpp:26]   --->   Operation 87 'fdiv' 'div' <Predicate = true> <Delay = 6.07> <CoreInst = "FDiv">   --->   Core 20 'FDiv' <Latency = 15> <II = 1> <Delay = 6.07> <FuncUnit> <Opcode : 'fdiv' 'frem'> <InPorts = 2> <OutPorts = 1>

State 25 <SV = 24> <Delay = 7.25>
ST_25 : Operation 88 [2/5] (7.25ns)   --->   "%i = fadd i32 %i_prev_load, i32 %mul2" [pid.cpp:25]   --->   Operation 88 'fadd' 'i' <Predicate = true> <Delay = 7.25> <CoreInst = "FAddSub_fulldsp">   --->   Core 18 'FAddSub_fulldsp' <Latency = 4> <II = 1> <Delay = 7.25> <FuncUnit> <Opcode : 'fadd' 'fsub'> <InPorts = 2> <OutPorts = 1>
ST_25 : Operation 89 [3/16] (6.07ns)   --->   "%div = fdiv i32 %sub3, i32 %ts_read" [pid.cpp:26]   --->   Operation 89 'fdiv' 'div' <Predicate = true> <Delay = 6.07> <CoreInst = "FDiv">   --->   Core 20 'FDiv' <Latency = 15> <II = 1> <Delay = 6.07> <FuncUnit> <Opcode : 'fdiv' 'frem'> <InPorts = 2> <OutPorts = 1>

State 26 <SV = 25> <Delay = 7.25>
ST_26 : Operation 90 [1/5] (7.25ns)   --->   "%i = fadd i32 %i_prev_load, i32 %mul2" [pid.cpp:25]   --->   Operation 90 'fadd' 'i' <Predicate = true> <Delay = 7.25> <CoreInst = "FAddSub_fulldsp">   --->   Core 18 'FAddSub_fulldsp' <Latency = 4> <II = 1> <Delay = 7.25> <FuncUnit> <Opcode : 'fadd' 'fsub'> <InPorts = 2> <OutPorts = 1>
ST_26 : Operation 91 [2/16] (6.07ns)   --->   "%div = fdiv i32 %sub3, i32 %ts_read" [pid.cpp:26]   --->   Operation 91 'fdiv' 'div' <Predicate = true> <Delay = 6.07> <CoreInst = "FDiv">   --->   Core 20 'FDiv' <Latency = 15> <II = 1> <Delay = 6.07> <FuncUnit> <Opcode : 'fdiv' 'frem'> <InPorts = 2> <OutPorts = 1>

State 27 <SV = 26> <Delay = 8.42>
ST_27 : Operation 92 [1/16] (6.07ns)   --->   "%div = fdiv i32 %sub3, i32 %ts_read" [pid.cpp:26]   --->   Operation 92 'fdiv' 'div' <Predicate = true> <Delay = 6.07> <CoreInst = "FDiv">   --->   Core 20 'FDiv' <Latency = 15> <II = 1> <Delay = 6.07> <FuncUnit> <Opcode : 'fdiv' 'frem'> <InPorts = 2> <OutPorts = 1>
ST_27 : Operation 93 [5/5] (8.42ns)   --->   "%add5 = fadd i32 %p, i32 %i" [pid.cpp:28]   --->   Operation 93 'fadd' 'add5' <Predicate = true> <Delay = 8.42> <CoreInst = "FAddSub_fulldsp">   --->   Core 18 'FAddSub_fulldsp' <Latency = 4> <II = 1> <Delay = 7.25> <FuncUnit> <Opcode : 'fadd' 'fsub'> <InPorts = 2> <OutPorts = 1>

State 28 <SV = 27> <Delay = 7.25>
ST_28 : Operation 94 [4/4] (5.70ns)   --->   "%d = fmul i32 %div, i32 %KD_read" [pid.cpp:26]   --->   Operation 94 'fmul' 'd' <Predicate = true> <Delay = 5.70> <CoreInst = "FMul_maxdsp">   --->   Core 30 'FMul_maxdsp' <Latency = 3> <II = 1> <Delay = 5.70> <FuncUnit> <Opcode : 'fmul'> <InPorts = 2> <OutPorts = 1>
ST_28 : Operation 95 [4/5] (7.25ns)   --->   "%add5 = fadd i32 %p, i32 %i" [pid.cpp:28]   --->   Operation 95 'fadd' 'add5' <Predicate = true> <Delay = 7.25> <CoreInst = "FAddSub_fulldsp">   --->   Core 18 'FAddSub_fulldsp' <Latency = 4> <II = 1> <Delay = 7.25> <FuncUnit> <Opcode : 'fadd' 'fsub'> <InPorts = 2> <OutPorts = 1>

State 29 <SV = 28> <Delay = 7.25>
ST_29 : Operation 96 [3/4] (5.70ns)   --->   "%d = fmul i32 %div, i32 %KD_read" [pid.cpp:26]   --->   Operation 96 'fmul' 'd' <Predicate = true> <Delay = 5.70> <CoreInst = "FMul_maxdsp">   --->   Core 30 'FMul_maxdsp' <Latency = 3> <II = 1> <Delay = 5.70> <FuncUnit> <Opcode : 'fmul'> <InPorts = 2> <OutPorts = 1>
ST_29 : Operation 97 [3/5] (7.25ns)   --->   "%add5 = fadd i32 %p, i32 %i" [pid.cpp:28]   --->   Operation 97 'fadd' 'add5' <Predicate = true> <Delay = 7.25> <CoreInst = "FAddSub_fulldsp">   --->   Core 18 'FAddSub_fulldsp' <Latency = 4> <II = 1> <Delay = 7.25> <FuncUnit> <Opcode : 'fadd' 'fsub'> <InPorts = 2> <OutPorts = 1>

State 30 <SV = 29> <Delay = 7.25>
ST_30 : Operation 98 [2/4] (5.70ns)   --->   "%d = fmul i32 %div, i32 %KD_read" [pid.cpp:26]   --->   Operation 98 'fmul' 'd' <Predicate = true> <Delay = 5.70> <CoreInst = "FMul_maxdsp">   --->   Core 30 'FMul_maxdsp' <Latency = 3> <II = 1> <Delay = 5.70> <FuncUnit> <Opcode : 'fmul'> <InPorts = 2> <OutPorts = 1>
ST_30 : Operation 99 [2/5] (7.25ns)   --->   "%add5 = fadd i32 %p, i32 %i" [pid.cpp:28]   --->   Operation 99 'fadd' 'add5' <Predicate = true> <Delay = 7.25> <CoreInst = "FAddSub_fulldsp">   --->   Core 18 'FAddSub_fulldsp' <Latency = 4> <II = 1> <Delay = 7.25> <FuncUnit> <Opcode : 'fadd' 'fsub'> <InPorts = 2> <OutPorts = 1>

State 31 <SV = 30> <Delay = 7.25>
ST_31 : Operation 100 [1/4] (5.70ns)   --->   "%d = fmul i32 %div, i32 %KD_read" [pid.cpp:26]   --->   Operation 100 'fmul' 'd' <Predicate = true> <Delay = 5.70> <CoreInst = "FMul_maxdsp">   --->   Core 30 'FMul_maxdsp' <Latency = 3> <II = 1> <Delay = 5.70> <FuncUnit> <Opcode : 'fmul'> <InPorts = 2> <OutPorts = 1>
ST_31 : Operation 101 [1/5] (7.25ns)   --->   "%add5 = fadd i32 %p, i32 %i" [pid.cpp:28]   --->   Operation 101 'fadd' 'add5' <Predicate = true> <Delay = 7.25> <CoreInst = "FAddSub_fulldsp">   --->   Core 18 'FAddSub_fulldsp' <Latency = 4> <II = 1> <Delay = 7.25> <FuncUnit> <Opcode : 'fadd' 'fsub'> <InPorts = 2> <OutPorts = 1>

State 32 <SV = 31> <Delay = 8.42>
ST_32 : Operation 102 [5/5] (8.42ns)   --->   "%op = fadd i32 %add5, i32 %d" [pid.cpp:28]   --->   Operation 102 'fadd' 'op' <Predicate = true> <Delay = 8.42> <CoreInst = "FAddSub_fulldsp">   --->   Core 18 'FAddSub_fulldsp' <Latency = 4> <II = 1> <Delay = 7.25> <FuncUnit> <Opcode : 'fadd' 'fsub'> <InPorts = 2> <OutPorts = 1>

State 33 <SV = 32> <Delay = 7.25>
ST_33 : Operation 103 [4/5] (7.25ns)   --->   "%op = fadd i32 %add5, i32 %d" [pid.cpp:28]   --->   Operation 103 'fadd' 'op' <Predicate = true> <Delay = 7.25> <CoreInst = "FAddSub_fulldsp">   --->   Core 18 'FAddSub_fulldsp' <Latency = 4> <II = 1> <Delay = 7.25> <FuncUnit> <Opcode : 'fadd' 'fsub'> <InPorts = 2> <OutPorts = 1>

State 34 <SV = 33> <Delay = 7.25>
ST_34 : Operation 104 [3/5] (7.25ns)   --->   "%op = fadd i32 %add5, i32 %d" [pid.cpp:28]   --->   Operation 104 'fadd' 'op' <Predicate = true> <Delay = 7.25> <CoreInst = "FAddSub_fulldsp">   --->   Core 18 'FAddSub_fulldsp' <Latency = 4> <II = 1> <Delay = 7.25> <FuncUnit> <Opcode : 'fadd' 'fsub'> <InPorts = 2> <OutPorts = 1>

State 35 <SV = 34> <Delay = 7.25>
ST_35 : Operation 105 [2/5] (7.25ns)   --->   "%op = fadd i32 %add5, i32 %d" [pid.cpp:28]   --->   Operation 105 'fadd' 'op' <Predicate = true> <Delay = 7.25> <CoreInst = "FAddSub_fulldsp">   --->   Core 18 'FAddSub_fulldsp' <Latency = 4> <II = 1> <Delay = 7.25> <FuncUnit> <Opcode : 'fadd' 'fsub'> <InPorts = 2> <OutPorts = 1>

State 36 <SV = 35> <Delay = 7.25>
ST_36 : Operation 106 [1/5] (7.25ns)   --->   "%op = fadd i32 %add5, i32 %d" [pid.cpp:28]   --->   Operation 106 'fadd' 'op' <Predicate = true> <Delay = 7.25> <CoreInst = "FAddSub_fulldsp">   --->   Core 18 'FAddSub_fulldsp' <Latency = 4> <II = 1> <Delay = 7.25> <FuncUnit> <Opcode : 'fadd' 'fsub'> <InPorts = 2> <OutPorts = 1>

State 37 <SV = 36> <Delay = 5.43>
ST_37 : Operation 107 [2/2] (5.43ns)   --->   "%tmp_2 = fcmp_ogt  i32 %op, i32 %pmax_read" [pid.cpp:30]   --->   Operation 107 'fcmp' 'tmp_2' <Predicate = true> <Delay = 5.43> <CoreInst = "FCompare">   --->   Core 19 'FCompare' <Latency = 1> <II = 1> <Delay = 5.43> <FuncUnit> <Opcode : 'fcmp'> <InPorts = 2> <OutPorts = 1>

State 38 <SV = 37> <Delay = 5.43>
ST_38 : Operation 108 [1/2] (5.43ns)   --->   "%tmp_2 = fcmp_ogt  i32 %op, i32 %pmax_read" [pid.cpp:30]   --->   Operation 108 'fcmp' 'tmp_2' <Predicate = true> <Delay = 5.43> <CoreInst = "FCompare">   --->   Core 19 'FCompare' <Latency = 1> <II = 1> <Delay = 5.43> <FuncUnit> <Opcode : 'fcmp'> <InPorts = 2> <OutPorts = 1>

State 39 <SV = 38> <Delay = 5.01>
ST_39 : Operation 109 [1/1] (0.00ns)   --->   "%specbitsmap_ln0 = specbitsmap void @_ssdm_op_SpecBitsMap, i32 0"   --->   Operation 109 'specbitsmap' 'specbitsmap_ln0' <Predicate = true> <Delay = 0.00>
ST_39 : Operation 110 [1/1] (0.00ns)   --->   "%spectopmodule_ln0 = spectopmodule void @_ssdm_op_SpecTopModule, void @empty_11"   --->   Operation 110 'spectopmodule' 'spectopmodule_ln0' <Predicate = true> <Delay = 0.00>
ST_39 : Operation 111 [1/1] (0.00ns)   --->   "%specbitsmap_ln0 = specbitsmap void @_ssdm_op_SpecBitsMap, i32 %set_point"   --->   Operation 111 'specbitsmap' 'specbitsmap_ln0' <Predicate = true> <Delay = 0.00>
ST_39 : Operation 112 [1/1] (0.00ns)   --->   "%specinterface_ln0 = specinterface void @_ssdm_op_SpecInterface, i32 %set_point, void @empty, i32 0, i32 0, void @empty_0, i32 0, i32 0, void @empty_1, void @empty_2, void @empty_0, i32 0, i32 0, i32 0, i32 0, void @empty_0, void @empty_0"   --->   Operation 112 'specinterface' 'specinterface_ln0' <Predicate = true> <Delay = 0.00>
ST_39 : Operation 113 [1/1] (0.00ns)   --->   "%specinterface_ln0 = specinterface void @_ssdm_op_SpecInterface, i32 %set_point, void @empty_3, i32 0, i32 0, void @empty_0, i32 0, i32 0, void @empty_0, void @empty_0, void @empty_0, i32 0, i32 0, i32 0, i32 0, void @empty_0, void @empty_0"   --->   Operation 113 'specinterface' 'specinterface_ln0' <Predicate = true> <Delay = 0.00>
ST_39 : Operation 114 [1/1] (0.00ns)   --->   "%specbitsmap_ln0 = specbitsmap void @_ssdm_op_SpecBitsMap, i32 %KP"   --->   Operation 114 'specbitsmap' 'specbitsmap_ln0' <Predicate = true> <Delay = 0.00>
ST_39 : Operation 115 [1/1] (0.00ns)   --->   "%specinterface_ln0 = specinterface void @_ssdm_op_SpecInterface, i32 %KP, void @empty, i32 0, i32 0, void @empty_0, i32 0, i32 0, void @empty_1, void @empty_4, void @empty_0, i32 0, i32 0, i32 0, i32 0, void @empty_0, void @empty_0"   --->   Operation 115 'specinterface' 'specinterface_ln0' <Predicate = true> <Delay = 0.00>
ST_39 : Operation 116 [1/1] (0.00ns)   --->   "%specinterface_ln0 = specinterface void @_ssdm_op_SpecInterface, i32 %KP, void @empty_3, i32 0, i32 0, void @empty_0, i32 0, i32 0, void @empty_0, void @empty_0, void @empty_0, i32 0, i32 0, i32 0, i32 0, void @empty_0, void @empty_0"   --->   Operation 116 'specinterface' 'specinterface_ln0' <Predicate = true> <Delay = 0.00>
ST_39 : Operation 117 [1/1] (0.00ns)   --->   "%specbitsmap_ln0 = specbitsmap void @_ssdm_op_SpecBitsMap, i32 %KI"   --->   Operation 117 'specbitsmap' 'specbitsmap_ln0' <Predicate = true> <Delay = 0.00>
ST_39 : Operation 118 [1/1] (0.00ns)   --->   "%specinterface_ln0 = specinterface void @_ssdm_op_SpecInterface, i32 %KI, void @empty, i32 0, i32 0, void @empty_0, i32 0, i32 0, void @empty_1, void @empty_5, void @empty_0, i32 0, i32 0, i32 0, i32 0, void @empty_0, void @empty_0"   --->   Operation 118 'specinterface' 'specinterface_ln0' <Predicate = true> <Delay = 0.00>
ST_39 : Operation 119 [1/1] (0.00ns)   --->   "%specinterface_ln0 = specinterface void @_ssdm_op_SpecInterface, i32 %KI, void @empty_3, i32 0, i32 0, void @empty_0, i32 0, i32 0, void @empty_0, void @empty_0, void @empty_0, i32 0, i32 0, i32 0, i32 0, void @empty_0, void @empty_0"   --->   Operation 119 'specinterface' 'specinterface_ln0' <Predicate = true> <Delay = 0.00>
ST_39 : Operation 120 [1/1] (0.00ns)   --->   "%specbitsmap_ln0 = specbitsmap void @_ssdm_op_SpecBitsMap, i32 %KD"   --->   Operation 120 'specbitsmap' 'specbitsmap_ln0' <Predicate = true> <Delay = 0.00>
ST_39 : Operation 121 [1/1] (0.00ns)   --->   "%specinterface_ln0 = specinterface void @_ssdm_op_SpecInterface, i32 %KD, void @empty, i32 0, i32 0, void @empty_0, i32 0, i32 0, void @empty_1, void @empty_6, void @empty_0, i32 0, i32 0, i32 0, i32 0, void @empty_0, void @empty_0"   --->   Operation 121 'specinterface' 'specinterface_ln0' <Predicate = true> <Delay = 0.00>
ST_39 : Operation 122 [1/1] (0.00ns)   --->   "%specinterface_ln0 = specinterface void @_ssdm_op_SpecInterface, i32 %KD, void @empty_3, i32 0, i32 0, void @empty_0, i32 0, i32 0, void @empty_0, void @empty_0, void @empty_0, i32 0, i32 0, i32 0, i32 0, void @empty_0, void @empty_0"   --->   Operation 122 'specinterface' 'specinterface_ln0' <Predicate = true> <Delay = 0.00>
ST_39 : Operation 123 [1/1] (0.00ns)   --->   "%specbitsmap_ln0 = specbitsmap void @_ssdm_op_SpecBitsMap, i32 %sample"   --->   Operation 123 'specbitsmap' 'specbitsmap_ln0' <Predicate = true> <Delay = 0.00>
ST_39 : Operation 124 [1/1] (0.00ns)   --->   "%specinterface_ln0 = specinterface void @_ssdm_op_SpecInterface, i32 %sample, void @empty, i32 0, i32 0, void @empty_0, i32 0, i32 0, void @empty_1, void @empty_7, void @empty_0, i32 0, i32 0, i32 0, i32 0, void @empty_0, void @empty_0"   --->   Operation 124 'specinterface' 'specinterface_ln0' <Predicate = true> <Delay = 0.00>
ST_39 : Operation 125 [1/1] (0.00ns)   --->   "%specinterface_ln0 = specinterface void @_ssdm_op_SpecInterface, i32 %sample, void @empty_3, i32 0, i32 0, void @empty_0, i32 0, i32 0, void @empty_0, void @empty_0, void @empty_0, i32 0, i32 0, i32 0, i32 0, void @empty_0, void @empty_0"   --->   Operation 125 'specinterface' 'specinterface_ln0' <Predicate = true> <Delay = 0.00>
ST_39 : Operation 126 [1/1] (0.00ns)   --->   "%specbitsmap_ln0 = specbitsmap void @_ssdm_op_SpecBitsMap, i32 %ts"   --->   Operation 126 'specbitsmap' 'specbitsmap_ln0' <Predicate = true> <Delay = 0.00>
ST_39 : Operation 127 [1/1] (0.00ns)   --->   "%specinterface_ln0 = specinterface void @_ssdm_op_SpecInterface, i32 %ts, void @empty, i32 0, i32 0, void @empty_0, i32 0, i32 0, void @empty_1, void @empty_8, void @empty_0, i32 0, i32 0, i32 0, i32 0, void @empty_0, void @empty_0"   --->   Operation 127 'specinterface' 'specinterface_ln0' <Predicate = true> <Delay = 0.00>
ST_39 : Operation 128 [1/1] (0.00ns)   --->   "%specinterface_ln0 = specinterface void @_ssdm_op_SpecInterface, i32 %ts, void @empty_3, i32 0, i32 0, void @empty_0, i32 0, i32 0, void @empty_0, void @empty_0, void @empty_0, i32 0, i32 0, i32 0, i32 0, void @empty_0, void @empty_0"   --->   Operation 128 'specinterface' 'specinterface_ln0' <Predicate = true> <Delay = 0.00>
ST_39 : Operation 129 [1/1] (0.00ns)   --->   "%specbitsmap_ln0 = specbitsmap void @_ssdm_op_SpecBitsMap, i32 %pmax"   --->   Operation 129 'specbitsmap' 'specbitsmap_ln0' <Predicate = true> <Delay = 0.00>
ST_39 : Operation 130 [1/1] (0.00ns)   --->   "%specinterface_ln0 = specinterface void @_ssdm_op_SpecInterface, i32 %pmax, void @empty, i32 0, i32 0, void @empty_0, i32 0, i32 0, void @empty_1, void @empty_9, void @empty_0, i32 0, i32 0, i32 0, i32 0, void @empty_0, void @empty_0"   --->   Operation 130 'specinterface' 'specinterface_ln0' <Predicate = true> <Delay = 0.00>
ST_39 : Operation 131 [1/1] (0.00ns)   --->   "%specinterface_ln0 = specinterface void @_ssdm_op_SpecInterface, i32 %pmax, void @empty_3, i32 0, i32 0, void @empty_0, i32 0, i32 0, void @empty_0, void @empty_0, void @empty_0, i32 0, i32 0, i32 0, i32 0, void @empty_0, void @empty_0"   --->   Operation 131 'specinterface' 'specinterface_ln0' <Predicate = true> <Delay = 0.00>
ST_39 : Operation 132 [1/1] (0.00ns)   --->   "%specinterface_ln0 = specinterface void @_ssdm_op_SpecInterface, i32 0, void @empty, i32 0, i32 0, void @empty_0, i32 0, i32 0, void @empty_1, void @empty_10, void @empty_0, i32 0, i32 0, i32 0, i32 0, void @empty_0, void @empty_0"   --->   Operation 132 'specinterface' 'specinterface_ln0' <Predicate = true> <Delay = 0.00>
ST_39 : Operation 133 [1/1] (0.00ns)   --->   "%bitcast_ln30 = bitcast i32 %op" [pid.cpp:30]   --->   Operation 133 'bitcast' 'bitcast_ln30' <Predicate = true> <Delay = 0.00>
ST_39 : Operation 134 [1/1] (0.00ns)   --->   "%tmp = partselect i8 @_ssdm_op_PartSelect.i8.i32.i32.i32, i32 %bitcast_ln30, i32 23, i32 30" [pid.cpp:30]   --->   Operation 134 'partselect' 'tmp' <Predicate = true> <Delay = 0.00>
ST_39 : Operation 135 [1/1] (0.00ns)   --->   "%trunc_ln30 = trunc i32 %bitcast_ln30" [pid.cpp:30]   --->   Operation 135 'trunc' 'trunc_ln30' <Predicate = true> <Delay = 0.00>
ST_39 : Operation 136 [1/1] (0.00ns)   --->   "%bitcast_ln30_1 = bitcast i32 %pmax_read" [pid.cpp:30]   --->   Operation 136 'bitcast' 'bitcast_ln30_1' <Predicate = true> <Delay = 0.00>
ST_39 : Operation 137 [1/1] (0.00ns)   --->   "%tmp_1 = partselect i8 @_ssdm_op_PartSelect.i8.i32.i32.i32, i32 %bitcast_ln30_1, i32 23, i32 30" [pid.cpp:30]   --->   Operation 137 'partselect' 'tmp_1' <Predicate = true> <Delay = 0.00>
ST_39 : Operation 138 [1/1] (0.00ns)   --->   "%trunc_ln30_1 = trunc i32 %bitcast_ln30_1" [pid.cpp:30]   --->   Operation 138 'trunc' 'trunc_ln30_1' <Predicate = true> <Delay = 0.00>
ST_39 : Operation 139 [1/1] (1.55ns)   --->   "%icmp_ln30 = icmp_ne  i8 %tmp, i8 255" [pid.cpp:30]   --->   Operation 139 'icmp' 'icmp_ln30' <Predicate = true> <Delay = 1.55> <CoreInst = "Cmp">   --->   Core 9 'Cmp' <Latency = 0> <II = 1> <Delay = 1.55> <FuncUnit> <Opcode : 'icmp'> <InPorts = 2> <OutPorts = 1>
ST_39 : Operation 140 [1/1] (2.44ns)   --->   "%icmp_ln30_1 = icmp_eq  i23 %trunc_ln30, i23 0" [pid.cpp:30]   --->   Operation 140 'icmp' 'icmp_ln30_1' <Predicate = true> <Delay = 2.44> <CoreInst = "Cmp">   --->   Core 9 'Cmp' <Latency = 0> <II = 1> <Delay = 1.55> <FuncUnit> <Opcode : 'icmp'> <InPorts = 2> <OutPorts = 1>
ST_39 : Operation 141 [1/1] (0.00ns) (grouped into LUT with out node and_ln30_1)   --->   "%or_ln30 = or i1 %icmp_ln30_1, i1 %icmp_ln30" [pid.cpp:30]   --->   Operation 141 'or' 'or_ln30' <Predicate = true> <Delay = 0.00> <CoreInst = "LogicGate">   --->   Core 74 'LogicGate' <Latency = 0> <II = 1> <Delay = 0.97> <FuncUnit> <Opcode : 'and' 'or' 'xor'> <InPorts = 2> <OutPorts = 1>
ST_39 : Operation 142 [1/1] (1.55ns)   --->   "%icmp_ln30_2 = icmp_ne  i8 %tmp_1, i8 255" [pid.cpp:30]   --->   Operation 142 'icmp' 'icmp_ln30_2' <Predicate = true> <Delay = 1.55> <CoreInst = "Cmp">   --->   Core 9 'Cmp' <Latency = 0> <II = 1> <Delay = 1.55> <FuncUnit> <Opcode : 'icmp'> <InPorts = 2> <OutPorts = 1>
ST_39 : Operation 143 [1/1] (2.44ns)   --->   "%icmp_ln30_3 = icmp_eq  i23 %trunc_ln30_1, i23 0" [pid.cpp:30]   --->   Operation 143 'icmp' 'icmp_ln30_3' <Predicate = true> <Delay = 2.44> <CoreInst = "Cmp">   --->   Core 9 'Cmp' <Latency = 0> <II = 1> <Delay = 1.55> <FuncUnit> <Opcode : 'icmp'> <InPorts = 2> <OutPorts = 1>
ST_39 : Operation 144 [1/1] (0.00ns) (grouped into LUT with out node and_ln30_1)   --->   "%or_ln30_1 = or i1 %icmp_ln30_3, i1 %icmp_ln30_2" [pid.cpp:30]   --->   Operation 144 'or' 'or_ln30_1' <Predicate = true> <Delay = 0.00> <CoreInst = "LogicGate">   --->   Core 74 'LogicGate' <Latency = 0> <II = 1> <Delay = 0.97> <FuncUnit> <Opcode : 'and' 'or' 'xor'> <InPorts = 2> <OutPorts = 1>
ST_39 : Operation 145 [1/1] (0.00ns) (grouped into LUT with out node and_ln30_1)   --->   "%and_ln30 = and i1 %or_ln30, i1 %or_ln30_1" [pid.cpp:30]   --->   Operation 145 'and' 'and_ln30' <Predicate = true> <Delay = 0.00> <CoreInst = "LogicGate">   --->   Core 74 'LogicGate' <Latency = 0> <II = 1> <Delay = 0.97> <FuncUnit> <Opcode : 'and' 'or' 'xor'> <InPorts = 2> <OutPorts = 1>
ST_39 : Operation 146 [1/1] (0.97ns) (out node of the LUT)   --->   "%and_ln30_1 = and i1 %and_ln30, i1 %tmp_2" [pid.cpp:30]   --->   Operation 146 'and' 'and_ln30_1' <Predicate = true> <Delay = 0.97> <CoreInst = "LogicGate">   --->   Core 74 'LogicGate' <Latency = 0> <II = 1> <Delay = 0.97> <FuncUnit> <Opcode : 'and' 'or' 'xor'> <InPorts = 2> <OutPorts = 1>
ST_39 : Operation 147 [1/1] (1.58ns)   --->   "%br_ln30 = br i1 %and_ln30_1, void, void %._crit_edge" [pid.cpp:30]   --->   Operation 147 'br' 'br_ln30' <Predicate = true> <Delay = 1.58>
ST_39 : Operation 148 [1/1] (0.00ns)   --->   "%store_ln34 = store i32 %i, i32 %i_prev" [pid.cpp:34]   --->   Operation 148 'store' 'store_ln34' <Predicate = (!and_ln30_1)> <Delay = 0.00>
ST_39 : Operation 149 [1/1] (1.58ns)   --->   "%br_ln0 = br void %._crit_edge"   --->   Operation 149 'br' 'br_ln0' <Predicate = (!and_ln30_1)> <Delay = 1.58>
ST_39 : Operation 150 [1/1] (0.00ns)   --->   "%op_1 = phi i32 %op, void, i32 %pmax_read, void"   --->   Operation 150 'phi' 'op_1' <Predicate = true> <Delay = 0.00>
ST_39 : Operation 151 [1/1] (0.00ns)   --->   "%ret_ln38 = ret i32 %op_1" [pid.cpp:38]   --->   Operation 151 'ret' 'ret_ln38' <Predicate = true> <Delay = 0.00>


============================================================
+ Verbose Summary: Binding
============================================================
STG Binding: 
---------------- STG Properties BEGIN ----------------
- Is combinational: 0
- Is one-state seq: 0
- Is datapath-only: 0
- Is pipelined: 0
- Is top level: 1
Port [ Return ] is wired: 1; IO mode=ap_ctrl_hs:ce=0
Port [ set_point]:  wired=1; compound=0; hidden=0; nouse=0; global=0; static=0; extern=0; dir=0; type=0; pingpong=0; private_global=0; IO mode=ap_none:ce=0
Port [ KP]:  wired=1; compound=0; hidden=0; nouse=0; global=0; static=0; extern=0; dir=0; type=0; pingpong=0; private_global=0; IO mode=ap_none:ce=0
Port [ KI]:  wired=1; compound=0; hidden=0; nouse=0; global=0; static=0; extern=0; dir=0; type=0; pingpong=0; private_global=0; IO mode=ap_none:ce=0
Port [ KD]:  wired=1; compound=0; hidden=0; nouse=0; global=0; static=0; extern=0; dir=0; type=0; pingpong=0; private_global=0; IO mode=ap_none:ce=0
Port [ sample]:  wired=1; compound=0; hidden=0; nouse=0; global=0; static=0; extern=0; dir=0; type=0; pingpong=0; private_global=0; IO mode=ap_none:ce=0
Port [ ts]:  wired=1; compound=0; hidden=0; nouse=0; global=0; static=0; extern=0; dir=0; type=0; pingpong=0; private_global=0; IO mode=ap_none:ce=0
Port [ pmax]:  wired=1; compound=0; hidden=0; nouse=0; global=0; static=0; extern=0; dir=0; type=0; pingpong=0; private_global=0; IO mode=ap_none:ce=0
Port [ i_prev]:  wired=0; compound=0; hidden=1; nouse=0; global=1; static=1; extern=0; dir=2; type=0; pingpong=0; private_global=1; IO mode=ap_ovld:ce=0
Port [ error_prev]:  wired=0; compound=0; hidden=1; nouse=0; global=1; static=1; extern=0; dir=2; type=0; pingpong=0; private_global=1; IO mode=ap_ovld:ce=0
---------------- STG Properties END ------------------

---------------- Datapath Model BEGIN ----------------

<LifeTime>
<method=bitvector/>
pmax_read         (read         ) [ 0011111111111111111111111111111111111111]
ts_read           (read         ) [ 0011111111111111111111111111000000000000]
sample_read       (read         ) [ 0011111000000000000000000000000000000000]
KD_read           (read         ) [ 0011111111111111111111111111111100000000]
KI_read           (read         ) [ 0011111111111110000000000000000000000000]
KP_read           (read         ) [ 0011111111100000000000000000000000000000]
set_point_read    (read         ) [ 0011111000000000000000000000000000000000]
error             (fsub         ) [ 0000000111110000000000000000000000000000]
error_prev_load   (load         ) [ 0000000011110000000000000000000000000000]
store_ln29        (store        ) [ 0000000000000000000000000000000000000000]
p                 (fmul         ) [ 0000000000011111111111111111111100000000]
mul1              (fmul         ) [ 0000000000011110000000000000000000000000]
sub3              (fsub         ) [ 0000000000001111111111111111000000000000]
mul2              (fmul         ) [ 0000000000000001111111111110000000000000]
i_prev_load       (load         ) [ 0000000000000000000000011110000000000000]
i                 (fadd         ) [ 0000000000000000000000000001111111111111]
div               (fdiv         ) [ 0000000000000000000000000000111100000000]
d                 (fmul         ) [ 0000000000000000000000000000000011111000]
add5              (fadd         ) [ 0000000000000000000000000000000011111000]
op                (fadd         ) [ 0000000000000000000000000000000000000111]
tmp_2             (fcmp         ) [ 0000000000000000000000000000000000000001]
specbitsmap_ln0   (specbitsmap  ) [ 0000000000000000000000000000000000000000]
spectopmodule_ln0 (spectopmodule) [ 0000000000000000000000000000000000000000]
specbitsmap_ln0   (specbitsmap  ) [ 0000000000000000000000000000000000000000]
specinterface_ln0 (specinterface) [ 0000000000000000000000000000000000000000]
specinterface_ln0 (specinterface) [ 0000000000000000000000000000000000000000]
specbitsmap_ln0   (specbitsmap  ) [ 0000000000000000000000000000000000000000]
specinterface_ln0 (specinterface) [ 0000000000000000000000000000000000000000]
specinterface_ln0 (specinterface) [ 0000000000000000000000000000000000000000]
specbitsmap_ln0   (specbitsmap  ) [ 0000000000000000000000000000000000000000]
specinterface_ln0 (specinterface) [ 0000000000000000000000000000000000000000]
specinterface_ln0 (specinterface) [ 0000000000000000000000000000000000000000]
specbitsmap_ln0   (specbitsmap  ) [ 0000000000000000000000000000000000000000]
specinterface_ln0 (specinterface) [ 0000000000000000000000000000000000000000]
specinterface_ln0 (specinterface) [ 0000000000000000000000000000000000000000]
specbitsmap_ln0   (specbitsmap  ) [ 0000000000000000000000000000000000000000]
specinterface_ln0 (specinterface) [ 0000000000000000000000000000000000000000]
specinterface_ln0 (specinterface) [ 0000000000000000000000000000000000000000]
specbitsmap_ln0   (specbitsmap  ) [ 0000000000000000000000000000000000000000]
specinterface_ln0 (specinterface) [ 0000000000000000000000000000000000000000]
specinterface_ln0 (specinterface) [ 0000000000000000000000000000000000000000]
specbitsmap_ln0   (specbitsmap  ) [ 0000000000000000000000000000000000000000]
specinterface_ln0 (specinterface) [ 0000000000000000000000000000000000000000]
specinterface_ln0 (specinterface) [ 0000000000000000000000000000000000000000]
specinterface_ln0 (specinterface) [ 0000000000000000000000000000000000000000]
bitcast_ln30      (bitcast      ) [ 0000000000000000000000000000000000000000]
tmp               (partselect   ) [ 0000000000000000000000000000000000000000]
trunc_ln30        (trunc        ) [ 0000000000000000000000000000000000000000]
bitcast_ln30_1    (bitcast      ) [ 0000000000000000000000000000000000000000]
tmp_1             (partselect   ) [ 0000000000000000000000000000000000000000]
trunc_ln30_1      (trunc        ) [ 0000000000000000000000000000000000000000]
icmp_ln30         (icmp         ) [ 0000000000000000000000000000000000000000]
icmp_ln30_1       (icmp         ) [ 0000000000000000000000000000000000000000]
or_ln30           (or           ) [ 0000000000000000000000000000000000000000]
icmp_ln30_2       (icmp         ) [ 0000000000000000000000000000000000000000]
icmp_ln30_3       (icmp         ) [ 0000000000000000000000000000000000000000]
or_ln30_1         (or           ) [ 0000000000000000000000000000000000000000]
and_ln30          (and          ) [ 0000000000000000000000000000000000000000]
and_ln30_1        (and          ) [ 0000000000000000000000000000000000000001]
br_ln30           (br           ) [ 0000000000000000000000000000000000000000]
store_ln34        (store        ) [ 0000000000000000000000000000000000000000]
br_ln0            (br           ) [ 0000000000000000000000000000000000000000]
op_1              (phi          ) [ 0000000000000000000000000000000000000001]
ret_ln38          (ret          ) [ 0000000000000000000000000000000000000000]
</LifeTime>

<model>

<comp_list>
<comp id="0" class="1000" name="set_point">
<pin_list>
<pin id="1" dir="1" index="0" bw="1" slack="0"/>
</pin_list>
<bind>
<StgValue><ssdm name="set_point"/></StgValue>
</bind>
</comp>

<comp id="2" class="1000" name="KP">
<pin_list>
<pin id="3" dir="1" index="0" bw="1" slack="0"/>
</pin_list>
<bind>
<StgValue><ssdm name="KP"/></StgValue>
</bind>
</comp>

<comp id="4" class="1000" name="KI">
<pin_list>
<pin id="5" dir="1" index="0" bw="1" slack="0"/>
</pin_list>
<bind>
<StgValue><ssdm name="KI"/></StgValue>
</bind>
</comp>

<comp id="6" class="1000" name="KD">
<pin_list>
<pin id="7" dir="1" index="0" bw="1" slack="0"/>
</pin_list>
<bind>
<StgValue><ssdm name="KD"/></StgValue>
</bind>
</comp>

<comp id="8" class="1000" name="sample">
<pin_list>
<pin id="9" dir="1" index="0" bw="1" slack="0"/>
</pin_list>
<bind>
<StgValue><ssdm name="sample"/></StgValue>
</bind>
</comp>

<comp id="10" class="1000" name="ts">
<pin_list>
<pin id="11" dir="1" index="0" bw="1" slack="0"/>
</pin_list>
<bind>
<StgValue><ssdm name="ts"/></StgValue>
</bind>
</comp>

<comp id="12" class="1000" name="pmax">
<pin_list>
<pin id="13" dir="1" index="0" bw="1" slack="0"/>
</pin_list>
<bind>
<StgValue><ssdm name="pmax"/></StgValue>
</bind>
</comp>

<comp id="14" class="1000" name="i_prev">
<pin_list>
<pin id="15" dir="1" index="0" bw="1" slack="0"/>
</pin_list>
<bind>
<StgValue><ssdm name="i_prev"/></StgValue>
</bind>
</comp>

<comp id="16" class="1000" name="error_prev">
<pin_list>
<pin id="17" dir="1" index="0" bw="1" slack="0"/>
</pin_list>
<bind>
<StgValue><ssdm name="error_prev"/></StgValue>
</bind>
</comp>

<comp id="18" class="1001" name="const_18">
<pin_list>
<pin id="19" dir="1" index="0" bw="1" slack="0"/>
</pin_list>
<bind>
<StgValue><ssdm name="_ssdm_op_Read.s_axilite.float"/></StgValue>
</bind>
</comp>

<comp id="20" class="1001" name="const_20">
<pin_list>
<pin id="21" dir="1" index="0" bw="1" slack="2147483647"/>
</pin_list>
<bind>
<StgValue><ssdm name="_ssdm_op_SpecBitsMap"/></StgValue>
</bind>
</comp>

<comp id="22" class="1001" name="const_22">
<pin_list>
<pin id="23" dir="1" index="0" bw="1" slack="2147483647"/>
</pin_list>
<bind>
<StgValue><ssdm name=""/></StgValue>
</bind>
</comp>

<comp id="24" class="1001" name="const_24">
<pin_list>
<pin id="25" dir="1" index="0" bw="1" slack="2147483647"/>
</pin_list>
<bind>
<StgValue><ssdm name="_ssdm_op_SpecTopModule"/></StgValue>
</bind>
</comp>

<comp id="26" class="1001" name="const_26">
<pin_list>
<pin id="27" dir="1" index="0" bw="1" slack="2147483647"/>
</pin_list>
<bind>
<StgValue><ssdm name="empty_11"/></StgValue>
</bind>
</comp>

<comp id="28" class="1001" name="const_28">
<pin_list>
<pin id="29" dir="1" index="0" bw="1" slack="2147483647"/>
</pin_list>
<bind>
<StgValue><ssdm name="_ssdm_op_SpecInterface"/></StgValue>
</bind>
</comp>

<comp id="30" class="1001" name="const_30">
<pin_list>
<pin id="31" dir="1" index="0" bw="1" slack="2147483647"/>
</pin_list>
<bind>
<StgValue><ssdm name="empty"/></StgValue>
</bind>
</comp>

<comp id="32" class="1001" name="const_32">
<pin_list>
<pin id="33" dir="1" index="0" bw="1" slack="2147483647"/>
</pin_list>
<bind>
<StgValue><ssdm name=""/></StgValue>
</bind>
</comp>

<comp id="34" class="1001" name="const_34">
<pin_list>
<pin id="35" dir="1" index="0" bw="1" slack="2147483647"/>
</pin_list>
<bind>
<StgValue><ssdm name="empty_0"/></StgValue>
</bind>
</comp>

<comp id="36" class="1001" name="const_36">
<pin_list>
<pin id="37" dir="1" index="0" bw="1" slack="2147483647"/>
</pin_list>
<bind>
<StgValue><ssdm name="empty_1"/></StgValue>
</bind>
</comp>

<comp id="38" class="1001" name="const_38">
<pin_list>
<pin id="39" dir="1" index="0" bw="1" slack="2147483647"/>
</pin_list>
<bind>
<StgValue><ssdm name="empty_2"/></StgValue>
</bind>
</comp>

<comp id="40" class="1001" name="const_40">
<pin_list>
<pin id="41" dir="1" index="0" bw="1" slack="2147483647"/>
</pin_list>
<bind>
<StgValue><ssdm name="empty_3"/></StgValue>
</bind>
</comp>

<comp id="42" class="1001" name="const_42">
<pin_list>
<pin id="43" dir="1" index="0" bw="1" slack="2147483647"/>
</pin_list>
<bind>
<StgValue><ssdm name="empty_4"/></StgValue>
</bind>
</comp>

<comp id="44" class="1001" name="const_44">
<pin_list>
<pin id="45" dir="1" index="0" bw="1" slack="2147483647"/>
</pin_list>
<bind>
<StgValue><ssdm name="empty_5"/></StgValue>
</bind>
</comp>

<comp id="46" class="1001" name="const_46">
<pin_list>
<pin id="47" dir="1" index="0" bw="1" slack="2147483647"/>
</pin_list>
<bind>
<StgValue><ssdm name="empty_6"/></StgValue>
</bind>
</comp>

<comp id="48" class="1001" name="const_48">
<pin_list>
<pin id="49" dir="1" index="0" bw="1" slack="2147483647"/>
</pin_list>
<bind>
<StgValue><ssdm name="empty_7"/></StgValue>
</bind>
</comp>

<comp id="50" class="1001" name="const_50">
<pin_list>
<pin id="51" dir="1" index="0" bw="1" slack="2147483647"/>
</pin_list>
<bind>
<StgValue><ssdm name="empty_8"/></StgValue>
</bind>
</comp>

<comp id="52" class="1001" name="const_52">
<pin_list>
<pin id="53" dir="1" index="0" bw="1" slack="2147483647"/>
</pin_list>
<bind>
<StgValue><ssdm name="empty_9"/></StgValue>
</bind>
</comp>

<comp id="54" class="1001" name="const_54">
<pin_list>
<pin id="55" dir="1" index="0" bw="1" slack="2147483647"/>
</pin_list>
<bind>
<StgValue><ssdm name="empty_10"/></StgValue>
</bind>
</comp>

<comp id="56" class="1001" name="const_56">
<pin_list>
<pin id="57" dir="1" index="0" bw="1" slack="0"/>
</pin_list>
<bind>
<StgValue><ssdm name="_ssdm_op_PartSelect.i8.i32.i32.i32"/></StgValue>
</bind>
</comp>

<comp id="58" class="1001" name="const_58">
<pin_list>
<pin id="59" dir="1" index="0" bw="1" slack="0"/>
</pin_list>
<bind>
<StgValue><ssdm name=""/></StgValue>
</bind>
</comp>

<comp id="60" class="1001" name="const_60">
<pin_list>
<pin id="61" dir="1" index="0" bw="1" slack="0"/>
</pin_list>
<bind>
<StgValue><ssdm name=""/></StgValue>
</bind>
</comp>

<comp id="62" class="1001" name="const_62">
<pin_list>
<pin id="63" dir="1" index="0" bw="1" slack="0"/>
</pin_list>
<bind>
<StgValue><ssdm name=""/></StgValue>
</bind>
</comp>

<comp id="64" class="1001" name="const_64">
<pin_list>
<pin id="65" dir="1" index="0" bw="1" slack="0"/>
</pin_list>
<bind>
<StgValue><ssdm name=""/></StgValue>
</bind>
</comp>

<comp id="66" class="1004" name="pmax_read_read_fu_66">
<pin_list>
<pin id="67" dir="0" index="0" bw="32" slack="0"/>
<pin id="68" dir="0" index="1" bw="32" slack="0"/>
<pin id="69" dir="1" index="2" bw="32" slack="36"/>
</pin_list>
<bind>
<opcode="read(1150) " fcode="read"/>
<opset="pmax_read/1 "/>
</bind>
</comp>

<comp id="72" class="1004" name="ts_read_read_fu_72">
<pin_list>
<pin id="73" dir="0" index="0" bw="32" slack="0"/>
<pin id="74" dir="0" index="1" bw="32" slack="0"/>
<pin id="75" dir="1" index="2" bw="32" slack="6"/>
</pin_list>
<bind>
<opcode="read(1150) " fcode="read"/>
<opset="ts_read/1 "/>
</bind>
</comp>

<comp id="78" class="1004" name="sample_read_read_fu_78">
<pin_list>
<pin id="79" dir="0" index="0" bw="32" slack="0"/>
<pin id="80" dir="0" index="1" bw="32" slack="0"/>
<pin id="81" dir="1" index="2" bw="32" slack="1"/>
</pin_list>
<bind>
<opcode="read(1150) " fcode="read"/>
<opset="sample_read/1 "/>
</bind>
</comp>

<comp id="84" class="1004" name="KD_read_read_fu_84">
<pin_list>
<pin id="85" dir="0" index="0" bw="32" slack="0"/>
<pin id="86" dir="0" index="1" bw="32" slack="0"/>
<pin id="87" dir="1" index="2" bw="32" slack="27"/>
</pin_list>
<bind>
<opcode="read(1150) " fcode="read"/>
<opset="KD_read/1 "/>
</bind>
</comp>

<comp id="90" class="1004" name="KI_read_read_fu_90">
<pin_list>
<pin id="91" dir="0" index="0" bw="32" slack="0"/>
<pin id="92" dir="0" index="1" bw="32" slack="0"/>
<pin id="93" dir="1" index="2" bw="32" slack="10"/>
</pin_list>
<bind>
<opcode="read(1150) " fcode="read"/>
<opset="KI_read/1 "/>
</bind>
</comp>

<comp id="96" class="1004" name="KP_read_read_fu_96">
<pin_list>
<pin id="97" dir="0" index="0" bw="32" slack="0"/>
<pin id="98" dir="0" index="1" bw="32" slack="0"/>
<pin id="99" dir="1" index="2" bw="32" slack="6"/>
</pin_list>
<bind>
<opcode="read(1150) " fcode="read"/>
<opset="KP_read/1 "/>
</bind>
</comp>

<comp id="102" class="1004" name="set_point_read_read_fu_102">
<pin_list>
<pin id="103" dir="0" index="0" bw="32" slack="0"/>
<pin id="104" dir="0" index="1" bw="32" slack="0"/>
<pin id="105" dir="1" index="2" bw="32" slack="1"/>
</pin_list>
<bind>
<opcode="read(1150) " fcode="read"/>
<opset="set_point_read/1 "/>
</bind>
</comp>

<comp id="108" class="1005" name="op_1_reg_108">
<pin_list>
<pin id="109" dir="0" index="0" bw="32" slack="2147483647"/>
<pin id="110" dir="1" index="1" bw="32" slack="2147483647"/>
</pin_list>
<bind>
<opset="op_1 (phireg) "/>
</bind>
</comp>

<comp id="111" class="1004" name="op_1_phi_fu_111">
<pin_list>
<pin id="112" dir="0" index="0" bw="32" slack="3"/>
<pin id="113" dir="0" index="1" bw="0" slack="2147483647"/>
<pin id="114" dir="0" index="2" bw="32" slack="38"/>
<pin id="115" dir="0" index="3" bw="0" slack="2147483647"/>
<pin id="116" dir="1" index="4" bw="32" slack="2147483647"/>
</pin_list>
<bind>
<opcode="phi(47) " fcode="phi"/>
<opset="op_1/39 "/>
</bind>
</comp>

<comp id="117" class="1004" name="grp_fu_117">
<pin_list>
<pin id="118" dir="0" index="0" bw="32" slack="0"/>
<pin id="119" dir="0" index="1" bw="32" slack="0"/>
<pin id="120" dir="1" index="2" bw="32" slack="1"/>
</pin_list>
<bind>
<opcode="fadd(9) fsub(11) " fcode="fadd"/>
<opset="error/2 sub3/7 i/22 add5/27 op/32 "/>
</bind>
</comp>

<comp id="121" class="1004" name="grp_fu_121">
<pin_list>
<pin id="122" dir="0" index="0" bw="32" slack="1"/>
<pin id="123" dir="0" index="1" bw="32" slack="6"/>
<pin id="124" dir="1" index="2" bw="32" slack="1"/>
</pin_list>
<bind>
<opcode="fmul(13) " fcode="fmul"/>
<opset="p/7 mul2/11 d/28 "/>
</bind>
</comp>

<comp id="125" class="1004" name="grp_fu_125">
<pin_list>
<pin id="126" dir="0" index="0" bw="32" slack="1"/>
<pin id="127" dir="0" index="1" bw="32" slack="6"/>
<pin id="128" dir="1" index="2" bw="32" slack="1"/>
</pin_list>
<bind>
<opcode="fmul(13) " fcode="fmul"/>
<opset="mul1/7 "/>
</bind>
</comp>

<comp id="129" class="1004" name="grp_fu_129">
<pin_list>
<pin id="130" dir="0" index="0" bw="32" slack="1"/>
<pin id="131" dir="0" index="1" bw="32" slack="11"/>
<pin id="132" dir="1" index="2" bw="32" slack="1"/>
</pin_list>
<bind>
<opcode="fdiv(16) " fcode="fdiv"/>
<opset="div/12 "/>
</bind>
</comp>

<comp id="133" class="1004" name="grp_fu_133">
<pin_list>
<pin id="134" dir="0" index="0" bw="32" slack="1"/>
<pin id="135" dir="0" index="1" bw="32" slack="36"/>
<pin id="136" dir="1" index="2" bw="1" slack="1"/>
</pin_list>
<bind>
<opcode="fcmp(46) " fcode="fcmp"/>
<opset="tmp_2/37 "/>
</bind>
</comp>

<comp id="137" class="1005" name="reg_137">
<pin_list>
<pin id="138" dir="0" index="0" bw="32" slack="1"/>
<pin id="139" dir="1" index="1" bw="32" slack="1"/>
</pin_list>
<bind>
<opset="error sub3 add5 op "/>
</bind>
</comp>

<comp id="147" class="1005" name="reg_147">
<pin_list>
<pin id="148" dir="0" index="0" bw="32" slack="1"/>
<pin id="149" dir="1" index="1" bw="32" slack="1"/>
</pin_list>
<bind>
<opset="p d "/>
</bind>
</comp>

<comp id="153" class="1004" name="error_prev_load_load_fu_153">
<pin_list>
<pin id="154" dir="0" index="0" bw="32" slack="0"/>
<pin id="155" dir="1" index="1" bw="32" slack="0"/>
</pin_list>
<bind>
<opcode="load(27) " fcode="load"/>
<opset="error_prev_load/7 "/>
</bind>
</comp>

<comp id="158" class="1004" name="store_ln29_store_fu_158">
<pin_list>
<pin id="159" dir="0" index="0" bw="32" slack="1"/>
<pin id="160" dir="0" index="1" bw="32" slack="0"/>
<pin id="161" dir="1" index="2" bw="0" slack="2147483647"/>
</pin_list>
<bind>
<opcode="store(28) " fcode="store"/>
<opset="store_ln29/7 "/>
</bind>
</comp>

<comp id="164" class="1004" name="i_prev_load_load_fu_164">
<pin_list>
<pin id="165" dir="0" index="0" bw="32" slack="0"/>
<pin id="166" dir="1" index="1" bw="32" slack="0"/>
</pin_list>
<bind>
<opcode="load(27) " fcode="load"/>
<opset="i_prev_load/22 "/>
</bind>
</comp>

<comp id="169" class="1004" name="bitcast_ln30_fu_169">
<pin_list>
<pin id="170" dir="0" index="0" bw="32" slack="3"/>
<pin id="171" dir="1" index="1" bw="32" slack="0"/>
</pin_list>
<bind>
<opcode="bitcast(44) " fcode="bitcast"/>
<opset="bitcast_ln30/39 "/>
</bind>
</comp>

<comp id="173" class="1004" name="tmp_fu_173">
<pin_list>
<pin id="174" dir="0" index="0" bw="8" slack="0"/>
<pin id="175" dir="0" index="1" bw="32" slack="0"/>
<pin id="176" dir="0" index="2" bw="6" slack="0"/>
<pin id="177" dir="0" index="3" bw="6" slack="0"/>
<pin id="178" dir="1" index="4" bw="8" slack="0"/>
</pin_list>
<bind>
<opcode="partselect(1002) " fcode="partselect"/>
<opset="tmp/39 "/>
</bind>
</comp>

<comp id="183" class="1004" name="trunc_ln30_fu_183">
<pin_list>
<pin id="184" dir="0" index="0" bw="32" slack="0"/>
<pin id="185" dir="1" index="1" bw="23" slack="0"/>
</pin_list>
<bind>
<opcode="trunc(33) " fcode="trunc"/>
<opset="trunc_ln30/39 "/>
</bind>
</comp>

<comp id="187" class="1004" name="bitcast_ln30_1_fu_187">
<pin_list>
<pin id="188" dir="0" index="0" bw="32" slack="38"/>
<pin id="189" dir="1" index="1" bw="32" slack="0"/>
</pin_list>
<bind>
<opcode="bitcast(44) " fcode="bitcast"/>
<opset="bitcast_ln30_1/39 "/>
</bind>
</comp>

<comp id="190" class="1004" name="tmp_1_fu_190">
<pin_list>
<pin id="191" dir="0" index="0" bw="8" slack="0"/>
<pin id="192" dir="0" index="1" bw="32" slack="0"/>
<pin id="193" dir="0" index="2" bw="6" slack="0"/>
<pin id="194" dir="0" index="3" bw="6" slack="0"/>
<pin id="195" dir="1" index="4" bw="8" slack="0"/>
</pin_list>
<bind>
<opcode="partselect(1002) " fcode="partselect"/>
<opset="tmp_1/39 "/>
</bind>
</comp>

<comp id="200" class="1004" name="trunc_ln30_1_fu_200">
<pin_list>
<pin id="201" dir="0" index="0" bw="32" slack="0"/>
<pin id="202" dir="1" index="1" bw="23" slack="0"/>
</pin_list>
<bind>
<opcode="trunc(33) " fcode="trunc"/>
<opset="trunc_ln30_1/39 "/>
</bind>
</comp>

<comp id="204" class="1004" name="icmp_ln30_fu_204">
<pin_list>
<pin id="205" dir="0" index="0" bw="8" slack="0"/>
<pin id="206" dir="0" index="1" bw="8" slack="0"/>
<pin id="207" dir="1" index="2" bw="1" slack="0"/>
</pin_list>
<bind>
<opcode="icmp(45) " fcode="icmp"/>
<opset="icmp_ln30/39 "/>
</bind>
</comp>

<comp id="210" class="1004" name="icmp_ln30_1_fu_210">
<pin_list>
<pin id="211" dir="0" index="0" bw="23" slack="0"/>
<pin id="212" dir="0" index="1" bw="23" slack="0"/>
<pin id="213" dir="1" index="2" bw="1" slack="0"/>
</pin_list>
<bind>
<opcode="icmp(45) " fcode="icmp"/>
<opset="icmp_ln30_1/39 "/>
</bind>
</comp>

<comp id="216" class="1004" name="or_ln30_fu_216">
<pin_list>
<pin id="217" dir="0" index="0" bw="1" slack="0"/>
<pin id="218" dir="0" index="1" bw="1" slack="0"/>
<pin id="219" dir="1" index="2" bw="1" slack="0"/>
</pin_list>
<bind>
<opcode="or(24) " fcode="or"/>
<opset="or_ln30/39 "/>
</bind>
</comp>

<comp id="222" class="1004" name="icmp_ln30_2_fu_222">
<pin_list>
<pin id="223" dir="0" index="0" bw="8" slack="0"/>
<pin id="224" dir="0" index="1" bw="8" slack="0"/>
<pin id="225" dir="1" index="2" bw="1" slack="0"/>
</pin_list>
<bind>
<opcode="icmp(45) " fcode="icmp"/>
<opset="icmp_ln30_2/39 "/>
</bind>
</comp>

<comp id="228" class="1004" name="icmp_ln30_3_fu_228">
<pin_list>
<pin id="229" dir="0" index="0" bw="23" slack="0"/>
<pin id="230" dir="0" index="1" bw="23" slack="0"/>
<pin id="231" dir="1" index="2" bw="1" slack="0"/>
</pin_list>
<bind>
<opcode="icmp(45) " fcode="icmp"/>
<opset="icmp_ln30_3/39 "/>
</bind>
</comp>

<comp id="234" class="1004" name="or_ln30_1_fu_234">
<pin_list>
<pin id="235" dir="0" index="0" bw="1" slack="0"/>
<pin id="236" dir="0" index="1" bw="1" slack="0"/>
<pin id="237" dir="1" index="2" bw="1" slack="0"/>
</pin_list>
<bind>
<opcode="or(24) " fcode="or"/>
<opset="or_ln30_1/39 "/>
</bind>
</comp>

<comp id="240" class="1004" name="and_ln30_fu_240">
<pin_list>
<pin id="241" dir="0" index="0" bw="1" slack="0"/>
<pin id="242" dir="0" index="1" bw="1" slack="0"/>
<pin id="243" dir="1" index="2" bw="1" slack="0"/>
</pin_list>
<bind>
<opcode="and(23) " fcode="and"/>
<opset="and_ln30/39 "/>
</bind>
</comp>

<comp id="246" class="1004" name="and_ln30_1_fu_246">
<pin_list>
<pin id="247" dir="0" index="0" bw="1" slack="0"/>
<pin id="248" dir="0" index="1" bw="1" slack="1"/>
<pin id="249" dir="1" index="2" bw="1" slack="2147483647"/>
</pin_list>
<bind>
<opcode="and(23) " fcode="and"/>
<opset="and_ln30_1/39 "/>
</bind>
</comp>

<comp id="251" class="1004" name="store_ln34_store_fu_251">
<pin_list>
<pin id="252" dir="0" index="0" bw="32" slack="13"/>
<pin id="253" dir="0" index="1" bw="32" slack="0"/>
<pin id="254" dir="1" index="2" bw="0" slack="2147483647"/>
</pin_list>
<bind>
<opcode="store(28) " fcode="store"/>
<opset="store_ln34/39 "/>
</bind>
</comp>

<comp id="256" class="1005" name="pmax_read_reg_256">
<pin_list>
<pin id="257" dir="0" index="0" bw="32" slack="36"/>
<pin id="258" dir="1" index="1" bw="32" slack="36"/>
</pin_list>
<bind>
<opset="pmax_read "/>
</bind>
</comp>

<comp id="263" class="1005" name="ts_read_reg_263">
<pin_list>
<pin id="264" dir="0" index="0" bw="32" slack="6"/>
<pin id="265" dir="1" index="1" bw="32" slack="6"/>
</pin_list>
<bind>
<opset="ts_read "/>
</bind>
</comp>

<comp id="269" class="1005" name="sample_read_reg_269">
<pin_list>
<pin id="270" dir="0" index="0" bw="32" slack="1"/>
<pin id="271" dir="1" index="1" bw="32" slack="1"/>
</pin_list>
<bind>
<opset="sample_read "/>
</bind>
</comp>

<comp id="274" class="1005" name="KD_read_reg_274">
<pin_list>
<pin id="275" dir="0" index="0" bw="32" slack="27"/>
<pin id="276" dir="1" index="1" bw="32" slack="27"/>
</pin_list>
<bind>
<opset="KD_read "/>
</bind>
</comp>

<comp id="279" class="1005" name="KI_read_reg_279">
<pin_list>
<pin id="280" dir="0" index="0" bw="32" slack="10"/>
<pin id="281" dir="1" index="1" bw="32" slack="10"/>
</pin_list>
<bind>
<opset="KI_read "/>
</bind>
</comp>

<comp id="284" class="1005" name="KP_read_reg_284">
<pin_list>
<pin id="285" dir="0" index="0" bw="32" slack="6"/>
<pin id="286" dir="1" index="1" bw="32" slack="6"/>
</pin_list>
<bind>
<opset="KP_read "/>
</bind>
</comp>

<comp id="289" class="1005" name="set_point_read_reg_289">
<pin_list>
<pin id="290" dir="0" index="0" bw="32" slack="1"/>
<pin id="291" dir="1" index="1" bw="32" slack="1"/>
</pin_list>
<bind>
<opset="set_point_read "/>
</bind>
</comp>

<comp id="294" class="1005" name="error_prev_load_reg_294">
<pin_list>
<pin id="295" dir="0" index="0" bw="32" slack="1"/>
<pin id="296" dir="1" index="1" bw="32" slack="1"/>
</pin_list>
<bind>
<opset="error_prev_load "/>
</bind>
</comp>

<comp id="299" class="1005" name="mul1_reg_299">
<pin_list>
<pin id="300" dir="0" index="0" bw="32" slack="1"/>
<pin id="301" dir="1" index="1" bw="32" slack="1"/>
</pin_list>
<bind>
<opset="mul1 "/>
</bind>
</comp>

<comp id="304" class="1005" name="mul2_reg_304">
<pin_list>
<pin id="305" dir="0" index="0" bw="32" slack="8"/>
<pin id="306" dir="1" index="1" bw="32" slack="8"/>
</pin_list>
<bind>
<opset="mul2 "/>
</bind>
</comp>

<comp id="312" class="1005" name="i_reg_312">
<pin_list>
<pin id="313" dir="0" index="0" bw="32" slack="1"/>
<pin id="314" dir="1" index="1" bw="32" slack="1"/>
</pin_list>
<bind>
<opset="i "/>
</bind>
</comp>

<comp id="318" class="1005" name="div_reg_318">
<pin_list>
<pin id="319" dir="0" index="0" bw="32" slack="1"/>
<pin id="320" dir="1" index="1" bw="32" slack="1"/>
</pin_list>
<bind>
<opset="div "/>
</bind>
</comp>

<comp id="323" class="1005" name="tmp_2_reg_323">
<pin_list>
<pin id="324" dir="0" index="0" bw="1" slack="1"/>
<pin id="325" dir="1" index="1" bw="1" slack="1"/>
</pin_list>
<bind>
<opset="tmp_2 "/>
</bind>
</comp>

</comp_list>

<net_list>
<net id="70"><net_src comp="18" pin="0"/><net_sink comp="66" pin=0"/></net>

<net id="71"><net_src comp="12" pin="0"/><net_sink comp="66" pin=1"/></net>

<net id="76"><net_src comp="18" pin="0"/><net_sink comp="72" pin=0"/></net>

<net id="77"><net_src comp="10" pin="0"/><net_sink comp="72" pin=1"/></net>

<net id="82"><net_src comp="18" pin="0"/><net_sink comp="78" pin=0"/></net>

<net id="83"><net_src comp="8" pin="0"/><net_sink comp="78" pin=1"/></net>

<net id="88"><net_src comp="18" pin="0"/><net_sink comp="84" pin=0"/></net>

<net id="89"><net_src comp="6" pin="0"/><net_sink comp="84" pin=1"/></net>

<net id="94"><net_src comp="18" pin="0"/><net_sink comp="90" pin=0"/></net>

<net id="95"><net_src comp="4" pin="0"/><net_sink comp="90" pin=1"/></net>

<net id="100"><net_src comp="18" pin="0"/><net_sink comp="96" pin=0"/></net>

<net id="101"><net_src comp="2" pin="0"/><net_sink comp="96" pin=1"/></net>

<net id="106"><net_src comp="18" pin="0"/><net_sink comp="102" pin=0"/></net>

<net id="107"><net_src comp="0" pin="0"/><net_sink comp="102" pin=1"/></net>

<net id="140"><net_src comp="117" pin="2"/><net_sink comp="137" pin=0"/></net>

<net id="141"><net_src comp="137" pin="1"/><net_sink comp="121" pin=0"/></net>

<net id="142"><net_src comp="137" pin="1"/><net_sink comp="125" pin=0"/></net>

<net id="143"><net_src comp="137" pin="1"/><net_sink comp="117" pin=0"/></net>

<net id="144"><net_src comp="137" pin="1"/><net_sink comp="129" pin=0"/></net>

<net id="145"><net_src comp="137" pin="1"/><net_sink comp="133" pin=0"/></net>

<net id="146"><net_src comp="137" pin="1"/><net_sink comp="111" pin=0"/></net>

<net id="150"><net_src comp="121" pin="2"/><net_sink comp="147" pin=0"/></net>

<net id="151"><net_src comp="147" pin="1"/><net_sink comp="117" pin=0"/></net>

<net id="152"><net_src comp="147" pin="1"/><net_sink comp="117" pin=1"/></net>

<net id="156"><net_src comp="16" pin="0"/><net_sink comp="153" pin=0"/></net>

<net id="157"><net_src comp="153" pin="1"/><net_sink comp="117" pin=1"/></net>

<net id="162"><net_src comp="137" pin="1"/><net_sink comp="158" pin=0"/></net>

<net id="163"><net_src comp="16" pin="0"/><net_sink comp="158" pin=1"/></net>

<net id="167"><net_src comp="14" pin="0"/><net_sink comp="164" pin=0"/></net>

<net id="168"><net_src comp="164" pin="1"/><net_sink comp="117" pin=0"/></net>

<net id="172"><net_src comp="137" pin="1"/><net_sink comp="169" pin=0"/></net>

<net id="179"><net_src comp="56" pin="0"/><net_sink comp="173" pin=0"/></net>

<net id="180"><net_src comp="169" pin="1"/><net_sink comp="173" pin=1"/></net>

<net id="181"><net_src comp="58" pin="0"/><net_sink comp="173" pin=2"/></net>

<net id="182"><net_src comp="60" pin="0"/><net_sink comp="173" pin=3"/></net>

<net id="186"><net_src comp="169" pin="1"/><net_sink comp="183" pin=0"/></net>

<net id="196"><net_src comp="56" pin="0"/><net_sink comp="190" pin=0"/></net>

<net id="197"><net_src comp="187" pin="1"/><net_sink comp="190" pin=1"/></net>

<net id="198"><net_src comp="58" pin="0"/><net_sink comp="190" pin=2"/></net>

<net id="199"><net_src comp="60" pin="0"/><net_sink comp="190" pin=3"/></net>

<net id="203"><net_src comp="187" pin="1"/><net_sink comp="200" pin=0"/></net>

<net id="208"><net_src comp="173" pin="4"/><net_sink comp="204" pin=0"/></net>

<net id="209"><net_src comp="62" pin="0"/><net_sink comp="204" pin=1"/></net>

<net id="214"><net_src comp="183" pin="1"/><net_sink comp="210" pin=0"/></net>

<net id="215"><net_src comp="64" pin="0"/><net_sink comp="210" pin=1"/></net>

<net id="220"><net_src comp="210" pin="2"/><net_sink comp="216" pin=0"/></net>

<net id="221"><net_src comp="204" pin="2"/><net_sink comp="216" pin=1"/></net>

<net id="226"><net_src comp="190" pin="4"/><net_sink comp="222" pin=0"/></net>

<net id="227"><net_src comp="62" pin="0"/><net_sink comp="222" pin=1"/></net>

<net id="232"><net_src comp="200" pin="1"/><net_sink comp="228" pin=0"/></net>

<net id="233"><net_src comp="64" pin="0"/><net_sink comp="228" pin=1"/></net>

<net id="238"><net_src comp="228" pin="2"/><net_sink comp="234" pin=0"/></net>

<net id="239"><net_src comp="222" pin="2"/><net_sink comp="234" pin=1"/></net>

<net id="244"><net_src comp="216" pin="2"/><net_sink comp="240" pin=0"/></net>

<net id="245"><net_src comp="234" pin="2"/><net_sink comp="240" pin=1"/></net>

<net id="250"><net_src comp="240" pin="2"/><net_sink comp="246" pin=0"/></net>

<net id="255"><net_src comp="14" pin="0"/><net_sink comp="251" pin=1"/></net>

<net id="259"><net_src comp="66" pin="2"/><net_sink comp="256" pin=0"/></net>

<net id="260"><net_src comp="256" pin="1"/><net_sink comp="133" pin=1"/></net>

<net id="261"><net_src comp="256" pin="1"/><net_sink comp="187" pin=0"/></net>

<net id="262"><net_src comp="256" pin="1"/><net_sink comp="111" pin=2"/></net>

<net id="266"><net_src comp="72" pin="2"/><net_sink comp="263" pin=0"/></net>

<net id="267"><net_src comp="263" pin="1"/><net_sink comp="125" pin=1"/></net>

<net id="268"><net_src comp="263" pin="1"/><net_sink comp="129" pin=1"/></net>

<net id="272"><net_src comp="78" pin="2"/><net_sink comp="269" pin=0"/></net>

<net id="273"><net_src comp="269" pin="1"/><net_sink comp="117" pin=1"/></net>

<net id="277"><net_src comp="84" pin="2"/><net_sink comp="274" pin=0"/></net>

<net id="278"><net_src comp="274" pin="1"/><net_sink comp="121" pin=1"/></net>

<net id="282"><net_src comp="90" pin="2"/><net_sink comp="279" pin=0"/></net>

<net id="283"><net_src comp="279" pin="1"/><net_sink comp="121" pin=1"/></net>

<net id="287"><net_src comp="96" pin="2"/><net_sink comp="284" pin=0"/></net>

<net id="288"><net_src comp="284" pin="1"/><net_sink comp="121" pin=1"/></net>

<net id="292"><net_src comp="102" pin="2"/><net_sink comp="289" pin=0"/></net>

<net id="293"><net_src comp="289" pin="1"/><net_sink comp="117" pin=0"/></net>

<net id="297"><net_src comp="153" pin="1"/><net_sink comp="294" pin=0"/></net>

<net id="298"><net_src comp="294" pin="1"/><net_sink comp="117" pin=1"/></net>

<net id="302"><net_src comp="125" pin="2"/><net_sink comp="299" pin=0"/></net>

<net id="303"><net_src comp="299" pin="1"/><net_sink comp="121" pin=0"/></net>

<net id="307"><net_src comp="121" pin="2"/><net_sink comp="304" pin=0"/></net>

<net id="308"><net_src comp="304" pin="1"/><net_sink comp="117" pin=1"/></net>

<net id="315"><net_src comp="117" pin="2"/><net_sink comp="312" pin=0"/></net>

<net id="316"><net_src comp="312" pin="1"/><net_sink comp="117" pin=1"/></net>

<net id="317"><net_src comp="312" pin="1"/><net_sink comp="251" pin=0"/></net>

<net id="321"><net_src comp="129" pin="2"/><net_sink comp="318" pin=0"/></net>

<net id="322"><net_src comp="318" pin="1"/><net_sink comp="121" pin=0"/></net>

<net id="326"><net_src comp="133" pin="2"/><net_sink comp="323" pin=0"/></net>

<net id="327"><net_src comp="323" pin="1"/><net_sink comp="246" pin=1"/></net>

</net_list>

</model> 
---------------- Datapath Model END ------------------

* FSMD analyzer results:
  - Output states:
	Port: i_prev | {39 }
	Port: error_prev | {7 }
 - Input state : 
	Port: PID : set_point | {1 }
	Port: PID : KP | {1 }
	Port: PID : KI | {1 }
	Port: PID : KD | {1 }
	Port: PID : sample | {1 }
	Port: PID : ts | {1 }
	Port: PID : pmax | {1 }
	Port: PID : i_prev | {22 }
	Port: PID : error_prev | {7 }
  - Chain level:
	State 1
	State 2
	State 3
	State 4
	State 5
	State 6
	State 7
		sub3 : 1
	State 8
	State 9
	State 10
	State 11
	State 12
	State 13
	State 14
	State 15
	State 16
	State 17
	State 18
	State 19
	State 20
	State 21
	State 22
		i : 1
	State 23
	State 24
	State 25
	State 26
	State 27
	State 28
	State 29
	State 30
	State 31
	State 32
	State 33
	State 34
	State 35
	State 36
	State 37
	State 38
	State 39
		tmp : 1
		trunc_ln30 : 1
		tmp_1 : 1
		trunc_ln30_1 : 1
		icmp_ln30 : 2
		icmp_ln30_1 : 2
		or_ln30 : 3
		icmp_ln30_2 : 2
		icmp_ln30_3 : 2
		or_ln30_1 : 3
		and_ln30 : 3
		and_ln30_1 : 3
		br_ln30 : 3
		op_1 : 4
		ret_ln38 : 5


============================================================
+ Verbose Summary: Datapath Resource usage 
============================================================

* Functional unit list:
|----------|----------------------------|---------|---------|---------|
| Operation|       Functional Unit      |   DSP   |    FF   |   LUT   |
|----------|----------------------------|---------|---------|---------|
|   fmul   |         grp_fu_121         |    3    |   143   |   321   |
|          |         grp_fu_125         |    3    |   143   |   321   |
|----------|----------------------------|---------|---------|---------|
|   fadd   |         grp_fu_117         |    2    |   205   |   390   |
|----------|----------------------------|---------|---------|---------|
|          |      icmp_ln30_fu_204      |    0    |    0    |    11   |
|   icmp   |     icmp_ln30_1_fu_210     |    0    |    0    |    15   |
|          |     icmp_ln30_2_fu_222     |    0    |    0    |    11   |
|          |     icmp_ln30_3_fu_228     |    0    |    0    |    15   |
|----------|----------------------------|---------|---------|---------|
|    or    |       or_ln30_fu_216       |    0    |    0    |    2    |
|          |      or_ln30_1_fu_234      |    0    |    0    |    2    |
|----------|----------------------------|---------|---------|---------|
|    and   |       and_ln30_fu_240      |    0    |    0    |    2    |
|          |      and_ln30_1_fu_246     |    0    |    0    |    2    |
|----------|----------------------------|---------|---------|---------|
|          |    pmax_read_read_fu_66    |    0    |    0    |    0    |
|          |     ts_read_read_fu_72     |    0    |    0    |    0    |
|          |   sample_read_read_fu_78   |    0    |    0    |    0    |
|   read   |     KD_read_read_fu_84     |    0    |    0    |    0    |
|          |     KI_read_read_fu_90     |    0    |    0    |    0    |
|          |     KP_read_read_fu_96     |    0    |    0    |    0    |
|          | set_point_read_read_fu_102 |    0    |    0    |    0    |
|----------|----------------------------|---------|---------|---------|
|   fdiv   |         grp_fu_129         |    0    |    0    |    0    |
|----------|----------------------------|---------|---------|---------|
|   fcmp   |         grp_fu_133         |    0    |    0    |    0    |
|----------|----------------------------|---------|---------|---------|
|partselect|         tmp_fu_173         |    0    |    0    |    0    |
|          |        tmp_1_fu_190        |    0    |    0    |    0    |
|----------|----------------------------|---------|---------|---------|
|   trunc  |      trunc_ln30_fu_183     |    0    |    0    |    0    |
|          |     trunc_ln30_1_fu_200    |    0    |    0    |    0    |
|----------|----------------------------|---------|---------|---------|
|   Total  |                            |    8    |   491   |   1092  |
|----------|----------------------------|---------|---------|---------|

Memories:
N/A

* Register list:
+-----------------------+--------+
|                       |   FF   |
+-----------------------+--------+
|    KD_read_reg_274    |   32   |
|    KI_read_reg_279    |   32   |
|    KP_read_reg_284    |   32   |
|      div_reg_318      |   32   |
|error_prev_load_reg_294|   32   |
|       i_reg_312       |   32   |
|      mul1_reg_299     |   32   |
|      mul2_reg_304     |   32   |
|      op_1_reg_108     |   32   |
|   pmax_read_reg_256   |   32   |
|        reg_137        |   32   |
|        reg_147        |   32   |
|  sample_read_reg_269  |   32   |
| set_point_read_reg_289|   32   |
|     tmp_2_reg_323     |    1   |
|    ts_read_reg_263    |   32   |
+-----------------------+--------+
|         Total         |   481  |
+-----------------------+--------+

* Multiplexer (MUX) list: 
|------------|------|------|------|--------||---------||---------|
|    Comp    |  Pin | Size |  BW  | S x BW ||  Delay  ||   LUT   |
|------------|------|------|------|--------||---------||---------|
| grp_fu_117 |  p0  |   4  |  32  |   128  ||    20   |
| grp_fu_117 |  p1  |   6  |  32  |   192  ||    31   |
| grp_fu_121 |  p0  |   3  |  32  |   96   ||    14   |
| grp_fu_121 |  p1  |   3  |  32  |   96   ||    14   |
|------------|------|------|------|--------||---------||---------|
|    Total   |      |      |      |   512  ||  7.3064 ||    79   |
|------------|------|------|------|--------||---------||---------|



* Summary:
+-----------+--------+--------+--------+--------+
|           |   DSP  |  Delay |   FF   |   LUT  |
+-----------+--------+--------+--------+--------+
|  Function |    8   |    -   |   491  |  1092  |
|   Memory  |    -   |    -   |    -   |    -   |
|Multiplexer|    -   |    7   |    -   |   79   |
|  Register |    -   |    -   |   481  |    -   |
+-----------+--------+--------+--------+--------+
|   Total   |    8   |    7   |   972  |  1171  |
+-----------+--------+--------+--------+--------+
